[ 2015-09-26T18:08:14+08:00 ] ::1 /microweb/index.php/Home/Website/index.html
INFO: [ app_init ] --START--
INFO: Run Behavior\BuildLiteBehavior [ RunTime:0.000011s ]
INFO: [ app_init ] --END-- [ RunTime:0.000744s ]
INFO: [ app_begin ] --START--
INFO: Run Behavior\ReadHtmlCacheBehavior [ RunTime:0.000574s ]
INFO: [ app_begin ] --END-- [ RunTime:0.000620s ]

[ 2015-09-26T18:08:14+08:00 ] ::1 /microweb/index.php/Home/Login/login.html
INFO: [ app_init ] --START--
INFO: Run Behavior\BuildLiteBehavior [ RunTime:0.000011s ]
INFO: [ app_init ] --END-- [ RunTime:0.000470s ]
INFO: [ app_begin ] --START--
INFO: Run Behavior\ReadHtmlCacheBehavior [ RunTime:0.000599s ]
INFO: [ app_begin ] --END-- [ RunTime:0.000658s ]
INFO: [ view_parse ] --START--
INFO: [ template_filter ] --START--
INFO: Run Behavior\ContentReplaceBehavior [ RunTime:0.000119s ]
INFO: [ template_filter ] --END-- [ RunTime:0.000192s ]
INFO: Run Behavior\ParseTemplateBehavior [ RunTime:0.007976s ]
INFO: [ view_parse ] --END-- [ RunTime:0.008030s ]
INFO: [ view_filter ] --START--
INFO: Run Behavior\WriteHtmlCacheBehavior [ RunTime:0.000417s ]
INFO: [ view_filter ] --END-- [ RunTime:0.000453s ]
INFO: [ app_end ] --START--
INFO: Run Behavior\ShowPageTraceBehavior [ RunTime:0.000488s ]
INFO: [ app_end ] --END-- [ RunTime:0.000526s ]

[ 2015-09-26T18:08:14+08:00 ] ::1 /microweb/index.php/Home/Login/verify
INFO: [ app_init ] --START--
INFO: Run Behavior\BuildLiteBehavior [ RunTime:0.000014s ]
INFO: [ app_init ] --END-- [ RunTime:0.000545s ]
INFO: [ app_begin ] --START--
INFO: Run Behavior\ReadHtmlCacheBehavior [ RunTime:0.000652s ]
INFO: [ app_begin ] --END-- [ RunTime:0.000719s ]
INFO: [ app_end ] --START--
INFO: Run Behavior\ShowPageTraceBehavior [ RunTime:0.000639s ]
INFO: [ app_end ] --END-- [ RunTime:0.000702s ]

[ 2015-09-26T18:08:42+08:00 ] ::1 /microweb/index.php/Home/Login/login
INFO: [ app_init ] --START--
INFO: Run Behavior\BuildLiteBehavior [ RunTime:0.000010s ]
INFO: [ app_init ] --END-- [ RunTime:0.000460s ]
INFO: [ app_begin ] --START--
INFO: Run Behavior\ReadHtmlCacheBehavior [ RunTime:0.000586s ]
INFO: [ app_begin ] --END-- [ RunTime:0.000631s ]
NOTIC: [8] Undefined index: kk E:\www\microweb\Application\Home\Controller\LoginController.class.php 第 15 行.
NOTIC: [8] Use of undefined constant regex - assumed 'regex' E:\www\microweb\ThinkPHP\Common\functions.php 第 588 行.
SQL: SHOW COLUMNS FROM `user_info` [ RunTime:0.0060s ]
SQL: SHOW COLUMNS FROM `user_info` [ RunTime:0.0036s ]
SQL: SELECT * FROM `user_info` WHERE `account` = '123456789' LIMIT 1   [ RunTime:0.0007s ]
SQL: SHOW COLUMNS FROM `site_info` [ RunTime:0.0038s ]
SQL: SELECT `id` FROM `site_info` WHERE `user_id` = 2 AND `status` = 0  [ RunTime:0.0006s ]

[ 2015-09-26T18:08:42+08:00 ] ::1 /microweb/index.php/Home/Login/verify?0.4854905232787132
INFO: [ app_init ] --START--
INFO: Run Behavior\BuildLiteBehavior [ RunTime:0.000012s ]
INFO: [ app_init ] --END-- [ RunTime:0.000402s ]
INFO: [ app_begin ] --START--
INFO: Run Behavior\ReadHtmlCacheBehavior [ RunTime:0.001171s ]
INFO: [ app_begin ] --END-- [ RunTime:0.001267s ]
INFO: [ app_end ] --START--
INFO: Run Behavior\ShowPageTraceBehavior [ RunTime:0.000521s ]
INFO: [ app_end ] --END-- [ RunTime:0.000579s ]

[ 2015-09-26T18:09:01+08:00 ] ::1 /microweb/index.php/Home/Login/login
INFO: [ app_init ] --START--
INFO: Run Behavior\BuildLiteBehavior [ RunTime:0.000012s ]
INFO: [ app_init ] --END-- [ RunTime:0.000410s ]
INFO: [ app_begin ] --START--
INFO: Run Behavior\ReadHtmlCacheBehavior [ RunTime:0.000564s ]
INFO: [ app_begin ] --END-- [ RunTime:0.000602s ]
NOTIC: [8] Undefined index: kk E:\www\microweb\Application\Home\Controller\LoginController.class.php 第 15 行.
NOTIC: [8] Use of undefined constant regex - assumed 'regex' E:\www\microweb\ThinkPHP\Common\functions.php 第 588 行.
SQL: SHOW COLUMNS FROM `user_info` [ RunTime:0.0036s ]
SQL: SHOW COLUMNS FROM `user_info` [ RunTime:0.0040s ]
SQL: SELECT * FROM `user_info` WHERE `account` = '123456789' LIMIT 1   [ RunTime:0.0004s ]
SQL: SHOW COLUMNS FROM `site_info` [ RunTime:0.0035s ]
SQL: SELECT `id` FROM `site_info` WHERE `user_id` = 2 AND `status` = 0  [ RunTime:0.0006s ]

[ 2015-09-26T18:09:01+08:00 ] ::1 /microweb/index.php/Home/Login/verify?0.4854905232787132?0.613457118626684
INFO: [ app_init ] --START--
INFO: Run Behavior\BuildLiteBehavior [ RunTime:0.000032s ]
INFO: [ app_init ] --END-- [ RunTime:0.000642s ]
INFO: [ app_begin ] --START--
INFO: Run Behavior\ReadHtmlCacheBehavior [ RunTime:0.000667s ]
INFO: [ app_begin ] --END-- [ RunTime:0.000767s ]
INFO: [ app_end ] --START--
INFO: Run Behavior\ShowPageTraceBehavior [ RunTime:0.000756s ]
INFO: [ app_end ] --END-- [ RunTime:0.000855s ]

[ 2015-09-26T18:10:18+08:00 ] ::1 /microweb/index.php/Home/Login/login
INFO: [ app_init ] --START--
INFO: Run Behavior\BuildLiteBehavior [ RunTime:0.000015s ]
INFO: [ app_init ] --END-- [ RunTime:0.001350s ]
INFO: [ app_begin ] --START--
INFO: Run Behavior\ReadHtmlCacheBehavior [ RunTime:0.000727s ]
INFO: [ app_begin ] --END-- [ RunTime:0.000789s ]
NOTIC: [8] Undefined index: kk E:\www\microweb\Application\Home\Controller\LoginController.class.php 第 15 行.

[ 2015-09-26T18:10:18+08:00 ] ::1 /microweb/index.php/Home/Login/verify?0.4854905232787132?0.613457118626684?0.6207830288913101
INFO: [ app_init ] --START--
INFO: Run Behavior\BuildLiteBehavior [ RunTime:0.000012s ]
INFO: [ app_init ] --END-- [ RunTime:0.000409s ]
INFO: [ app_begin ] --START--
INFO: Run Behavior\ReadHtmlCacheBehavior [ RunTime:0.000895s ]
INFO: [ app_begin ] --END-- [ RunTime:0.000972s ]
INFO: [ app_end ] --START--
INFO: Run Behavior\ShowPageTraceBehavior [ RunTime:0.000694s ]
INFO: [ app_end ] --END-- [ RunTime:0.000760s ]

[ 2015-09-26T18:11:38+08:00 ] ::1 /microweb/index.php/Home/Login/login
INFO: [ app_init ] --START--
INFO: Run Behavior\BuildLiteBehavior [ RunTime:0.000011s ]
INFO: [ app_init ] --END-- [ RunTime:0.000420s ]
INFO: [ app_begin ] --START--
INFO: Run Behavior\ReadHtmlCacheBehavior [ RunTime:0.000657s ]
INFO: [ app_begin ] --END-- [ RunTime:0.000703s ]
NOTIC: [8] Undefined index: kk E:\www\microweb\Application\Home\Controller\LoginController.class.php 第 15 行.
NOTIC: [8] Use of undefined constant regex - assumed 'regex' E:\www\microweb\ThinkPHP\Common\functions.php 第 588 行.
SQL: SHOW COLUMNS FROM `user_info` [ RunTime:0.0043s ]
SQL: SHOW COLUMNS FROM `user_info` [ RunTime:0.0037s ]
SQL: SELECT * FROM `user_info` WHERE `account` = '123456789' LIMIT 1   [ RunTime:0.0003s ]
SQL: SHOW COLUMNS FROM `site_info` [ RunTime:0.0033s ]
SQL: SELECT `id` FROM `site_info` WHERE `user_id` = 2 AND `status` = 0  [ RunTime:0.0004s ]

[ 2015-09-26T18:11:38+08:00 ] ::1 /microweb/index.php/Home/Website/index.html
INFO: [ app_init ] --START--
INFO: Run Behavior\BuildLiteBehavior [ RunTime:0.000012s ]
INFO: [ app_init ] --END-- [ RunTime:0.000432s ]
INFO: [ app_begin ] --START--
INFO: Run Behavior\ReadHtmlCacheBehavior [ RunTime:0.000508s ]
INFO: [ app_begin ] --END-- [ RunTime:0.000556s ]
SQL: SHOW COLUMNS FROM `site_info` [ RunTime:0.0034s ]
SQL: SELECT * FROM `site_info` WHERE `user_id` = 2 AND `status` = 0  [ RunTime:0.0007s ]
INFO: [ view_parse ] --START--
INFO: [ template_filter ] --START--
INFO: Run Behavior\ContentReplaceBehavior [ RunTime:0.000150s ]
INFO: [ template_filter ] --END-- [ RunTime:0.000196s ]
INFO: Run Behavior\ParseTemplateBehavior [ RunTime:0.010764s ]
INFO: [ view_parse ] --END-- [ RunTime:0.010826s ]
INFO: [ view_filter ] --START--
INFO: Run Behavior\WriteHtmlCacheBehavior [ RunTime:0.000361s ]
INFO: [ view_filter ] --END-- [ RunTime:0.000389s ]
INFO: [ app_end ] --START--
INFO: Run Behavior\ShowPageTraceBehavior [ RunTime:0.000530s ]
INFO: [ app_end ] --END-- [ RunTime:0.000597s ]

