[ 2015-12-19T13:27:19+08:00 ] ::1 /microweb/index.php/home
INFO: [ app_init ] --START--
INFO: Run Behavior\BuildLiteBehavior [ RunTime:0.000031s ]
INFO: [ app_init ] --END-- [ RunTime:0.000564s ]
INFO: [ app_begin ] --START--
INFO: Run Behavior\ReadHtmlCacheBehavior [ RunTime:0.000807s ]
INFO: [ app_begin ] --END-- [ RunTime:0.000952s ]
INFO: [ view_parse ] --START--
INFO: [ template_filter ] --START--
INFO: Run Behavior\ContentReplaceBehavior [ RunTime:0.000125s ]
INFO: [ template_filter ] --END-- [ RunTime:0.000262s ]
INFO: Run Behavior\ParseTemplateBehavior [ RunTime:0.009014s ]
INFO: [ view_parse ] --END-- [ RunTime:0.009123s ]
INFO: [ view_filter ] --START--
INFO: Run Behavior\WriteHtmlCacheBehavior [ RunTime:0.000566s ]
INFO: [ view_filter ] --END-- [ RunTime:0.000676s ]
INFO: [ app_end ] --START--
INFO: Run Behavior\ShowPageTraceBehavior [ RunTime:0.000788s ]
INFO: [ app_end ] --END-- [ RunTime:0.000901s ]

[ 2015-12-19T13:27:20+08:00 ] ::1 /microweb/index.php/Home/Login/login.html
INFO: [ app_init ] --START--
INFO: Run Behavior\BuildLiteBehavior [ RunTime:0.000032s ]
INFO: [ app_init ] --END-- [ RunTime:0.000656s ]
INFO: [ app_begin ] --START--
INFO: Run Behavior\ReadHtmlCacheBehavior [ RunTime:0.000891s ]
INFO: [ app_begin ] --END-- [ RunTime:0.001029s ]
INFO: [ view_parse ] --START--
INFO: [ template_filter ] --START--
INFO: Run Behavior\ContentReplaceBehavior [ RunTime:0.000102s ]
INFO: [ template_filter ] --END-- [ RunTime:0.000222s ]
INFO: Run Behavior\ParseTemplateBehavior [ RunTime:0.007955s ]
INFO: [ view_parse ] --END-- [ RunTime:0.008144s ]
INFO: [ view_filter ] --START--
INFO: Run Behavior\WriteHtmlCacheBehavior [ RunTime:0.000555s ]
INFO: [ view_filter ] --END-- [ RunTime:0.000663s ]
INFO: [ app_end ] --START--
INFO: Run Behavior\ShowPageTraceBehavior [ RunTime:0.000765s ]
INFO: [ app_end ] --END-- [ RunTime:0.000871s ]

[ 2015-12-19T13:27:20+08:00 ] ::1 /microweb/index.php/Home/Login/verify
INFO: [ app_init ] --START--
INFO: Run Behavior\BuildLiteBehavior [ RunTime:0.000029s ]
INFO: [ app_init ] --END-- [ RunTime:0.000491s ]
INFO: [ app_begin ] --START--
INFO: Run Behavior\ReadHtmlCacheBehavior [ RunTime:0.001263s ]
INFO: [ app_begin ] --END-- [ RunTime:0.001446s ]
INFO: [ app_end ] --START--
INFO: Run Behavior\ShowPageTraceBehavior [ RunTime:0.000751s ]
INFO: [ app_end ] --END-- [ RunTime:0.000882s ]

[ 2015-12-19T13:27:33+08:00 ] ::1 /microweb/index.php/Home/Login/login
INFO: [ app_init ] --START--
INFO: Run Behavior\BuildLiteBehavior [ RunTime:0.000029s ]
INFO: [ app_init ] --END-- [ RunTime:0.000583s ]
INFO: [ app_begin ] --START--
INFO: Run Behavior\ReadHtmlCacheBehavior [ RunTime:0.000747s ]
INFO: [ app_begin ] --END-- [ RunTime:0.000842s ]
NOTIC: [8] Undefined index: kk D:\wamp\www\microweb\Application\Home\Controller\LoginController.class.php 第 15 行.
NOTIC: [8] Use of undefined constant regex - assumed 'regex' D:\wamp\www\microweb\ThinkPHP\Common\functions.php 第 588 行.
SQL: SHOW COLUMNS FROM `user_info` [ RunTime:0.0033s ]
SQL: SHOW COLUMNS FROM `user_info` [ RunTime:0.0031s ]
SQL: SELECT * FROM `user_info` WHERE `account` = 'a123456781' LIMIT 1   [ RunTime:0.0003s ]
SQL: SHOW COLUMNS FROM `site_info` [ RunTime:0.0029s ]
SQL: SELECT `id` FROM `site_info` WHERE `user_id` = 1 AND `status` = 0  [ RunTime:0.0002s ]

[ 2015-12-19T13:27:33+08:00 ] ::1 /microweb/index.php/Home/Website/index.html
INFO: [ app_init ] --START--
INFO: Run Behavior\BuildLiteBehavior [ RunTime:0.000035s ]
INFO: [ app_init ] --END-- [ RunTime:0.000559s ]
INFO: [ app_begin ] --START--
INFO: Run Behavior\ReadHtmlCacheBehavior [ RunTime:0.000811s ]
INFO: [ app_begin ] --END-- [ RunTime:0.000947s ]
SQL: SHOW COLUMNS FROM `site_info` [ RunTime:0.0032s ]
SQL: SELECT * FROM `site_info` WHERE `user_id` = 1 AND `status` = 0  [ RunTime:0.0003s ]
INFO: [ view_parse ] --START--
INFO: [ template_filter ] --START--
INFO: Run Behavior\ContentReplaceBehavior [ RunTime:0.000215s ]
INFO: [ template_filter ] --END-- [ RunTime:0.000333s ]
INFO: Run Behavior\ParseTemplateBehavior [ RunTime:0.013590s ]
INFO: [ view_parse ] --END-- [ RunTime:0.013718s ]
INFO: [ view_filter ] --START--
INFO: Run Behavior\WriteHtmlCacheBehavior [ RunTime:0.000509s ]
INFO: [ view_filter ] --END-- [ RunTime:0.000612s ]
INFO: [ app_end ] --START--
INFO: Run Behavior\ShowPageTraceBehavior [ RunTime:0.000756s ]
INFO: [ app_end ] --END-- [ RunTime:0.000862s ]

[ 2015-12-19T13:32:51+08:00 ] ::1 /microweb/index.php/Home/Panel/index.html?site_id=63
INFO: [ app_init ] --START--
INFO: Run Behavior\BuildLiteBehavior [ RunTime:0.000035s ]
INFO: [ app_init ] --END-- [ RunTime:0.000619s ]
INFO: [ app_begin ] --START--
INFO: Run Behavior\ReadHtmlCacheBehavior [ RunTime:0.000796s ]
INFO: [ app_begin ] --END-- [ RunTime:0.000926s ]
SQL: SHOW COLUMNS FROM `user_column` [ RunTime:0.0045s ]
SQL: SELECT a.id,a.name,a.forbidden,a.sort,a.url,b.savepath,b.savename FROM user_column a left join picture as b on a.icon = b.id  WHERE a.site_id = '63' ORDER BY sort  [ RunTime:0.0016s ]
SQL: SHOW COLUMNS FROM `site_info` [ RunTime:0.0040s ]
SQL: SELECT `theme` FROM `site_info` WHERE `id` = '63' LIMIT 1   [ RunTime:0.0003s ]
SQL: SHOW COLUMNS FROM `controller` [ RunTime:0.0030s ]
SQL: SELECT `id`,`name`,`intro`,`cname`,`icon` FROM `controller` WHERE `forbidden` = 0 AND `status` = 0 ORDER BY sort  [ RunTime:0.0007s ]
SQL: SHOW COLUMNS FROM `theme` [ RunTime:0.0032s ]
SQL: SELECT a.name,a.id,b.savepath,b.savename FROM theme as a INNER JOIN picture as b on a.pic_id = b.id  WHERE a.status = 0 AND a.name <> ''  [ RunTime:0.0007s ]
SQL: SHOW COLUMNS FROM `background` [ RunTime:0.0034s ]
SQL: SELECT a.name,a.id,b.savepath,b.savename FROM background as a INNER JOIN picture as b on a.pic_id = b.id  WHERE a.status = 0 AND a.forbidden = 0  [ RunTime:0.0005s ]
INFO: [ view_parse ] --START--
INFO: [ template_filter ] --START--
INFO: Run Behavior\ContentReplaceBehavior [ RunTime:0.000223s ]
INFO: [ template_filter ] --END-- [ RunTime:0.000380s ]
NOTIC: [8] Undefined index: addr D:\wamp\www\microweb\Application\Runtime\Cache\Home\56e2fba27fee92fedf36b6d27a2e9082.php 第 156 行.
NOTIC: [8] Undefined index: addr D:\wamp\www\microweb\Application\Runtime\Cache\Home\56e2fba27fee92fedf36b6d27a2e9082.php 第 156 行.
INFO: Run Behavior\ParseTemplateBehavior [ RunTime:0.017807s ]
INFO: [ view_parse ] --END-- [ RunTime:0.017937s ]
INFO: [ view_filter ] --START--
INFO: Run Behavior\WriteHtmlCacheBehavior [ RunTime:0.000553s ]
INFO: [ view_filter ] --END-- [ RunTime:0.000654s ]
INFO: [ app_end ] --START--
INFO: Run Behavior\ShowPageTraceBehavior [ RunTime:0.000732s ]
INFO: [ app_end ] --END-- [ RunTime:0.000848s ]

[ 2015-12-19T13:32:52+08:00 ] ::1 /microweb/index.php/Home/Panel/readHtml/column_id/5
INFO: [ app_init ] --START--
INFO: Run Behavior\BuildLiteBehavior [ RunTime:0.000032s ]
INFO: [ app_init ] --END-- [ RunTime:0.001001s ]
INFO: [ app_begin ] --START--
INFO: Run Behavior\ReadHtmlCacheBehavior [ RunTime:0.001767s ]
INFO: [ app_begin ] --END-- [ RunTime:0.001985s ]
SQL: SHOW COLUMNS FROM `user_column` [ RunTime:0.0046s ]
SQL: SELECT * FROM `user_column` WHERE `id` = '5' AND `site_id` = '63' LIMIT 1   [ RunTime:0.0004s ]
SQL: SHOW COLUMNS FROM `user_column` [ RunTime:0.0029s ]
SQL: SELECT `html` FROM `user_column` WHERE `id` = '5' AND `forbidden` = 0 LIMIT 1   [ RunTime:0.0003s ]
SQL: SHOW COLUMNS FROM `user_info` [ RunTime:0.0031s ]
SQL: SELECT `nickname`,`head_img` FROM `user_info` WHERE `id` = '1' LIMIT 1   [ RunTime:0.0003s ]
SQL: SHOW COLUMNS FROM `user_column` [ RunTime:0.0047s ]
SQL: SELECT `html` FROM `user_column` WHERE `id` = 5 LIMIT 1   [ RunTime:0.0003s ]
NOTIC: [2] json_decode() expects parameter 1 to be string, array given D:\wamp\www\microweb\Application\Home\Controller\PanelController.class.php 第 209 行.
NOTIC: [2] Invalid argument supplied for foreach() D:\wamp\www\microweb\Application\Home\Controller\PanelController.class.php 第 211 行.
INFO: [ view_filter ] --START--
INFO: Run Behavior\WriteHtmlCacheBehavior [ RunTime:0.000608s ]
INFO: [ view_filter ] --END-- [ RunTime:0.000718s ]
SQL: SHOW COLUMNS FROM `site_info` [ RunTime:0.0040s ]
SQL: SELECT `site_name`,`theme`,`back` FROM `site_info` WHERE `status` = 0 AND `id` = '63' LIMIT 1   [ RunTime:0.0004s ]
SQL: SHOW COLUMNS FROM `background` [ RunTime:0.0031s ]
SQL: SELECT a.id,`savepath`,`savename` FROM background as a INNER JOIN picture as b on a.pic_id = b.id  WHERE a.id = '0' AND a.status = 0 LIMIT 1   [ RunTime:0.0004s ]
SQL: SHOW COLUMNS FROM `theme` [ RunTime:0.0041s ]
SQL: SELECT `name` FROM `theme` WHERE `status` = 0 AND `id` = '0' LIMIT 1   [ RunTime:0.0005s ]
SQL: SELECT a.id,a.name,a.sort,a.forbidden,a.url,`savepath`,`savename` FROM user_column a left join picture as b on a.icon = b.id  WHERE a.site_id = '63' AND a.forbidden = 0 ORDER BY sort  [ RunTime:0.0008s ]
INFO: [ view_parse ] --START--
INFO: [ template_filter ] --START--
INFO: Run Behavior\ContentReplaceBehavior [ RunTime:0.000155s ]
INFO: [ template_filter ] --END-- [ RunTime:0.000301s ]
NOTIC: [8] Undefined variable: site_name D:\wamp\www\microweb\Application\Runtime\Cache\Home\674709428c2fc9be01a833685b4f026d.php 第 49 行.
NOTIC: [8] Undefined variable: site_name D:\wamp\www\microweb\Application\Runtime\Cache\Home\674709428c2fc9be01a833685b4f026d.php 第 61 行.
INFO: Run Behavior\ParseTemplateBehavior [ RunTime:0.013636s ]
INFO: [ view_parse ] --END-- [ RunTime:0.013796s ]
INFO: [ view_filter ] --START--
INFO: Run Behavior\WriteHtmlCacheBehavior [ RunTime:0.000051s ]
INFO: [ view_filter ] --END-- [ RunTime:-0.032055s ]
INFO: [ app_end ] --START--
INFO: Run Behavior\ShowPageTraceBehavior [ RunTime:0.000923s ]
INFO: [ app_end ] --END-- [ RunTime:0.001071s ]

[ 2015-12-19T13:33:10+08:00 ] ::1 /microweb/index.php/Home/Panel/index.html?site_id=63
INFO: [ app_init ] --START--
INFO: Run Behavior\BuildLiteBehavior [ RunTime:0.000034s ]
INFO: [ app_init ] --END-- [ RunTime:0.000564s ]
INFO: [ app_begin ] --START--
INFO: Run Behavior\ReadHtmlCacheBehavior [ RunTime:0.000780s ]
INFO: [ app_begin ] --END-- [ RunTime:0.000916s ]
SQL: SHOW COLUMNS FROM `user_column` [ RunTime:0.0069s ]
SQL: SELECT a.id,a.name,a.forbidden,a.sort,a.url,b.savepath,b.savename FROM user_column a left join picture as b on a.icon = b.id  WHERE a.site_id = '63' ORDER BY sort  [ RunTime:0.0003s ]
SQL: SHOW COLUMNS FROM `site_info` [ RunTime:0.0041s ]
SQL: SELECT `theme` FROM `site_info` WHERE `id` = '63' LIMIT 1   [ RunTime:0.0003s ]
SQL: SHOW COLUMNS FROM `controller` [ RunTime:0.0036s ]
SQL: SELECT `id`,`name`,`intro`,`cname`,`icon` FROM `controller` WHERE `forbidden` = 0 AND `status` = 0 ORDER BY sort  [ RunTime:0.0004s ]
SQL: SHOW COLUMNS FROM `theme` [ RunTime:0.0036s ]
SQL: SELECT a.name,a.id,b.savepath,b.savename FROM theme as a INNER JOIN picture as b on a.pic_id = b.id  WHERE a.status = 0 AND a.name <> ''  [ RunTime:0.0003s ]
SQL: SHOW COLUMNS FROM `background` [ RunTime:0.0030s ]
SQL: SELECT a.name,a.id,b.savepath,b.savename FROM background as a INNER JOIN picture as b on a.pic_id = b.id  WHERE a.status = 0 AND a.forbidden = 0  [ RunTime:0.0003s ]
INFO: [ view_parse ] --START--
INFO: [ template_filter ] --START--
INFO: Run Behavior\ContentReplaceBehavior [ RunTime:0.000254s ]
INFO: [ template_filter ] --END-- [ RunTime:0.000459s ]
NOTIC: [8] Undefined index: addr D:\wamp\www\microweb\Application\Runtime\Cache\Home\56e2fba27fee92fedf36b6d27a2e9082.php 第 156 行.
NOTIC: [8] Undefined index: addr D:\wamp\www\microweb\Application\Runtime\Cache\Home\56e2fba27fee92fedf36b6d27a2e9082.php 第 156 行.
INFO: Run Behavior\ParseTemplateBehavior [ RunTime:0.016711s ]
INFO: [ view_parse ] --END-- [ RunTime:0.016852s ]
INFO: [ view_filter ] --START--
INFO: Run Behavior\WriteHtmlCacheBehavior [ RunTime:0.000468s ]
INFO: [ view_filter ] --END-- [ RunTime:0.000569s ]
INFO: [ app_end ] --START--
INFO: Run Behavior\ShowPageTraceBehavior [ RunTime:0.000733s ]
INFO: [ app_end ] --END-- [ RunTime:0.000837s ]

[ 2015-12-19T13:33:10+08:00 ] ::1 /microweb/index.php/Home/Panel/readHtml/column_id/5
INFO: [ app_init ] --START--
INFO: Run Behavior\BuildLiteBehavior [ RunTime:0.000061s ]
INFO: [ app_init ] --END-- [ RunTime:0.000977s ]
INFO: [ app_begin ] --START--
INFO: Run Behavior\ReadHtmlCacheBehavior [ RunTime:0.001358s ]
INFO: [ app_begin ] --END-- [ RunTime:0.001601s ]
SQL: SHOW COLUMNS FROM `user_column` [ RunTime:0.0045s ]
SQL: SELECT * FROM `user_column` WHERE `id` = '5' AND `site_id` = '63' LIMIT 1   [ RunTime:0.0016s ]
SQL: SHOW COLUMNS FROM `user_column` [ RunTime:0.0049s ]
SQL: SELECT `html` FROM `user_column` WHERE `id` = '5' AND `forbidden` = 0 LIMIT 1   [ RunTime:0.0004s ]
SQL: SHOW COLUMNS FROM `user_info` [ RunTime:0.0045s ]
SQL: SELECT `nickname`,`head_img` FROM `user_info` WHERE `id` = '1' LIMIT 1   [ RunTime:0.0004s ]
SQL: SHOW COLUMNS FROM `user_column` [ RunTime:0.0053s ]
SQL: SELECT `html` FROM `user_column` WHERE `id` = 5 LIMIT 1   [ RunTime:0.0004s ]
NOTIC: [2] json_decode() expects parameter 1 to be string, array given D:\wamp\www\microweb\Application\Home\Controller\PanelController.class.php 第 209 行.
NOTIC: [2] Invalid argument supplied for foreach() D:\wamp\www\microweb\Application\Home\Controller\PanelController.class.php 第 211 行.
INFO: [ view_filter ] --START--
INFO: Run Behavior\WriteHtmlCacheBehavior [ RunTime:0.001279s ]
INFO: [ view_filter ] --END-- [ RunTime:0.001531s ]
SQL: SHOW COLUMNS FROM `site_info` [ RunTime:0.0050s ]
SQL: SELECT `site_name`,`theme`,`back` FROM `site_info` WHERE `status` = 0 AND `id` = '63' LIMIT 1   [ RunTime:0.0005s ]
SQL: SHOW COLUMNS FROM `background` [ RunTime:0.0052s ]
SQL: SELECT a.id,`savepath`,`savename` FROM background as a INNER JOIN picture as b on a.pic_id = b.id  WHERE a.id = '0' AND a.status = 0 LIMIT 1   [ RunTime:0.0003s ]
SQL: SHOW COLUMNS FROM `theme` [ RunTime:0.0066s ]
SQL: SELECT `name` FROM `theme` WHERE `status` = 0 AND `id` = '0' LIMIT 1   [ RunTime:0.0002s ]
SQL: SELECT a.id,a.name,a.sort,a.forbidden,a.url,`savepath`,`savename` FROM user_column a left join picture as b on a.icon = b.id  WHERE a.site_id = '63' AND a.forbidden = 0 ORDER BY sort  [ RunTime:0.0003s ]
INFO: [ view_parse ] --START--
INFO: [ template_filter ] --START--
INFO: Run Behavior\ContentReplaceBehavior [ RunTime:0.000294s ]
INFO: [ template_filter ] --END-- [ RunTime:0.000833s ]
NOTIC: [8] Undefined variable: site_name D:\wamp\www\microweb\Application\Runtime\Cache\Home\674709428c2fc9be01a833685b4f026d.php 第 49 行.
NOTIC: [8] Undefined variable: site_name D:\wamp\www\microweb\Application\Runtime\Cache\Home\674709428c2fc9be01a833685b4f026d.php 第 61 行.
INFO: Run Behavior\ParseTemplateBehavior [ RunTime:0.013064s ]
INFO: [ view_parse ] --END-- [ RunTime:0.013250s ]
INFO: [ view_filter ] --START--
INFO: Run Behavior\WriteHtmlCacheBehavior [ RunTime:0.000053s ]
INFO: [ view_filter ] --END-- [ RunTime:-0.036271s ]
INFO: [ app_end ] --START--
INFO: Run Behavior\ShowPageTraceBehavior [ RunTime:0.001142s ]
INFO: [ app_end ] --END-- [ RunTime:0.001307s ]

[ 2015-12-19T15:13:16+08:00 ] ::1 /microweb/index.php/Home/Panel/index.html?site_id=63
INFO: [ app_init ] --START--
INFO: Run Behavior\BuildLiteBehavior [ RunTime:0.000029s ]
INFO: [ app_init ] --END-- [ RunTime:0.000586s ]
INFO: [ app_begin ] --START--
INFO: Run Behavior\ReadHtmlCacheBehavior [ RunTime:0.000841s ]
INFO: [ app_begin ] --END-- [ RunTime:0.000973s ]
SQL: SHOW COLUMNS FROM `user_column` [ RunTime:0.0044s ]
SQL: SELECT a.id,a.name,a.forbidden,a.sort,a.url,b.savepath,b.savename FROM user_column a left join picture as b on a.icon = b.id  WHERE a.site_id = '63' ORDER BY sort  [ RunTime:0.0005s ]
SQL: SHOW COLUMNS FROM `site_info` [ RunTime:0.0045s ]
SQL: SELECT `theme` FROM `site_info` WHERE `id` = '63' LIMIT 1   [ RunTime:0.0004s ]
SQL: SHOW COLUMNS FROM `controller` [ RunTime:0.0037s ]
SQL: SELECT `id`,`name`,`intro`,`cname`,`icon` FROM `controller` WHERE `forbidden` = 0 AND `status` = 0 ORDER BY sort  [ RunTime:0.0004s ]
SQL: SHOW COLUMNS FROM `theme` [ RunTime:0.0036s ]
SQL: SELECT a.name,a.id,b.savepath,b.savename FROM theme as a INNER JOIN picture as b on a.pic_id = b.id  WHERE a.status = 0 AND a.name <> ''  [ RunTime:0.0003s ]
SQL: SHOW COLUMNS FROM `background` [ RunTime:0.0036s ]
SQL: SELECT a.name,a.id,b.savepath,b.savename FROM background as a INNER JOIN picture as b on a.pic_id = b.id  WHERE a.status = 0 AND a.forbidden = 0  [ RunTime:0.0004s ]
INFO: [ view_parse ] --START--
INFO: [ template_filter ] --START--
INFO: Run Behavior\ContentReplaceBehavior [ RunTime:0.000201s ]
INFO: [ template_filter ] --END-- [ RunTime:0.000372s ]
NOTIC: [8] Undefined index: addr D:\wamp\www\microweb\Application\Runtime\Cache\Home\56e2fba27fee92fedf36b6d27a2e9082.php 第 156 行.
NOTIC: [8] Undefined index: addr D:\wamp\www\microweb\Application\Runtime\Cache\Home\56e2fba27fee92fedf36b6d27a2e9082.php 第 156 行.
INFO: Run Behavior\ParseTemplateBehavior [ RunTime:0.017517s ]
INFO: [ view_parse ] --END-- [ RunTime:0.017651s ]
INFO: [ view_filter ] --START--
INFO: Run Behavior\WriteHtmlCacheBehavior [ RunTime:0.000560s ]
INFO: [ view_filter ] --END-- [ RunTime:0.000696s ]
INFO: [ app_end ] --START--
INFO: Run Behavior\ShowPageTraceBehavior [ RunTime:0.000794s ]
INFO: [ app_end ] --END-- [ RunTime:0.000917s ]

[ 2015-12-19T15:13:16+08:00 ] ::1 /microweb/index.php/Home/Panel/readHtml/column_id/5
INFO: [ app_init ] --START--
INFO: Run Behavior\BuildLiteBehavior [ RunTime:0.000048s ]
INFO: [ app_init ] --END-- [ RunTime:0.000816s ]
INFO: [ app_begin ] --START--
INFO: Run Behavior\ReadHtmlCacheBehavior [ RunTime:0.001196s ]
INFO: [ app_begin ] --END-- [ RunTime:0.001432s ]
SQL: SHOW COLUMNS FROM `user_column` [ RunTime:0.0036s ]
SQL: SELECT * FROM `user_column` WHERE `id` = '5' AND `site_id` = '63' LIMIT 1   [ RunTime:0.0003s ]
SQL: SHOW COLUMNS FROM `user_column` [ RunTime:0.0050s ]
SQL: SELECT `html` FROM `user_column` WHERE `id` = '5' AND `forbidden` = 0 LIMIT 1   [ RunTime:0.0005s ]
SQL: SHOW COLUMNS FROM `user_info` [ RunTime:0.0068s ]
SQL: SELECT `nickname`,`head_img` FROM `user_info` WHERE `id` = '1' LIMIT 1   [ RunTime:0.0007s ]
SQL: SHOW COLUMNS FROM `user_column` [ RunTime:0.0067s ]
SQL: SELECT `html` FROM `user_column` WHERE `id` = 5 LIMIT 1   [ RunTime:0.0004s ]
NOTIC: [2] json_decode() expects parameter 1 to be string, array given D:\wamp\www\microweb\Application\Home\Controller\PanelController.class.php 第 209 行.
NOTIC: [2] Invalid argument supplied for foreach() D:\wamp\www\microweb\Application\Home\Controller\PanelController.class.php 第 211 行.
INFO: [ view_filter ] --START--
INFO: Run Behavior\WriteHtmlCacheBehavior [ RunTime:0.000934s ]
INFO: [ view_filter ] --END-- [ RunTime:0.001138s ]
SQL: SHOW COLUMNS FROM `site_info` [ RunTime:0.0052s ]
SQL: SELECT `site_name`,`theme`,`back` FROM `site_info` WHERE `status` = 0 AND `id` = '63' LIMIT 1   [ RunTime:0.0003s ]
SQL: SHOW COLUMNS FROM `background` [ RunTime:0.0070s ]
SQL: SELECT a.id,`savepath`,`savename` FROM background as a INNER JOIN picture as b on a.pic_id = b.id  WHERE a.id = '0' AND a.status = 0 LIMIT 1   [ RunTime:0.0007s ]
SQL: SHOW COLUMNS FROM `theme` [ RunTime:0.0071s ]
SQL: SELECT `name` FROM `theme` WHERE `status` = 0 AND `id` = '0' LIMIT 1   [ RunTime:0.0002s ]
SQL: SELECT a.id,a.name,a.sort,a.forbidden,a.url,`savepath`,`savename` FROM user_column a left join picture as b on a.icon = b.id  WHERE a.site_id = '63' AND a.forbidden = 0 ORDER BY sort  [ RunTime:0.0004s ]
INFO: [ view_parse ] --START--
INFO: [ template_filter ] --START--
INFO: Run Behavior\ContentReplaceBehavior [ RunTime:0.000131s ]
INFO: [ template_filter ] --END-- [ RunTime:0.000270s ]
NOTIC: [8] Undefined variable: site_name D:\wamp\www\microweb\Application\Runtime\Cache\Home\674709428c2fc9be01a833685b4f026d.php 第 49 行.
NOTIC: [8] Undefined variable: site_name D:\wamp\www\microweb\Application\Runtime\Cache\Home\674709428c2fc9be01a833685b4f026d.php 第 61 行.
INFO: Run Behavior\ParseTemplateBehavior [ RunTime:0.013258s ]
INFO: [ view_parse ] --END-- [ RunTime:0.013375s ]
INFO: [ view_filter ] --START--
INFO: Run Behavior\WriteHtmlCacheBehavior [ RunTime:0.000030s ]
INFO: [ view_filter ] --END-- [ RunTime:-0.039155s ]
INFO: [ app_end ] --START--
INFO: Run Behavior\ShowPageTraceBehavior [ RunTime:0.000699s ]
INFO: [ app_end ] --END-- [ RunTime:0.000806s ]

[ 2015-12-19T17:23:59+08:00 ] ::1 /microweb/
INFO: [ app_init ] --START--
INFO: Run Behavior\BuildLiteBehavior [ RunTime:0.000033s ]
INFO: [ app_init ] --END-- [ RunTime:0.002480s ]
INFO: [ app_begin ] --START--
INFO: Run Behavior\ReadHtmlCacheBehavior [ RunTime:0.001831s ]
INFO: [ app_begin ] --END-- [ RunTime:0.002035s ]
INFO: [ view_parse ] --START--
INFO: [ template_filter ] --START--
INFO: Run Behavior\ContentReplaceBehavior [ RunTime:0.000124s ]
INFO: [ template_filter ] --END-- [ RunTime:0.000246s ]
INFO: Run Behavior\ParseTemplateBehavior [ RunTime:0.010768s ]
INFO: [ view_parse ] --END-- [ RunTime:0.010903s ]
INFO: [ view_filter ] --START--
INFO: Run Behavior\WriteHtmlCacheBehavior [ RunTime:0.001507s ]
INFO: [ view_filter ] --END-- [ RunTime:0.001797s ]
INFO: [ app_end ] --START--
INFO: Run Behavior\ShowPageTraceBehavior [ RunTime:0.001263s ]
INFO: [ app_end ] --END-- [ RunTime:0.001386s ]

[ 2015-12-19T17:24:00+08:00 ] ::1 /microweb/index.php/Home/Login/login.html
INFO: [ app_init ] --START--
INFO: Run Behavior\BuildLiteBehavior [ RunTime:0.000032s ]
INFO: [ app_init ] --END-- [ RunTime:0.000617s ]
INFO: [ app_begin ] --START--
INFO: Run Behavior\ReadHtmlCacheBehavior [ RunTime:0.000794s ]
INFO: [ app_begin ] --END-- [ RunTime:0.000930s ]
INFO: [ view_parse ] --START--
INFO: [ template_filter ] --START--
INFO: Run Behavior\ContentReplaceBehavior [ RunTime:0.000098s ]
INFO: [ template_filter ] --END-- [ RunTime:0.000219s ]
INFO: Run Behavior\ParseTemplateBehavior [ RunTime:0.009222s ]
INFO: [ view_parse ] --END-- [ RunTime:0.009372s ]
INFO: [ view_filter ] --START--
INFO: Run Behavior\WriteHtmlCacheBehavior [ RunTime:0.000405s ]
INFO: [ view_filter ] --END-- [ RunTime:0.000520s ]
INFO: [ app_end ] --START--
INFO: Run Behavior\ShowPageTraceBehavior [ RunTime:0.000580s ]
INFO: [ app_end ] --END-- [ RunTime:0.000696s ]

[ 2015-12-19T17:24:00+08:00 ] ::1 /microweb/index.php/Home/Login/verify
INFO: [ app_init ] --START--
INFO: Run Behavior\BuildLiteBehavior [ RunTime:0.000028s ]
INFO: [ app_init ] --END-- [ RunTime:0.000496s ]
INFO: [ app_begin ] --START--
INFO: Run Behavior\ReadHtmlCacheBehavior [ RunTime:0.000617s ]
INFO: [ app_begin ] --END-- [ RunTime:0.000737s ]
INFO: [ app_end ] --START--
INFO: Run Behavior\ShowPageTraceBehavior [ RunTime:0.000787s ]
INFO: [ app_end ] --END-- [ RunTime:0.000940s ]

[ 2015-12-19T17:24:17+08:00 ] ::1 /microweb/index.php/Home/Login/login
INFO: [ app_init ] --START--
INFO: Run Behavior\BuildLiteBehavior [ RunTime:0.000031s ]
INFO: [ app_init ] --END-- [ RunTime:0.000606s ]
INFO: [ app_begin ] --START--
INFO: Run Behavior\ReadHtmlCacheBehavior [ RunTime:0.000686s ]
INFO: [ app_begin ] --END-- [ RunTime:0.000800s ]
NOTIC: [8] Undefined index: kk D:\wamp\www\microweb\Application\Home\Controller\LoginController.class.php 第 15 行.
NOTIC: [8] Use of undefined constant regex - assumed 'regex' D:\wamp\www\microweb\ThinkPHP\Common\functions.php 第 588 行.
SQL: SHOW COLUMNS FROM `user_info` [ RunTime:0.0080s ]
SQL: SHOW COLUMNS FROM `user_info` [ RunTime:0.0027s ]
SQL: SELECT * FROM `user_info` WHERE `account` = 'a123456781' LIMIT 1   [ RunTime:0.0015s ]
SQL: SHOW COLUMNS FROM `site_info` [ RunTime:0.0050s ]
SQL: SELECT `id` FROM `site_info` WHERE `user_id` = 1 AND `status` = 0  [ RunTime:0.0003s ]

[ 2015-12-19T17:24:17+08:00 ] ::1 /microweb/index.php/Home/Login/verify?0.6467063541058451
INFO: [ app_init ] --START--
INFO: Run Behavior\BuildLiteBehavior [ RunTime:0.000044s ]
INFO: [ app_init ] --END-- [ RunTime:0.000847s ]
INFO: [ app_begin ] --START--
INFO: Run Behavior\ReadHtmlCacheBehavior [ RunTime:0.000526s ]
INFO: [ app_begin ] --END-- [ RunTime:0.000671s ]
INFO: [ app_end ] --START--
INFO: Run Behavior\ShowPageTraceBehavior [ RunTime:0.000590s ]
INFO: [ app_end ] --END-- [ RunTime:0.000719s ]

[ 2015-12-19T17:24:30+08:00 ] ::1 /microweb/index.php/Home/Login/login
INFO: [ app_init ] --START--
INFO: Run Behavior\BuildLiteBehavior [ RunTime:0.000032s ]
INFO: [ app_init ] --END-- [ RunTime:0.000797s ]
INFO: [ app_begin ] --START--
INFO: Run Behavior\ReadHtmlCacheBehavior [ RunTime:0.000681s ]
INFO: [ app_begin ] --END-- [ RunTime:0.000795s ]
NOTIC: [8] Undefined index: kk D:\wamp\www\microweb\Application\Home\Controller\LoginController.class.php 第 15 行.
NOTIC: [8] Use of undefined constant regex - assumed 'regex' D:\wamp\www\microweb\ThinkPHP\Common\functions.php 第 588 行.
SQL: SHOW COLUMNS FROM `user_info` [ RunTime:0.0031s ]
SQL: SHOW COLUMNS FROM `user_info` [ RunTime:0.0029s ]
SQL: SELECT * FROM `user_info` WHERE `account` = 'a123456781' LIMIT 1   [ RunTime:0.0003s ]
SQL: SHOW COLUMNS FROM `site_info` [ RunTime:0.0028s ]
SQL: SELECT `id` FROM `site_info` WHERE `user_id` = 1 AND `status` = 0  [ RunTime:0.0003s ]

[ 2015-12-19T17:24:30+08:00 ] ::1 /microweb/index.php/Home/Website/index.html
INFO: [ app_init ] --START--
INFO: Run Behavior\BuildLiteBehavior [ RunTime:0.000025s ]
INFO: [ app_init ] --END-- [ RunTime:0.000520s ]
INFO: [ app_begin ] --START--
INFO: Run Behavior\ReadHtmlCacheBehavior [ RunTime:0.000586s ]
INFO: [ app_begin ] --END-- [ RunTime:0.000696s ]
SQL: SHOW COLUMNS FROM `site_info` [ RunTime:0.0032s ]
SQL: SELECT * FROM `site_info` WHERE `user_id` = 1 AND `status` = 0  [ RunTime:0.0003s ]
INFO: [ view_parse ] --START--
INFO: [ template_filter ] --START--
INFO: Run Behavior\ContentReplaceBehavior [ RunTime:0.000192s ]
INFO: [ template_filter ] --END-- [ RunTime:0.000309s ]
INFO: Run Behavior\ParseTemplateBehavior [ RunTime:0.016829s ]
INFO: [ view_parse ] --END-- [ RunTime:0.016976s ]
INFO: [ view_filter ] --START--
INFO: Run Behavior\WriteHtmlCacheBehavior [ RunTime:0.000491s ]
INFO: [ view_filter ] --END-- [ RunTime:0.000593s ]
INFO: [ app_end ] --START--
INFO: Run Behavior\ShowPageTraceBehavior [ RunTime:0.000604s ]
INFO: [ app_end ] --END-- [ RunTime:0.000708s ]

[ 2015-12-19T17:24:32+08:00 ] ::1 /microweb/index.php/Home/Panel/index.html?site_id=63
INFO: [ app_init ] --START--
INFO: Run Behavior\BuildLiteBehavior [ RunTime:0.000026s ]
INFO: [ app_init ] --END-- [ RunTime:0.000442s ]
INFO: [ app_begin ] --START--
INFO: Run Behavior\ReadHtmlCacheBehavior [ RunTime:0.000544s ]
INFO: [ app_begin ] --END-- [ RunTime:0.000697s ]
SQL: SHOW COLUMNS FROM `user_column` [ RunTime:0.0057s ]
SQL: SELECT a.id,a.name,a.forbidden,a.sort,a.url,b.savepath,b.savename FROM user_column a left join picture as b on a.icon = b.id  WHERE a.site_id = '63' ORDER BY sort  [ RunTime:0.0014s ]
SQL: SHOW COLUMNS FROM `site_info` [ RunTime:0.0026s ]
SQL: SELECT `theme` FROM `site_info` WHERE `id` = '63' LIMIT 1   [ RunTime:0.0002s ]
SQL: SHOW COLUMNS FROM `controller` [ RunTime:0.0049s ]
SQL: SELECT `id`,`name`,`intro`,`cname`,`icon` FROM `controller` WHERE `forbidden` = 0 AND `status` = 0 ORDER BY sort  [ RunTime:0.0003s ]
SQL: SHOW COLUMNS FROM `theme` [ RunTime:0.0053s ]
SQL: SELECT a.name,a.id,b.savepath,b.savename FROM theme as a INNER JOIN picture as b on a.pic_id = b.id  WHERE a.status = 0 AND a.name <> ''  [ RunTime:0.0004s ]
SQL: SHOW COLUMNS FROM `background` [ RunTime:0.0058s ]
SQL: SELECT a.name,a.id,b.savepath,b.savename FROM background as a INNER JOIN picture as b on a.pic_id = b.id  WHERE a.status = 0 AND a.forbidden = 0  [ RunTime:0.0003s ]
INFO: [ view_parse ] --START--
INFO: [ template_filter ] --START--
INFO: Run Behavior\ContentReplaceBehavior [ RunTime:0.000336s ]
INFO: [ template_filter ] --END-- [ RunTime:0.000551s ]
NOTIC: [8] Undefined index: addr D:\wamp\www\microweb\Application\Runtime\Cache\Home\56e2fba27fee92fedf36b6d27a2e9082.php 第 156 行.
NOTIC: [8] Undefined index: addr D:\wamp\www\microweb\Application\Runtime\Cache\Home\56e2fba27fee92fedf36b6d27a2e9082.php 第 156 行.
NOTIC: [8] Undefined index: addr D:\wamp\www\microweb\Application\Runtime\Cache\Home\56e2fba27fee92fedf36b6d27a2e9082.php 第 156 行.
INFO: Run Behavior\ParseTemplateBehavior [ RunTime:0.022470s ]
INFO: [ view_parse ] --END-- [ RunTime:0.022633s ]
INFO: [ view_filter ] --START--
INFO: Run Behavior\WriteHtmlCacheBehavior [ RunTime:0.000542s ]
INFO: [ view_filter ] --END-- [ RunTime:0.000683s ]
INFO: [ app_end ] --START--
INFO: Run Behavior\ShowPageTraceBehavior [ RunTime:0.000575s ]
INFO: [ app_end ] --END-- [ RunTime:0.000682s ]

[ 2015-12-19T17:24:32+08:00 ] ::1 /microweb/index.php/Home/Panel/readHtml/column_id/5
INFO: [ app_init ] --START--
INFO: Run Behavior\BuildLiteBehavior [ RunTime:0.000048s ]
INFO: [ app_init ] --END-- [ RunTime:0.000821s ]
INFO: [ app_begin ] --START--
INFO: Run Behavior\ReadHtmlCacheBehavior [ RunTime:0.000950s ]
INFO: [ app_begin ] --END-- [ RunTime:0.001183s ]
SQL: SHOW COLUMNS FROM `user_column` [ RunTime:0.0032s ]
SQL: SELECT * FROM `user_column` WHERE `id` = '5' AND `site_id` = '63' LIMIT 1   [ RunTime:0.0005s ]
SQL: SHOW COLUMNS FROM `user_column` [ RunTime:0.0049s ]
SQL: SELECT `html` FROM `user_column` WHERE `id` = '5' AND `forbidden` = 0 LIMIT 1   [ RunTime:0.0003s ]
SQL: SHOW COLUMNS FROM `user_info` [ RunTime:0.0050s ]
SQL: SELECT `nickname`,`head_img` FROM `user_info` WHERE `id` = '1' LIMIT 1   [ RunTime:0.0003s ]
SQL: SHOW COLUMNS FROM `user_column` [ RunTime:0.0031s ]
SQL: SELECT `html` FROM `user_column` WHERE `id` = 5 LIMIT 1   [ RunTime:0.0003s ]
NOTIC: [2] json_decode() expects parameter 1 to be string, array given D:\wamp\www\microweb\Application\Home\Controller\PanelController.class.php 第 209 行.
NOTIC: [2] Invalid argument supplied for foreach() D:\wamp\www\microweb\Application\Home\Controller\PanelController.class.php 第 211 行.
INFO: [ view_filter ] --START--
INFO: Run Behavior\WriteHtmlCacheBehavior [ RunTime:0.000757s ]
INFO: [ view_filter ] --END-- [ RunTime:0.000946s ]
SQL: SHOW COLUMNS FROM `site_info` [ RunTime:0.0036s ]
SQL: SELECT `site_name`,`theme`,`back` FROM `site_info` WHERE `status` = 0 AND `id` = '63' LIMIT 1   [ RunTime:0.0004s ]
SQL: SHOW COLUMNS FROM `background` [ RunTime:0.0042s ]
SQL: SELECT a.id,`savepath`,`savename` FROM background as a INNER JOIN picture as b on a.pic_id = b.id  WHERE a.id = '0' AND a.status = 0 LIMIT 1   [ RunTime:0.0003s ]
SQL: SHOW COLUMNS FROM `theme` [ RunTime:0.0030s ]
SQL: SELECT `name` FROM `theme` WHERE `status` = 0 AND `id` = '0' LIMIT 1   [ RunTime:0.0003s ]
SQL: SELECT a.id,a.name,a.sort,a.forbidden,a.url,`savepath`,`savename` FROM user_column a left join picture as b on a.icon = b.id  WHERE a.site_id = '63' AND a.forbidden = 0 ORDER BY sort  [ RunTime:0.0005s ]
INFO: [ view_parse ] --START--
INFO: [ template_filter ] --START--
INFO: Run Behavior\ContentReplaceBehavior [ RunTime:0.000133s ]
INFO: [ template_filter ] --END-- [ RunTime:0.000259s ]
NOTIC: [8] Undefined variable: site_name D:\wamp\www\microweb\Application\Runtime\Cache\Home\674709428c2fc9be01a833685b4f026d.php 第 49 行.
NOTIC: [8] Undefined variable: site_name D:\wamp\www\microweb\Application\Runtime\Cache\Home\674709428c2fc9be01a833685b4f026d.php 第 61 行.
INFO: Run Behavior\ParseTemplateBehavior [ RunTime:0.014711s ]
INFO: [ view_parse ] --END-- [ RunTime:0.014886s ]
INFO: [ view_filter ] --START--
INFO: Run Behavior\WriteHtmlCacheBehavior [ RunTime:0.000035s ]
INFO: [ view_filter ] --END-- [ RunTime:-0.032222s ]
INFO: [ app_end ] --START--
INFO: Run Behavior\ShowPageTraceBehavior [ RunTime:0.000727s ]
INFO: [ app_end ] --END-- [ RunTime:0.000881s ]

[ 2015-12-19T18:15:03+08:00 ] ::1 /microweb/index.php/Home/Panel/control_widget/name/ArticleSort/is_edit/0
INFO: [ app_init ] --START--
INFO: Run Behavior\BuildLiteBehavior [ RunTime:0.000156s ]
INFO: [ app_init ] --END-- [ RunTime:0.003910s ]
INFO: [ app_begin ] --START--
INFO: Run Behavior\ReadHtmlCacheBehavior [ RunTime:0.001491s ]
INFO: [ app_begin ] --END-- [ RunTime:0.003515s ]
INFO: [ view_parse ] --START--
INFO: Run Behavior\ParseTemplateBehavior [ RunTime:0.006044s ]
INFO: [ view_parse ] --END-- [ RunTime:0.006795s ]
INFO: [ view_filter ] --START--
INFO: Run Behavior\WriteHtmlCacheBehavior [ RunTime:0.000870s ]
INFO: [ view_filter ] --END-- [ RunTime:0.001060s ]
INFO: [ app_end ] --START--
INFO: Run Behavior\ShowPageTraceBehavior [ RunTime:0.001040s ]
INFO: [ app_end ] --END-- [ RunTime:0.001276s ]

[ 2015-12-19T18:15:08+08:00 ] ::1 /microweb/index.php/Home/Panel/control_widget/name/PicturesShow/is_edit/0
INFO: [ app_init ] --START--
INFO: Run Behavior\BuildLiteBehavior [ RunTime:0.000095s ]
INFO: [ app_init ] --END-- [ RunTime:0.001151s ]
INFO: [ app_begin ] --START--
INFO: Run Behavior\ReadHtmlCacheBehavior [ RunTime:0.000712s ]
INFO: [ app_begin ] --END-- [ RunTime:0.000836s ]
SQL: SHOW COLUMNS FROM `album` [ RunTime:0.0081s ]
SQL: SELECT `id`,`name`,`create_time`,`update_time` FROM `album` WHERE `site_id` = 63 ORDER BY create_time desc  [ RunTime:0.0006s ]
INFO: [ view_parse ] --START--
INFO: [ template_filter ] --START--
INFO: Run Behavior\ContentReplaceBehavior [ RunTime:0.000236s ]
INFO: [ template_filter ] --END-- [ RunTime:0.000471s ]
NOTIC: [8] Undefined variable: controllerId D:\wamp\www\microweb\Application\Runtime\Cache\Home\12d51fb5c9b97f551c33419ae4dd8fd4.php 第 60 行.
INFO: Run Behavior\ParseTemplateBehavior [ RunTime:0.015476s ]
INFO: [ view_parse ] --END-- [ RunTime:0.015735s ]
INFO: [ view_filter ] --START--
INFO: Run Behavior\WriteHtmlCacheBehavior [ RunTime:0.001127s ]
INFO: [ view_filter ] --END-- [ RunTime:0.001354s ]
INFO: [ app_end ] --START--
INFO: Run Behavior\ShowPageTraceBehavior [ RunTime:0.001993s ]
INFO: [ app_end ] --END-- [ RunTime:0.002236s ]

[ 2015-12-19T18:15:10+08:00 ] ::1 /microweb/index.php/Home/Panel/control_widget/name/Notice/is_edit/0
INFO: [ app_init ] --START--
INFO: Run Behavior\BuildLiteBehavior [ RunTime:0.000053s ]
INFO: [ app_init ] --END-- [ RunTime:0.001231s ]
INFO: [ app_begin ] --START--
INFO: Run Behavior\ReadHtmlCacheBehavior [ RunTime:0.000666s ]
INFO: [ app_begin ] --END-- [ RunTime:0.000985s ]
INFO: [ view_parse ] --START--
INFO: [ template_filter ] --START--
INFO: Run Behavior\ContentReplaceBehavior [ RunTime:0.000123s ]
INFO: [ template_filter ] --END-- [ RunTime:0.000248s ]
NOTIC: [8] Undefined variable: controllerId D:\wamp\www\microweb\Application\Runtime\Cache\Home\3a6f3b44acad9c29269669327f5ba061.php 第 73 行.
INFO: Run Behavior\ParseTemplateBehavior [ RunTime:0.008478s ]
INFO: [ view_parse ] --END-- [ RunTime:0.008617s ]
INFO: [ view_filter ] --START--
INFO: Run Behavior\WriteHtmlCacheBehavior [ RunTime:0.000384s ]
INFO: [ view_filter ] --END-- [ RunTime:0.000489s ]
INFO: [ app_end ] --START--
INFO: Run Behavior\ShowPageTraceBehavior [ RunTime:0.000554s ]
INFO: [ app_end ] --END-- [ RunTime:0.000664s ]

[ 2015-12-19T18:15:12+08:00 ] ::1 /microweb/index.php/Home/Panel/control_widget/name/ViwePager/is_edit/0
INFO: [ app_init ] --START--
INFO: Run Behavior\BuildLiteBehavior [ RunTime:0.000027s ]
INFO: [ app_init ] --END-- [ RunTime:0.000503s ]
INFO: [ app_begin ] --START--
INFO: Run Behavior\ReadHtmlCacheBehavior [ RunTime:0.000807s ]
INFO: [ app_begin ] --END-- [ RunTime:0.000965s ]
SQL: SHOW COLUMNS FROM `album` [ RunTime:0.0030s ]
SQL: SELECT `id`,`name`,`create_time`,`update_time` FROM `album` WHERE `site_id` = 63 ORDER BY create_time desc  [ RunTime:0.0003s ]
INFO: [ view_parse ] --START--
INFO: [ template_filter ] --START--
INFO: Run Behavior\ContentReplaceBehavior [ RunTime:0.000207s ]
INFO: [ template_filter ] --END-- [ RunTime:0.000460s ]
NOTIC: [8] Undefined variable: controllerId D:\wamp\www\microweb\Application\Runtime\Cache\Home\45575d37d8a11ea47f0bc6d933c762bb.php 第 59 行.
INFO: Run Behavior\ParseTemplateBehavior [ RunTime:0.013827s ]
INFO: [ view_parse ] --END-- [ RunTime:0.013959s ]
INFO: [ view_filter ] --START--
INFO: Run Behavior\WriteHtmlCacheBehavior [ RunTime:0.000805s ]
INFO: [ view_filter ] --END-- [ RunTime:0.000932s ]
INFO: [ app_end ] --START--
INFO: Run Behavior\ShowPageTraceBehavior [ RunTime:0.001445s ]
INFO: [ app_end ] --END-- [ RunTime:0.001652s ]

[ 2015-12-19T19:46:43+08:00 ] ::1 /microweb/index.php/Home/Website/index.html
INFO: [ app_init ] --START--
INFO: Run Behavior\BuildLiteBehavior [ RunTime:0.000029s ]
INFO: [ app_init ] --END-- [ RunTime:0.000650s ]
INFO: [ app_begin ] --START--
INFO: Run Behavior\ReadHtmlCacheBehavior [ RunTime:0.000733s ]
INFO: [ app_begin ] --END-- [ RunTime:0.000866s ]
SQL: SHOW COLUMNS FROM `site_info` [ RunTime:0.0074s ]
SQL: SELECT * FROM `site_info` WHERE `user_id` = 1 AND `status` = 0  [ RunTime:0.0007s ]
INFO: [ view_parse ] --START--
INFO: [ template_filter ] --START--
INFO: Run Behavior\ContentReplaceBehavior [ RunTime:0.000201s ]
INFO: [ template_filter ] --END-- [ RunTime:0.000322s ]
INFO: Run Behavior\ParseTemplateBehavior [ RunTime:0.014101s ]
INFO: [ view_parse ] --END-- [ RunTime:0.014321s ]
INFO: [ view_filter ] --START--
INFO: Run Behavior\WriteHtmlCacheBehavior [ RunTime:0.000514s ]
INFO: [ view_filter ] --END-- [ RunTime:0.000635s ]
INFO: [ app_end ] --START--
INFO: Run Behavior\ShowPageTraceBehavior [ RunTime:0.000651s ]
INFO: [ app_end ] --END-- [ RunTime:0.000758s ]

