[ 2015-12-16T19:16:16+08:00 ] ::1 /microweb/index.php/admin
INFO: [ app_init ] --START--
INFO: Run Behavior\BuildLiteBehavior [ RunTime:0.000064s ]
INFO: [ app_init ] --END-- [ RunTime:0.003048s ]
INFO: [ app_begin ] --START--
INFO: Run Behavior\ReadHtmlCacheBehavior [ RunTime:0.001163s ]
INFO: [ app_begin ] --END-- [ RunTime:0.001299s ]

[ 2015-12-16T19:16:16+08:00 ] ::1 /microweb/index.php/Admin/Public/login
INFO: [ app_init ] --START--
INFO: Run Behavior\BuildLiteBehavior [ RunTime:0.000026s ]
INFO: [ app_init ] --END-- [ RunTime:0.000527s ]
INFO: [ app_begin ] --START--
INFO: Run Behavior\ReadHtmlCacheBehavior [ RunTime:0.000788s ]
INFO: [ app_begin ] --END-- [ RunTime:0.000907s ]
INFO: [ view_parse ] --START--
INFO: [ template_filter ] --START--
INFO: Run Behavior\ContentReplaceBehavior [ RunTime:0.000093s ]
INFO: [ template_filter ] --END-- [ RunTime:0.000213s ]
INFO: Run Behavior\ParseTemplateBehavior [ RunTime:0.010278s ]
INFO: [ view_parse ] --END-- [ RunTime:0.010415s ]
INFO: [ view_filter ] --START--
INFO: Run Behavior\WriteHtmlCacheBehavior [ RunTime:0.000808s ]
INFO: [ view_filter ] --END-- [ RunTime:0.000911s ]
INFO: [ app_end ] --START--
INFO: Run Behavior\ShowPageTraceBehavior [ RunTime:0.001195s ]
INFO: [ app_end ] --END-- [ RunTime:0.001306s ]

[ 2015-12-16T19:16:16+08:00 ] ::1 /microweb/index.php/Admin/Public/verify
INFO: [ app_init ] --START--
INFO: Run Behavior\BuildLiteBehavior [ RunTime:0.000045s ]
INFO: [ app_init ] --END-- [ RunTime:0.000716s ]
INFO: [ app_begin ] --START--
INFO: Run Behavior\ReadHtmlCacheBehavior [ RunTime:0.001215s ]
INFO: [ app_begin ] --END-- [ RunTime:0.001469s ]
INFO: [ app_end ] --START--
INFO: Run Behavior\ShowPageTraceBehavior [ RunTime:0.001361s ]
INFO: [ app_end ] --END-- [ RunTime:0.001584s ]

[ 2015-12-16T19:16:24+08:00 ] ::1 /microweb/index.php/Admin/Public/do_login
INFO: [ app_init ] --START--
INFO: Run Behavior\BuildLiteBehavior [ RunTime:0.000032s ]
INFO: [ app_init ] --END-- [ RunTime:0.000615s ]
INFO: [ app_begin ] --START--
INFO: Run Behavior\ReadHtmlCacheBehavior [ RunTime:0.000901s ]
INFO: [ app_begin ] --END-- [ RunTime:0.001020s ]
SQL: SHOW COLUMNS FROM `admin_info` [ RunTime:0.0202s ]
SQL: SELECT * FROM `admin_info` WHERE `account` = 'admin' LIMIT 1   [ RunTime:0.0063s ]
INFO: [ app_end ] --START--
INFO: Run Behavior\ShowPageTraceBehavior [ RunTime:0.001041s ]
INFO: [ app_end ] --END-- [ RunTime:0.001153s ]

[ 2015-12-16T19:16:24+08:00 ] ::1 /microweb/index.php/Admin/Index/index.html
INFO: [ app_init ] --START--
INFO: Run Behavior\BuildLiteBehavior [ RunTime:0.000069s ]
INFO: [ app_init ] --END-- [ RunTime:0.000808s ]
INFO: [ app_begin ] --START--
INFO: Run Behavior\ReadHtmlCacheBehavior [ RunTime:0.000722s ]
INFO: [ app_begin ] --END-- [ RunTime:0.000886s ]
SQL: SHOW COLUMNS FROM `node_info` [ RunTime:0.0029s ]
SQL: SHOW COLUMNS FROM `node_info` [ RunTime:0.0027s ]
SQL: SELECT * FROM `node_info` WHERE `status` = 0 AND `depth` = 1 ORDER BY sort  [ RunTime:0.0011s ]
SQL: SHOW COLUMNS FROM `node_info` [ RunTime:0.0028s ]
SQL: SELECT * FROM `node_info` WHERE `depth` > 1 AND LEFT(id,2) = '01' AND `status` = 0  [ RunTime:0.0010s ]
NOTIC: [8] Undefined variable: arr D:\wamp\www\microweb\Application\Admin\Controller\BaseController.class.php 第 64 行.
SQL: SHOW COLUMNS FROM `admin_info` [ RunTime:0.0028s ]
SQL: SELECT COUNT(*) AS tp_count FROM `admin_info` WHERE ( status=0 ) LIMIT 1   [ RunTime:0.0011s ]
SQL: SHOW COLUMNS FROM `user_info` [ RunTime:0.0030s ]
SQL: SELECT COUNT(*) AS tp_count FROM `user_info` WHERE ( status=0 ) LIMIT 1   [ RunTime:0.0003s ]
SQL: SHOW COLUMNS FROM `site_info` [ RunTime:0.0034s ]
SQL: SELECT COUNT(*) AS tp_count FROM `site_info` WHERE ( status=0 ) LIMIT 1   [ RunTime:0.0003s ]
SQL: SHOW COLUMNS FROM `article` [ RunTime:0.0028s ]
SQL: SELECT COUNT(*) AS tp_count FROM `article` WHERE ( status=0 ) LIMIT 1   [ RunTime:0.0003s ]
SQL: SHOW COLUMNS FROM `controller` [ RunTime:0.0031s ]
SQL: SELECT COUNT(*) AS tp_count FROM `controller` WHERE ( status=0 ) LIMIT 1   [ RunTime:0.0004s ]
INFO: [ view_parse ] --START--
INFO: [ template_filter ] --START--
INFO: Run Behavior\ContentReplaceBehavior [ RunTime:0.000230s ]
INFO: [ template_filter ] --END-- [ RunTime:0.000350s ]
NOTIC: [8] Use of undefined constant ONETHINK_VERSION - assumed 'ONETHINK_VERSION' D:\wamp\www\microweb\Application\Runtime\Cache\Admin\b595b808c2ebeeeb0478ffc30bb4e87a.php 第 234 行.
INFO: Run Behavior\ParseTemplateBehavior [ RunTime:0.023095s ]
INFO: [ view_parse ] --END-- [ RunTime:0.023210s ]
INFO: [ view_filter ] --START--
INFO: Run Behavior\WriteHtmlCacheBehavior [ RunTime:0.000621s ]
INFO: [ view_filter ] --END-- [ RunTime:0.000723s ]
INFO: [ app_end ] --START--
INFO: Run Behavior\ShowPageTraceBehavior [ RunTime:0.000810s ]
INFO: [ app_end ] --END-- [ RunTime:0.000915s ]

[ 2015-12-16T19:16:40+08:00 ] ::1 /microweb/index.php/Admin/Index/index.html
INFO: [ app_init ] --START--
INFO: Run Behavior\BuildLiteBehavior [ RunTime:0.000027s ]
INFO: [ app_init ] --END-- [ RunTime:0.000496s ]
INFO: [ app_begin ] --START--
INFO: Run Behavior\ReadHtmlCacheBehavior [ RunTime:0.000801s ]
INFO: [ app_begin ] --END-- [ RunTime:0.001142s ]
SQL: SHOW COLUMNS FROM `node_info` [ RunTime:0.0025s ]
SQL: SHOW COLUMNS FROM `node_info` [ RunTime:0.0023s ]
SQL: SELECT * FROM `node_info` WHERE `status` = 0 AND `depth` = 1 ORDER BY sort  [ RunTime:0.0003s ]
SQL: SHOW COLUMNS FROM `node_info` [ RunTime:0.0031s ]
SQL: SELECT * FROM `node_info` WHERE `depth` > 1 AND LEFT(id,2) = '01' AND `status` = 0  [ RunTime:0.0003s ]
NOTIC: [8] Undefined variable: arr D:\wamp\www\microweb\Application\Admin\Controller\BaseController.class.php 第 64 行.
SQL: SHOW COLUMNS FROM `admin_info` [ RunTime:0.0032s ]
SQL: SELECT COUNT(*) AS tp_count FROM `admin_info` WHERE ( status=0 ) LIMIT 1   [ RunTime:0.0003s ]
SQL: SHOW COLUMNS FROM `user_info` [ RunTime:0.0027s ]
SQL: SELECT COUNT(*) AS tp_count FROM `user_info` WHERE ( status=0 ) LIMIT 1   [ RunTime:0.0003s ]
SQL: SHOW COLUMNS FROM `site_info` [ RunTime:0.0025s ]
SQL: SELECT COUNT(*) AS tp_count FROM `site_info` WHERE ( status=0 ) LIMIT 1   [ RunTime:0.0003s ]
SQL: SHOW COLUMNS FROM `article` [ RunTime:0.0029s ]
SQL: SELECT COUNT(*) AS tp_count FROM `article` WHERE ( status=0 ) LIMIT 1   [ RunTime:0.0003s ]
SQL: SHOW COLUMNS FROM `controller` [ RunTime:0.0030s ]
SQL: SELECT COUNT(*) AS tp_count FROM `controller` WHERE ( status=0 ) LIMIT 1   [ RunTime:0.0003s ]
INFO: [ view_parse ] --START--
INFO: [ template_filter ] --START--
INFO: Run Behavior\ContentReplaceBehavior [ RunTime:0.000344s ]
INFO: [ template_filter ] --END-- [ RunTime:0.000474s ]
NOTIC: [8] Use of undefined constant ONETHINK_VERSION - assumed 'ONETHINK_VERSION' D:\wamp\www\microweb\Application\Runtime\Cache\Admin\b595b808c2ebeeeb0478ffc30bb4e87a.php 第 234 行.
INFO: Run Behavior\ParseTemplateBehavior [ RunTime:0.022219s ]
INFO: [ view_parse ] --END-- [ RunTime:0.022376s ]
INFO: [ view_filter ] --START--
INFO: Run Behavior\WriteHtmlCacheBehavior [ RunTime:0.000579s ]
INFO: [ view_filter ] --END-- [ RunTime:0.000732s ]
INFO: [ app_end ] --START--
INFO: Run Behavior\ShowPageTraceBehavior [ RunTime:0.000825s ]
INFO: [ app_end ] --END-- [ RunTime:0.001013s ]

[ 2015-12-16T19:16:41+08:00 ] ::1 /microweb/index.php/Admin/Reception/index
INFO: [ app_init ] --START--
INFO: Run Behavior\BuildLiteBehavior [ RunTime:0.000034s ]
INFO: [ app_init ] --END-- [ RunTime:0.001116s ]
INFO: [ app_begin ] --START--
INFO: Run Behavior\ReadHtmlCacheBehavior [ RunTime:0.001204s ]
INFO: [ app_begin ] --END-- [ RunTime:0.001392s ]
NOTIC: [2048] Declaration of Admin\Controller\ReceptionController::theme() should be compatible with Think\Controller::theme($theme) D:\wamp\www\microweb\Application\Admin\Controller\ReceptionController.class.php 第 8 行.
SQL: SHOW COLUMNS FROM `node_info` [ RunTime:0.0042s ]
SQL: SHOW COLUMNS FROM `node_info` [ RunTime:0.0045s ]
SQL: SELECT * FROM `node_info` WHERE `status` = 0 AND `depth` = 1 ORDER BY sort  [ RunTime:0.0007s ]
SQL: SHOW COLUMNS FROM `node_info` [ RunTime:0.0042s ]
SQL: SELECT * FROM `node_info` WHERE `depth` > 1 AND LEFT(id,2) = '04' AND `status` = 0  [ RunTime:0.0004s ]
SQL: SHOW COLUMNS FROM `node_info` [ RunTime:0.0033s ]
SQL: SHOW COLUMNS FROM `background` [ RunTime:0.0038s ]
SQL: SELECT b.id,b.name,p.savename,p.savepath,p.update_time FROM background b left join picture p on b.pic_id=p.id WHERE ( b.status=0 )  [ RunTime:0.0014s ]
INFO: [ view_parse ] --START--
INFO: [ template_filter ] --START--
INFO: Run Behavior\ContentReplaceBehavior [ RunTime:0.000372s ]
INFO: [ template_filter ] --END-- [ RunTime:0.000582s ]
NOTIC: [8] Use of undefined constant ONETHINK_VERSION - assumed 'ONETHINK_VERSION' D:\wamp\www\microweb\Application\Runtime\Cache\Admin\2133f1cae3f1e0fab391da3306ad135d.php 第 129 行.
INFO: Run Behavior\ParseTemplateBehavior [ RunTime:0.024138s ]
INFO: [ view_parse ] --END-- [ RunTime:0.024266s ]
INFO: [ view_filter ] --START--
INFO: Run Behavior\WriteHtmlCacheBehavior [ RunTime:0.000630s ]
INFO: [ view_filter ] --END-- [ RunTime:0.000743s ]
INFO: [ app_end ] --START--
INFO: Run Behavior\ShowPageTraceBehavior [ RunTime:0.001071s ]
INFO: [ app_end ] --END-- [ RunTime:0.001219s ]

[ 2015-12-16T19:16:43+08:00 ] ::1 /microweb/index.php/Admin/Reception/index
INFO: [ app_init ] --START--
INFO: Run Behavior\BuildLiteBehavior [ RunTime:0.000044s ]
INFO: [ app_init ] --END-- [ RunTime:0.001068s ]
INFO: [ app_begin ] --START--
INFO: Run Behavior\ReadHtmlCacheBehavior [ RunTime:0.000786s ]
INFO: [ app_begin ] --END-- [ RunTime:0.000917s ]
NOTIC: [2048] Declaration of Admin\Controller\ReceptionController::theme() should be compatible with Think\Controller::theme($theme) D:\wamp\www\microweb\Application\Admin\Controller\ReceptionController.class.php 第 8 行.
SQL: SHOW COLUMNS FROM `node_info` [ RunTime:0.0027s ]
SQL: SHOW COLUMNS FROM `node_info` [ RunTime:0.0028s ]
SQL: SELECT * FROM `node_info` WHERE `status` = 0 AND `depth` = 1 ORDER BY sort  [ RunTime:0.0004s ]
SQL: SHOW COLUMNS FROM `node_info` [ RunTime:0.0032s ]
SQL: SELECT * FROM `node_info` WHERE `depth` > 1 AND LEFT(id,2) = '04' AND `status` = 0  [ RunTime:0.0003s ]
SQL: SHOW COLUMNS FROM `node_info` [ RunTime:0.0029s ]
SQL: SHOW COLUMNS FROM `background` [ RunTime:0.0028s ]
SQL: SELECT b.id,b.name,p.savename,p.savepath,p.update_time FROM background b left join picture p on b.pic_id=p.id WHERE ( b.status=0 )  [ RunTime:0.0004s ]
INFO: [ view_parse ] --START--
INFO: [ template_filter ] --START--
INFO: Run Behavior\ContentReplaceBehavior [ RunTime:0.000218s ]
INFO: [ template_filter ] --END-- [ RunTime:0.000346s ]
NOTIC: [8] Use of undefined constant ONETHINK_VERSION - assumed 'ONETHINK_VERSION' D:\wamp\www\microweb\Application\Runtime\Cache\Admin\2133f1cae3f1e0fab391da3306ad135d.php 第 129 行.
INFO: Run Behavior\ParseTemplateBehavior [ RunTime:0.020474s ]
INFO: [ view_parse ] --END-- [ RunTime:0.020588s ]
INFO: [ view_filter ] --START--
INFO: Run Behavior\WriteHtmlCacheBehavior [ RunTime:0.000480s ]
INFO: [ view_filter ] --END-- [ RunTime:0.000585s ]
INFO: [ app_end ] --START--
INFO: Run Behavior\ShowPageTraceBehavior [ RunTime:0.000808s ]
INFO: [ app_end ] --END-- [ RunTime:0.000936s ]

[ 2015-12-16T19:31:19+08:00 ] ::1 /microweb/index.php/Admin/Reception/index
INFO: [ app_init ] --START--
INFO: Run Behavior\BuildLiteBehavior [ RunTime:0.000054s ]
INFO: [ app_init ] --END-- [ RunTime:0.000915s ]
INFO: [ app_begin ] --START--
INFO: Run Behavior\ReadHtmlCacheBehavior [ RunTime:0.001379s ]
INFO: [ app_begin ] --END-- [ RunTime:0.001899s ]
NOTIC: [2048] Declaration of Admin\Controller\ReceptionController::theme() should be compatible with Think\Controller::theme($theme) D:\wamp\www\microweb\Application\Admin\Controller\ReceptionController.class.php 第 8 行.
SQL: SHOW COLUMNS FROM `node_info` [ RunTime:0.0045s ]
SQL: SHOW COLUMNS FROM `node_info` [ RunTime:0.0045s ]
SQL: SELECT * FROM `node_info` WHERE `status` = 0 AND `depth` = 1 ORDER BY sort  [ RunTime:0.0007s ]
SQL: SHOW COLUMNS FROM `node_info` [ RunTime:0.0045s ]
SQL: SELECT * FROM `node_info` WHERE `depth` > 1 AND LEFT(id,2) = '04' AND `status` = 0  [ RunTime:0.0005s ]
SQL: SHOW COLUMNS FROM `node_info` [ RunTime:0.0048s ]
SQL: SHOW COLUMNS FROM `background` [ RunTime:0.0042s ]
SQL: SELECT b.id,b.name,p.savename,p.savepath,p.update_time FROM background b left join picture p on b.pic_id=p.id WHERE ( b.status=0 )  [ RunTime:0.0005s ]
INFO: [ view_parse ] --START--
INFO: [ template_filter ] --START--
INFO: Run Behavior\ContentReplaceBehavior [ RunTime:0.000217s ]
INFO: [ template_filter ] --END-- [ RunTime:0.000341s ]
NOTIC: [8] Use of undefined constant ONETHINK_VERSION - assumed 'ONETHINK_VERSION' D:\wamp\www\microweb\Application\Runtime\Cache\Admin\2133f1cae3f1e0fab391da3306ad135d.php 第 129 行.
INFO: Run Behavior\ParseTemplateBehavior [ RunTime:0.033883s ]
INFO: [ view_parse ] --END-- [ RunTime:0.034095s ]
INFO: [ view_filter ] --START--
INFO: Run Behavior\WriteHtmlCacheBehavior [ RunTime:0.000878s ]
INFO: [ view_filter ] --END-- [ RunTime:0.001077s ]
INFO: [ app_end ] --START--
INFO: Run Behavior\ShowPageTraceBehavior [ RunTime:0.001214s ]
INFO: [ app_end ] --END-- [ RunTime:0.001425s ]

[ 2015-12-16T19:32:02+08:00 ] ::1 /microweb/index.php/Admin/Reception/index
INFO: [ app_init ] --START--
INFO: Run Behavior\BuildLiteBehavior [ RunTime:0.000041s ]
INFO: [ app_init ] --END-- [ RunTime:0.000797s ]
INFO: [ app_begin ] --START--
INFO: Run Behavior\ReadHtmlCacheBehavior [ RunTime:0.000980s ]
INFO: [ app_begin ] --END-- [ RunTime:0.001166s ]
NOTIC: [2048] Declaration of Admin\Controller\ReceptionController::theme() should be compatible with Think\Controller::theme($theme) D:\wamp\www\microweb\Application\Admin\Controller\ReceptionController.class.php 第 8 行.
SQL: SHOW COLUMNS FROM `node_info` [ RunTime:0.0037s ]
SQL: SHOW COLUMNS FROM `node_info` [ RunTime:0.0029s ]
SQL: SELECT * FROM `node_info` WHERE `status` = 0 AND `depth` = 1 ORDER BY sort  [ RunTime:0.0004s ]
SQL: SHOW COLUMNS FROM `node_info` [ RunTime:0.0027s ]
SQL: SELECT * FROM `node_info` WHERE `depth` > 1 AND LEFT(id,2) = '04' AND `status` = 0  [ RunTime:0.0004s ]
SQL: SHOW COLUMNS FROM `node_info` [ RunTime:0.0039s ]
SQL: SHOW COLUMNS FROM `background` [ RunTime:0.0029s ]
SQL: SELECT b.id,b.name,p.savename,p.savepath,p.update_time FROM background b left join picture p on b.pic_id=p.id WHERE ( b.status=0 )  [ RunTime:0.0003s ]
INFO: [ view_parse ] --START--
INFO: [ template_filter ] --START--
INFO: Run Behavior\ContentReplaceBehavior [ RunTime:0.000209s ]
INFO: [ template_filter ] --END-- [ RunTime:0.000328s ]
NOTIC: [8] Use of undefined constant ONETHINK_VERSION - assumed 'ONETHINK_VERSION' D:\wamp\www\microweb\Application\Runtime\Cache\Admin\2133f1cae3f1e0fab391da3306ad135d.php 第 129 行.
INFO: Run Behavior\ParseTemplateBehavior [ RunTime:0.020186s ]
INFO: [ view_parse ] --END-- [ RunTime:0.020300s ]
INFO: [ view_filter ] --START--
INFO: Run Behavior\WriteHtmlCacheBehavior [ RunTime:0.000458s ]
INFO: [ view_filter ] --END-- [ RunTime:0.000573s ]
INFO: [ app_end ] --START--
INFO: Run Behavior\ShowPageTraceBehavior [ RunTime:0.000611s ]
INFO: [ app_end ] --END-- [ RunTime:0.000718s ]

[ 2015-12-16T19:40:46+08:00 ] ::1 /microweb/index.php/Admin/Reception/index
INFO: [ app_init ] --START--
INFO: Run Behavior\BuildLiteBehavior [ RunTime:0.000058s ]
INFO: [ app_init ] --END-- [ RunTime:0.000797s ]
INFO: [ app_begin ] --START--
INFO: Run Behavior\ReadHtmlCacheBehavior [ RunTime:0.000981s ]
INFO: [ app_begin ] --END-- [ RunTime:0.001179s ]
NOTIC: [2048] Declaration of Admin\Controller\ReceptionController::theme() should be compatible with Think\Controller::theme($theme) D:\wamp\www\microweb\Application\Admin\Controller\ReceptionController.class.php 第 8 行.
SQL: SHOW COLUMNS FROM `node_info` [ RunTime:0.0074s ]
SQL: SHOW COLUMNS FROM `node_info` [ RunTime:0.0043s ]
SQL: SELECT * FROM `node_info` WHERE `status` = 0 AND `depth` = 1 ORDER BY sort  [ RunTime:0.0007s ]
SQL: SHOW COLUMNS FROM `node_info` [ RunTime:0.0032s ]
SQL: SELECT * FROM `node_info` WHERE `depth` > 1 AND LEFT(id,2) = '04' AND `status` = 0  [ RunTime:0.0004s ]
SQL: SHOW COLUMNS FROM `node_info` [ RunTime:0.0029s ]
SQL: SHOW COLUMNS FROM `background` [ RunTime:0.0031s ]
SQL: SELECT b.id,b.name,p.savename,p.savepath,p.update_time FROM background b left join picture p on b.pic_id=p.id WHERE ( b.status=0 )  [ RunTime:0.0008s ]
INFO: [ view_parse ] --START--
INFO: [ template_filter ] --START--
INFO: Run Behavior\ContentReplaceBehavior [ RunTime:0.000213s ]
INFO: [ template_filter ] --END-- [ RunTime:0.000332s ]
NOTIC: [8] Use of undefined constant ONETHINK_VERSION - assumed 'ONETHINK_VERSION' D:\wamp\www\microweb\Application\Runtime\Cache\Admin\2133f1cae3f1e0fab391da3306ad135d.php 第 129 行.
INFO: Run Behavior\ParseTemplateBehavior [ RunTime:0.021111s ]
INFO: [ view_parse ] --END-- [ RunTime:0.021234s ]
INFO: [ view_filter ] --START--
INFO: Run Behavior\WriteHtmlCacheBehavior [ RunTime:0.000559s ]
INFO: [ view_filter ] --END-- [ RunTime:0.000667s ]
INFO: [ app_end ] --START--
INFO: Run Behavior\ShowPageTraceBehavior [ RunTime:0.000750s ]
INFO: [ app_end ] --END-- [ RunTime:0.000858s ]

[ 2015-12-16T19:40:58+08:00 ] ::1 /microweb/index.php/Admin/Reception/uploadPictures
INFO: [ app_init ] --START--
INFO: Run Behavior\BuildLiteBehavior [ RunTime:0.000044s ]
INFO: [ app_init ] --END-- [ RunTime:0.000659s ]
INFO: [ app_begin ] --START--
INFO: Run Behavior\ReadHtmlCacheBehavior [ RunTime:0.000656s ]
INFO: [ app_begin ] --END-- [ RunTime:0.000793s ]
NOTIC: [2048] Declaration of Admin\Controller\ReceptionController::theme() should be compatible with Think\Controller::theme($theme) D:\wamp\www\microweb\Application\Admin\Controller\ReceptionController.class.php 第 8 行.
SQL: SHOW COLUMNS FROM `node_info` [ RunTime:0.0032s ]
SQL: SHOW COLUMNS FROM `node_info` [ RunTime:0.0028s ]
SQL: SELECT * FROM `node_info` WHERE `status` = 0 AND `depth` = 1 ORDER BY sort  [ RunTime:0.0004s ]
SQL: SHOW COLUMNS FROM `node_info` [ RunTime:0.0027s ]
SQL: SELECT * FROM `node_info` WHERE `depth` > 1 AND LEFT(id,2) = '04' AND `status` = 0  [ RunTime:0.0003s ]
NOTIC: [2] call_user_func() expects parameter 1 to be a valid callback, no array or string given D:\wamp\www\microweb\ThinkPHP\Library\Think\Upload.class.php 第 170 行.

[ 2015-12-16T19:40:58+08:00 ] ::1 /microweb/index.php/Admin/Reception/uploadPictures
INFO: [ app_init ] --START--
INFO: Run Behavior\BuildLiteBehavior [ RunTime:0.000029s ]
INFO: [ app_init ] --END-- [ RunTime:0.000554s ]
INFO: [ app_begin ] --START--
INFO: Run Behavior\ReadHtmlCacheBehavior [ RunTime:0.000706s ]
INFO: [ app_begin ] --END-- [ RunTime:0.000823s ]
NOTIC: [2048] Declaration of Admin\Controller\ReceptionController::theme() should be compatible with Think\Controller::theme($theme) D:\wamp\www\microweb\Application\Admin\Controller\ReceptionController.class.php 第 8 行.
SQL: SHOW COLUMNS FROM `node_info` [ RunTime:0.0029s ]
SQL: SHOW COLUMNS FROM `node_info` [ RunTime:0.0034s ]
SQL: SELECT * FROM `node_info` WHERE `status` = 0 AND `depth` = 1 ORDER BY sort  [ RunTime:0.0005s ]
SQL: SHOW COLUMNS FROM `node_info` [ RunTime:0.0028s ]
SQL: SELECT * FROM `node_info` WHERE `depth` > 1 AND LEFT(id,2) = '04' AND `status` = 0  [ RunTime:0.0004s ]
NOTIC: [2] call_user_func() expects parameter 1 to be a valid callback, no array or string given D:\wamp\www\microweb\ThinkPHP\Library\Think\Upload.class.php 第 170 行.

[ 2015-12-16T19:57:50+08:00 ] ::1 /microweb/index.php/Admin/Reception/index
INFO: [ app_init ] --START--
INFO: Run Behavior\BuildLiteBehavior [ RunTime:0.000035s ]
INFO: [ app_init ] --END-- [ RunTime:0.000678s ]
INFO: [ app_begin ] --START--
INFO: Run Behavior\ReadHtmlCacheBehavior [ RunTime:0.000791s ]
INFO: [ app_begin ] --END-- [ RunTime:0.000914s ]
NOTIC: [2048] Declaration of Admin\Controller\ReceptionController::theme() should be compatible with Think\Controller::theme($theme) D:\wamp\www\microweb\Application\Admin\Controller\ReceptionController.class.php 第 8 行.
SQL: SHOW COLUMNS FROM `node_info` [ RunTime:0.0045s ]
SQL: SHOW COLUMNS FROM `node_info` [ RunTime:0.0044s ]
SQL: SELECT * FROM `node_info` WHERE `status` = 0 AND `depth` = 1 ORDER BY sort  [ RunTime:0.0004s ]
SQL: SHOW COLUMNS FROM `node_info` [ RunTime:0.0028s ]
SQL: SELECT * FROM `node_info` WHERE `depth` > 1 AND LEFT(id,2) = '04' AND `status` = 0  [ RunTime:0.0003s ]
SQL: SHOW COLUMNS FROM `node_info` [ RunTime:0.0030s ]
SQL: SHOW COLUMNS FROM `background` [ RunTime:0.0031s ]
SQL: SELECT b.id,b.name,p.savename,p.savepath,p.update_time FROM background b left join picture p on b.pic_id=p.id WHERE ( b.status=0 )  [ RunTime:0.0003s ]
INFO: [ view_parse ] --START--
INFO: [ template_filter ] --START--
INFO: Run Behavior\ContentReplaceBehavior [ RunTime:0.000219s ]
INFO: [ template_filter ] --END-- [ RunTime:0.000344s ]
NOTIC: [8] Use of undefined constant ONETHINK_VERSION - assumed 'ONETHINK_VERSION' D:\wamp\www\microweb\Application\Runtime\Cache\Admin\2133f1cae3f1e0fab391da3306ad135d.php 第 129 行.
INFO: Run Behavior\ParseTemplateBehavior [ RunTime:0.020435s ]
INFO: [ view_parse ] --END-- [ RunTime:0.020558s ]
INFO: [ view_filter ] --START--
INFO: Run Behavior\WriteHtmlCacheBehavior [ RunTime:0.000561s ]
INFO: [ view_filter ] --END-- [ RunTime:0.000663s ]
INFO: [ app_end ] --START--
INFO: Run Behavior\ShowPageTraceBehavior [ RunTime:0.000721s ]
INFO: [ app_end ] --END-- [ RunTime:0.000826s ]

[ 2015-12-16T19:57:55+08:00 ] ::1 /microweb/index.php/Admin/Reception/index
INFO: [ app_init ] --START--
INFO: Run Behavior\BuildLiteBehavior [ RunTime:0.000035s ]
INFO: [ app_init ] --END-- [ RunTime:0.000719s ]
INFO: [ app_begin ] --START--
INFO: Run Behavior\ReadHtmlCacheBehavior [ RunTime:0.001128s ]
INFO: [ app_begin ] --END-- [ RunTime:0.001361s ]
NOTIC: [2048] Declaration of Admin\Controller\ReceptionController::theme() should be compatible with Think\Controller::theme($theme) D:\wamp\www\microweb\Application\Admin\Controller\ReceptionController.class.php 第 8 行.
SQL: SHOW COLUMNS FROM `node_info` [ RunTime:0.0067s ]
SQL: SHOW COLUMNS FROM `node_info` [ RunTime:0.0031s ]
SQL: SELECT * FROM `node_info` WHERE `status` = 0 AND `depth` = 1 ORDER BY sort  [ RunTime:0.0004s ]
SQL: SHOW COLUMNS FROM `node_info` [ RunTime:0.0034s ]
SQL: SELECT * FROM `node_info` WHERE `depth` > 1 AND LEFT(id,2) = '04' AND `status` = 0  [ RunTime:0.0004s ]
SQL: SHOW COLUMNS FROM `node_info` [ RunTime:0.0032s ]
SQL: SHOW COLUMNS FROM `background` [ RunTime:0.0035s ]
SQL: SELECT b.id,b.name,p.savename,p.savepath,p.update_time FROM background b left join picture p on b.pic_id=p.id WHERE ( b.status=0 )  [ RunTime:0.0004s ]
INFO: [ view_parse ] --START--
INFO: [ template_filter ] --START--
INFO: Run Behavior\ContentReplaceBehavior [ RunTime:0.000219s ]
INFO: [ template_filter ] --END-- [ RunTime:0.000342s ]
NOTIC: [8] Use of undefined constant ONETHINK_VERSION - assumed 'ONETHINK_VERSION' D:\wamp\www\microweb\Application\Runtime\Cache\Admin\2133f1cae3f1e0fab391da3306ad135d.php 第 129 行.
INFO: Run Behavior\ParseTemplateBehavior [ RunTime:0.022257s ]
INFO: [ view_parse ] --END-- [ RunTime:0.022383s ]
INFO: [ view_filter ] --START--
INFO: Run Behavior\WriteHtmlCacheBehavior [ RunTime:0.000587s ]
INFO: [ view_filter ] --END-- [ RunTime:0.000693s ]
INFO: [ app_end ] --START--
INFO: Run Behavior\ShowPageTraceBehavior [ RunTime:0.000837s ]
INFO: [ app_end ] --END-- [ RunTime:0.000947s ]

[ 2015-12-16T19:58:01+08:00 ] ::1 /microweb/index.php/Admin/Reception/uploadPictures
INFO: [ app_init ] --START--
INFO: Run Behavior\BuildLiteBehavior [ RunTime:0.000036s ]
INFO: [ app_init ] --END-- [ RunTime:0.000728s ]
INFO: [ app_begin ] --START--
INFO: Run Behavior\ReadHtmlCacheBehavior [ RunTime:0.001052s ]
INFO: [ app_begin ] --END-- [ RunTime:0.001226s ]
NOTIC: [2048] Declaration of Admin\Controller\ReceptionController::theme() should be compatible with Think\Controller::theme($theme) D:\wamp\www\microweb\Application\Admin\Controller\ReceptionController.class.php 第 8 行.
SQL: SHOW COLUMNS FROM `node_info` [ RunTime:0.0032s ]
SQL: SHOW COLUMNS FROM `node_info` [ RunTime:0.0029s ]
SQL: SELECT * FROM `node_info` WHERE `status` = 0 AND `depth` = 1 ORDER BY sort  [ RunTime:0.0003s ]
SQL: SHOW COLUMNS FROM `node_info` [ RunTime:0.0031s ]
SQL: SELECT * FROM `node_info` WHERE `depth` > 1 AND LEFT(id,2) = '04' AND `status` = 0  [ RunTime:0.0005s ]
NOTIC: [2] call_user_func() expects parameter 1 to be a valid callback, no array or string given D:\wamp\www\microweb\ThinkPHP\Library\Think\Upload.class.php 第 170 行.
SQL: SHOW COLUMNS FROM `picture` [ RunTime:0.0039s ]
SQL: SELECT * FROM `picture` WHERE `md5` = '15e4ea6badf1d33860afe6fb86bfcae3'  [ RunTime:0.0003s ]
SQL: SHOW COLUMNS FROM `background` [ RunTime:0.0030s ]
SQL: SELECT * FROM `background` WHERE `pic_id` = 22 LIMIT 1   [ RunTime:0.0003s ]

[ 2015-12-16T19:58:02+08:00 ] ::1 /microweb/index.php/Admin/Reception/index
INFO: [ app_init ] --START--
INFO: Run Behavior\BuildLiteBehavior [ RunTime:0.000032s ]
INFO: [ app_init ] --END-- [ RunTime:0.000633s ]
INFO: [ app_begin ] --START--
INFO: Run Behavior\ReadHtmlCacheBehavior [ RunTime:0.000989s ]
INFO: [ app_begin ] --END-- [ RunTime:0.001177s ]
NOTIC: [2048] Declaration of Admin\Controller\ReceptionController::theme() should be compatible with Think\Controller::theme($theme) D:\wamp\www\microweb\Application\Admin\Controller\ReceptionController.class.php 第 8 行.
SQL: SHOW COLUMNS FROM `node_info` [ RunTime:0.0060s ]
SQL: SHOW COLUMNS FROM `node_info` [ RunTime:0.0033s ]
SQL: SELECT * FROM `node_info` WHERE `status` = 0 AND `depth` = 1 ORDER BY sort  [ RunTime:0.0004s ]
SQL: SHOW COLUMNS FROM `node_info` [ RunTime:0.0042s ]
SQL: SELECT * FROM `node_info` WHERE `depth` > 1 AND LEFT(id,2) = '04' AND `status` = 0  [ RunTime:0.0004s ]
SQL: SHOW COLUMNS FROM `node_info` [ RunTime:0.0032s ]
SQL: SHOW COLUMNS FROM `background` [ RunTime:0.0029s ]
SQL: SELECT b.id,b.name,p.savename,p.savepath,p.update_time FROM background b left join picture p on b.pic_id=p.id WHERE ( b.status=0 )  [ RunTime:0.0003s ]
INFO: [ view_parse ] --START--
INFO: [ template_filter ] --START--
INFO: Run Behavior\ContentReplaceBehavior [ RunTime:0.000207s ]
INFO: [ template_filter ] --END-- [ RunTime:0.000324s ]
NOTIC: [8] Use of undefined constant ONETHINK_VERSION - assumed 'ONETHINK_VERSION' D:\wamp\www\microweb\Application\Runtime\Cache\Admin\2133f1cae3f1e0fab391da3306ad135d.php 第 129 行.
INFO: Run Behavior\ParseTemplateBehavior [ RunTime:0.021393s ]
INFO: [ view_parse ] --END-- [ RunTime:0.021520s ]
INFO: [ view_filter ] --START--
INFO: Run Behavior\WriteHtmlCacheBehavior [ RunTime:0.000657s ]
INFO: [ view_filter ] --END-- [ RunTime:0.000764s ]
INFO: [ app_end ] --START--
INFO: Run Behavior\ShowPageTraceBehavior [ RunTime:0.000754s ]
INFO: [ app_end ] --END-- [ RunTime:0.000861s ]

[ 2015-12-16T19:58:03+08:00 ] ::1 /microweb/index.php/Admin/Reception/index
INFO: [ app_init ] --START--
INFO: Run Behavior\BuildLiteBehavior [ RunTime:0.000058s ]
INFO: [ app_init ] --END-- [ RunTime:0.001146s ]
INFO: [ app_begin ] --START--
INFO: Run Behavior\ReadHtmlCacheBehavior [ RunTime:0.001613s ]
INFO: [ app_begin ] --END-- [ RunTime:0.001913s ]
NOTIC: [2048] Declaration of Admin\Controller\ReceptionController::theme() should be compatible with Think\Controller::theme($theme) D:\wamp\www\microweb\Application\Admin\Controller\ReceptionController.class.php 第 8 行.
SQL: SHOW COLUMNS FROM `node_info` [ RunTime:0.0089s ]
SQL: SHOW COLUMNS FROM `node_info` [ RunTime:0.0038s ]
SQL: SELECT * FROM `node_info` WHERE `status` = 0 AND `depth` = 1 ORDER BY sort  [ RunTime:0.0005s ]
SQL: SHOW COLUMNS FROM `node_info` [ RunTime:0.0036s ]
SQL: SELECT * FROM `node_info` WHERE `depth` > 1 AND LEFT(id,2) = '04' AND `status` = 0  [ RunTime:0.0004s ]
SQL: SHOW COLUMNS FROM `node_info` [ RunTime:0.0037s ]
SQL: SHOW COLUMNS FROM `background` [ RunTime:0.0053s ]
SQL: SELECT b.id,b.name,p.savename,p.savepath,p.update_time FROM background b left join picture p on b.pic_id=p.id WHERE ( b.status=0 )  [ RunTime:0.0005s ]
INFO: [ view_parse ] --START--
INFO: [ template_filter ] --START--
INFO: Run Behavior\ContentReplaceBehavior [ RunTime:0.000216s ]
INFO: [ template_filter ] --END-- [ RunTime:0.000337s ]
NOTIC: [8] Use of undefined constant ONETHINK_VERSION - assumed 'ONETHINK_VERSION' D:\wamp\www\microweb\Application\Runtime\Cache\Admin\2133f1cae3f1e0fab391da3306ad135d.php 第 129 行.
INFO: Run Behavior\ParseTemplateBehavior [ RunTime:0.024712s ]
INFO: [ view_parse ] --END-- [ RunTime:0.024899s ]
INFO: [ view_filter ] --START--
INFO: Run Behavior\WriteHtmlCacheBehavior [ RunTime:0.000570s ]
INFO: [ view_filter ] --END-- [ RunTime:0.000671s ]
INFO: [ app_end ] --START--
INFO: Run Behavior\ShowPageTraceBehavior [ RunTime:0.000668s ]
INFO: [ app_end ] --END-- [ RunTime:0.000772s ]

[ 2015-12-16T21:58:33+08:00 ] ::1 /microweb/index.php/Admin/Reception/index
INFO: [ app_init ] --START--
INFO: Run Behavior\BuildLiteBehavior [ RunTime:0.000083s ]
INFO: [ app_init ] --END-- [ RunTime:0.001063s ]
INFO: [ app_begin ] --START--
INFO: Run Behavior\ReadHtmlCacheBehavior [ RunTime:0.001413s ]
INFO: [ app_begin ] --END-- [ RunTime:0.001678s ]
NOTIC: [2048] Declaration of Admin\Controller\ReceptionController::theme() should be compatible with Think\Controller::theme($theme) D:\wamp\www\microweb\Application\Admin\Controller\ReceptionController.class.php 第 8 行.
SQL: SHOW COLUMNS FROM `node_info` [ RunTime:0.0084s ]
SQL: SHOW COLUMNS FROM `node_info` [ RunTime:0.0046s ]
SQL: SELECT * FROM `node_info` WHERE `status` = 0 AND `depth` = 1 ORDER BY sort  [ RunTime:0.0007s ]
SQL: SHOW COLUMNS FROM `node_info` [ RunTime:0.0046s ]
SQL: SELECT * FROM `node_info` WHERE `depth` > 1 AND LEFT(id,2) = '04' AND `status` = 0  [ RunTime:0.0005s ]
SQL: SHOW COLUMNS FROM `node_info` [ RunTime:0.0044s ]
SQL: SHOW COLUMNS FROM `background` [ RunTime:0.0044s ]
SQL: SELECT b.id,b.name,p.savename,p.savepath,p.update_time FROM background b left join picture p on b.pic_id=p.id WHERE ( b.status=0 )  [ RunTime:0.0008s ]
INFO: [ view_parse ] --START--
INFO: [ template_filter ] --START--
INFO: Run Behavior\ContentReplaceBehavior [ RunTime:0.000364s ]
INFO: [ template_filter ] --END-- [ RunTime:0.000561s ]
NOTIC: [8] Use of undefined constant ONETHINK_VERSION - assumed 'ONETHINK_VERSION' D:\wamp\www\microweb\Application\Runtime\Cache\Admin\2133f1cae3f1e0fab391da3306ad135d.php 第 129 行.
INFO: Run Behavior\ParseTemplateBehavior [ RunTime:0.035833s ]
INFO: [ view_parse ] --END-- [ RunTime:0.036029s ]
INFO: [ view_filter ] --START--
INFO: Run Behavior\WriteHtmlCacheBehavior [ RunTime:0.000669s ]
INFO: [ view_filter ] --END-- [ RunTime:0.000771s ]
INFO: [ app_end ] --START--
INFO: Run Behavior\ShowPageTraceBehavior [ RunTime:0.000828s ]
INFO: [ app_end ] --END-- [ RunTime:0.000932s ]

