[ 2015-12-17T17:09:37+08:00 ] ::1 /microweb/index.php/admin
INFO: [ app_init ] --START--
INFO: Run Behavior\BuildLiteBehavior [ RunTime:0.000027s ]
INFO: [ app_init ] --END-- [ RunTime:0.000551s ]
INFO: [ app_begin ] --START--
INFO: Run Behavior\ReadHtmlCacheBehavior [ RunTime:0.001014s ]
INFO: [ app_begin ] --END-- [ RunTime:0.001215s ]

[ 2015-12-17T17:09:37+08:00 ] ::1 /microweb/index.php/Admin/Public/login
INFO: [ app_init ] --START--
INFO: Run Behavior\BuildLiteBehavior [ RunTime:0.000026s ]
INFO: [ app_init ] --END-- [ RunTime:0.000549s ]
INFO: [ app_begin ] --START--
INFO: Run Behavior\ReadHtmlCacheBehavior [ RunTime:0.000626s ]
INFO: [ app_begin ] --END-- [ RunTime:0.000738s ]
INFO: [ view_parse ] --START--
INFO: [ template_filter ] --START--
INFO: Run Behavior\ContentReplaceBehavior [ RunTime:0.000094s ]
INFO: [ template_filter ] --END-- [ RunTime:0.000216s ]
INFO: Run Behavior\ParseTemplateBehavior [ RunTime:0.008571s ]
INFO: [ view_parse ] --END-- [ RunTime:0.008693s ]
INFO: [ view_filter ] --START--
INFO: Run Behavior\WriteHtmlCacheBehavior [ RunTime:0.000435s ]
INFO: [ view_filter ] --END-- [ RunTime:0.000537s ]
INFO: [ app_end ] --START--
INFO: Run Behavior\ShowPageTraceBehavior [ RunTime:0.000682s ]
INFO: [ app_end ] --END-- [ RunTime:0.000787s ]

[ 2015-12-17T17:09:37+08:00 ] ::1 /microweb/index.php/Admin/Public/verify
INFO: [ app_init ] --START--
INFO: Run Behavior\BuildLiteBehavior [ RunTime:0.000056s ]
INFO: [ app_init ] --END-- [ RunTime:0.001547s ]
INFO: [ app_begin ] --START--
INFO: Run Behavior\ReadHtmlCacheBehavior [ RunTime:0.000607s ]
INFO: [ app_begin ] --END-- [ RunTime:0.000732s ]
INFO: [ app_end ] --START--
INFO: Run Behavior\ShowPageTraceBehavior [ RunTime:0.000835s ]
INFO: [ app_end ] --END-- [ RunTime:0.000978s ]

[ 2015-12-17T17:09:49+08:00 ] ::1 /microweb/index.php/Admin/Public/do_login
INFO: [ app_init ] --START--
INFO: Run Behavior\BuildLiteBehavior [ RunTime:0.000032s ]
INFO: [ app_init ] --END-- [ RunTime:0.000696s ]
INFO: [ app_begin ] --START--
INFO: Run Behavior\ReadHtmlCacheBehavior [ RunTime:0.000695s ]
INFO: [ app_begin ] --END-- [ RunTime:0.000823s ]
SQL: SHOW COLUMNS FROM `admin_info` [ RunTime:0.0119s ]
SQL: SELECT * FROM `admin_info` WHERE `account` = 'admin' LIMIT 1   [ RunTime:0.0004s ]
INFO: [ app_end ] --START--
INFO: Run Behavior\ShowPageTraceBehavior [ RunTime:0.000763s ]
INFO: [ app_end ] --END-- [ RunTime:0.000873s ]

[ 2015-12-17T17:09:49+08:00 ] ::1 /microweb/index.php/Admin/Index/index.html
INFO: [ app_init ] --START--
INFO: Run Behavior\BuildLiteBehavior [ RunTime:0.000026s ]
INFO: [ app_init ] --END-- [ RunTime:0.000447s ]
INFO: [ app_begin ] --START--
INFO: Run Behavior\ReadHtmlCacheBehavior [ RunTime:0.000627s ]
INFO: [ app_begin ] --END-- [ RunTime:0.000748s ]
SQL: SHOW COLUMNS FROM `node_info` [ RunTime:0.0037s ]
SQL: SHOW COLUMNS FROM `node_info` [ RunTime:0.0032s ]
SQL: SELECT * FROM `node_info` WHERE `status` = 0 AND `depth` = 1 ORDER BY sort  [ RunTime:0.0020s ]
SQL: SHOW COLUMNS FROM `node_info` [ RunTime:0.0040s ]
SQL: SELECT * FROM `node_info` WHERE `depth` > 1 AND LEFT(id,2) = '01' AND `status` = 0  [ RunTime:0.0006s ]
NOTIC: [8] Undefined variable: arr D:\wamp\www\microweb\Application\Admin\Controller\BaseController.class.php 第 64 行.
SQL: SHOW COLUMNS FROM `admin_info` [ RunTime:0.0032s ]
SQL: SELECT COUNT(*) AS tp_count FROM `admin_info` WHERE ( status=0 ) LIMIT 1   [ RunTime:0.0002s ]
SQL: SHOW COLUMNS FROM `user_info` [ RunTime:0.0034s ]
SQL: SELECT COUNT(*) AS tp_count FROM `user_info` WHERE ( status=0 ) LIMIT 1   [ RunTime:0.0004s ]
SQL: SHOW COLUMNS FROM `site_info` [ RunTime:0.0033s ]
SQL: SELECT COUNT(*) AS tp_count FROM `site_info` WHERE ( status=0 ) LIMIT 1   [ RunTime:0.0007s ]
SQL: SHOW COLUMNS FROM `article` [ RunTime:0.0037s ]
SQL: SELECT COUNT(*) AS tp_count FROM `article` WHERE ( status=0 ) LIMIT 1   [ RunTime:0.0004s ]
SQL: SHOW COLUMNS FROM `controller` [ RunTime:0.0036s ]
SQL: SELECT COUNT(*) AS tp_count FROM `controller` WHERE ( status=0 ) LIMIT 1   [ RunTime:0.0004s ]
INFO: [ view_parse ] --START--
INFO: [ template_filter ] --START--
INFO: Run Behavior\ContentReplaceBehavior [ RunTime:0.000223s ]
INFO: [ template_filter ] --END-- [ RunTime:0.000342s ]
NOTIC: [8] Use of undefined constant ONETHINK_VERSION - assumed 'ONETHINK_VERSION' D:\wamp\www\microweb\Application\Runtime\Cache\Admin\b595b808c2ebeeeb0478ffc30bb4e87a.php 第 234 行.
INFO: Run Behavior\ParseTemplateBehavior [ RunTime:0.018612s ]
INFO: [ view_parse ] --END-- [ RunTime:0.018749s ]
INFO: [ view_filter ] --START--
INFO: Run Behavior\WriteHtmlCacheBehavior [ RunTime:0.000406s ]
INFO: [ view_filter ] --END-- [ RunTime:0.000508s ]
INFO: [ app_end ] --START--
INFO: Run Behavior\ShowPageTraceBehavior [ RunTime:0.000524s ]
INFO: [ app_end ] --END-- [ RunTime:0.000628s ]

[ 2015-12-17T17:33:25+08:00 ] ::1 /microweb/index.php/Admin/Reception/index
INFO: [ app_init ] --START--
INFO: Run Behavior\BuildLiteBehavior [ RunTime:0.000046s ]
INFO: [ app_init ] --END-- [ RunTime:0.000853s ]
INFO: [ app_begin ] --START--
INFO: Run Behavior\ReadHtmlCacheBehavior [ RunTime:0.000811s ]
INFO: [ app_begin ] --END-- [ RunTime:0.000946s ]
NOTIC: [2048] Declaration of Admin\Controller\ReceptionController::theme() should be compatible with Think\Controller::theme($theme) D:\wamp\www\microweb\Application\Admin\Controller\ReceptionController.class.php 第 8 行.
SQL: SHOW COLUMNS FROM `node_info` [ RunTime:0.0039s ]
SQL: SHOW COLUMNS FROM `node_info` [ RunTime:0.0039s ]
SQL: SELECT * FROM `node_info` WHERE `status` = 0 AND `depth` = 1 ORDER BY sort  [ RunTime:0.0014s ]
SQL: SHOW COLUMNS FROM `node_info` [ RunTime:0.0044s ]
SQL: SELECT * FROM `node_info` WHERE `depth` > 1 AND LEFT(id,2) = '04' AND `status` = 0  [ RunTime:0.0004s ]
SQL: SHOW COLUMNS FROM `node_info` [ RunTime:0.0035s ]
SQL: SHOW COLUMNS FROM `background` [ RunTime:0.0035s ]
SQL: SELECT b.id,b.name,p.savename,p.savepath,p.update_time FROM background b left join picture p on b.pic_id=p.id WHERE ( b.status=0 )  [ RunTime:0.0006s ]
INFO: [ view_parse ] --START--
INFO: [ template_filter ] --START--
INFO: Run Behavior\ContentReplaceBehavior [ RunTime:0.000237s ]
INFO: [ template_filter ] --END-- [ RunTime:0.000369s ]
NOTIC: [8] Use of undefined constant ONETHINK_VERSION - assumed 'ONETHINK_VERSION' D:\wamp\www\microweb\Application\Runtime\Cache\Admin\2133f1cae3f1e0fab391da3306ad135d.php 第 129 行.
INFO: Run Behavior\ParseTemplateBehavior [ RunTime:0.021921s ]
INFO: [ view_parse ] --END-- [ RunTime:0.022041s ]
INFO: [ view_filter ] --START--
INFO: Run Behavior\WriteHtmlCacheBehavior [ RunTime:0.000600s ]
INFO: [ view_filter ] --END-- [ RunTime:0.000706s ]
INFO: [ app_end ] --START--
INFO: Run Behavior\ShowPageTraceBehavior [ RunTime:0.000781s ]
INFO: [ app_end ] --END-- [ RunTime:0.000888s ]

[ 2015-12-17T17:33:33+08:00 ] ::1 /microweb/index.php/Admin/Reception/index
INFO: [ app_init ] --START--
INFO: Run Behavior\BuildLiteBehavior [ RunTime:0.000033s ]
INFO: [ app_init ] --END-- [ RunTime:0.000673s ]
INFO: [ app_begin ] --START--
INFO: Run Behavior\ReadHtmlCacheBehavior [ RunTime:0.000958s ]
INFO: [ app_begin ] --END-- [ RunTime:0.001195s ]
NOTIC: [2048] Declaration of Admin\Controller\ReceptionController::theme() should be compatible with Think\Controller::theme($theme) D:\wamp\www\microweb\Application\Admin\Controller\ReceptionController.class.php 第 8 行.
SQL: SHOW COLUMNS FROM `node_info` [ RunTime:0.0039s ]
SQL: SHOW COLUMNS FROM `node_info` [ RunTime:0.0050s ]
SQL: SELECT * FROM `node_info` WHERE `status` = 0 AND `depth` = 1 ORDER BY sort  [ RunTime:0.0004s ]
SQL: SHOW COLUMNS FROM `node_info` [ RunTime:0.0038s ]
SQL: SELECT * FROM `node_info` WHERE `depth` > 1 AND LEFT(id,2) = '04' AND `status` = 0  [ RunTime:0.0004s ]
SQL: SHOW COLUMNS FROM `node_info` [ RunTime:0.0038s ]
SQL: SHOW COLUMNS FROM `background` [ RunTime:0.0037s ]
SQL: SELECT b.id,b.name,p.savename,p.savepath,p.update_time FROM background b left join picture p on b.pic_id=p.id WHERE ( b.status=0 )  [ RunTime:0.0005s ]
INFO: [ view_parse ] --START--
INFO: [ template_filter ] --START--
INFO: Run Behavior\ContentReplaceBehavior [ RunTime:0.000255s ]
INFO: [ template_filter ] --END-- [ RunTime:0.000399s ]
NOTIC: [8] Use of undefined constant ONETHINK_VERSION - assumed 'ONETHINK_VERSION' D:\wamp\www\microweb\Application\Runtime\Cache\Admin\2133f1cae3f1e0fab391da3306ad135d.php 第 129 行.
INFO: Run Behavior\ParseTemplateBehavior [ RunTime:0.024433s ]
INFO: [ view_parse ] --END-- [ RunTime:0.024558s ]
INFO: [ view_filter ] --START--
INFO: Run Behavior\WriteHtmlCacheBehavior [ RunTime:0.000560s ]
INFO: [ view_filter ] --END-- [ RunTime:0.000664s ]
INFO: [ app_end ] --START--
INFO: Run Behavior\ShowPageTraceBehavior [ RunTime:0.000703s ]
INFO: [ app_end ] --END-- [ RunTime:0.000806s ]

[ 2015-12-17T18:13:02+08:00 ] ::1 /microweb/index.php/Admin/Reception/index
INFO: [ app_init ] --START--
INFO: Run Behavior\BuildLiteBehavior [ RunTime:0.000033s ]
INFO: [ app_init ] --END-- [ RunTime:0.000590s ]
INFO: [ app_begin ] --START--
INFO: Run Behavior\ReadHtmlCacheBehavior [ RunTime:0.000607s ]
INFO: [ app_begin ] --END-- [ RunTime:0.000726s ]
NOTIC: [2048] Declaration of Admin\Controller\ReceptionController::theme() should be compatible with Think\Controller::theme($theme) D:\wamp\www\microweb\Application\Admin\Controller\ReceptionController.class.php 第 8 行.
SQL: SHOW COLUMNS FROM `node_info` [ RunTime:0.0048s ]
SQL: SHOW COLUMNS FROM `node_info` [ RunTime:0.0041s ]
SQL: SELECT * FROM `node_info` WHERE `status` = 0 AND `depth` = 1 ORDER BY sort  [ RunTime:0.0007s ]
SQL: SHOW COLUMNS FROM `node_info` [ RunTime:0.0033s ]
SQL: SELECT * FROM `node_info` WHERE `depth` > 1 AND LEFT(id,2) = '04' AND `status` = 0  [ RunTime:0.0003s ]
SQL: SHOW COLUMNS FROM `node_info` [ RunTime:0.0056s ]
SQL: SHOW COLUMNS FROM `background` [ RunTime:0.0033s ]
SQL: SELECT b.id,b.name,p.savename,p.savepath,p.update_time FROM background b left join picture p on b.pic_id=p.id WHERE ( b.status=0 )  [ RunTime:0.0008s ]
INFO: [ view_parse ] --START--
INFO: [ template_filter ] --START--
INFO: Run Behavior\ContentReplaceBehavior [ RunTime:0.000208s ]
INFO: [ template_filter ] --END-- [ RunTime:0.000325s ]
NOTIC: [8] Use of undefined constant ONETHINK_VERSION - assumed 'ONETHINK_VERSION' D:\wamp\www\microweb\Application\Runtime\Cache\Admin\2133f1cae3f1e0fab391da3306ad135d.php 第 129 行.
INFO: Run Behavior\ParseTemplateBehavior [ RunTime:0.023062s ]
INFO: [ view_parse ] --END-- [ RunTime:0.023191s ]
INFO: [ view_filter ] --START--
INFO: Run Behavior\WriteHtmlCacheBehavior [ RunTime:0.000570s ]
INFO: [ view_filter ] --END-- [ RunTime:0.000687s ]
INFO: [ app_end ] --START--
INFO: Run Behavior\ShowPageTraceBehavior [ RunTime:0.000655s ]
INFO: [ app_end ] --END-- [ RunTime:0.000767s ]

[ 2015-12-17T18:13:41+08:00 ] ::1 /microweb/index.php/Admin/Reception/uploadPictures
INFO: [ app_init ] --START--
INFO: Run Behavior\BuildLiteBehavior [ RunTime:0.000029s ]
INFO: [ app_init ] --END-- [ RunTime:0.000665s ]
INFO: [ app_begin ] --START--
INFO: Run Behavior\ReadHtmlCacheBehavior [ RunTime:0.000707s ]
INFO: [ app_begin ] --END-- [ RunTime:0.000834s ]
NOTIC: [2048] Declaration of Admin\Controller\ReceptionController::theme() should be compatible with Think\Controller::theme($theme) D:\wamp\www\microweb\Application\Admin\Controller\ReceptionController.class.php 第 8 行.
SQL: SHOW COLUMNS FROM `node_info` [ RunTime:0.0036s ]
SQL: SHOW COLUMNS FROM `node_info` [ RunTime:0.0032s ]
SQL: SELECT * FROM `node_info` WHERE `status` = 0 AND `depth` = 1 ORDER BY sort  [ RunTime:0.0004s ]
SQL: SHOW COLUMNS FROM `node_info` [ RunTime:0.0041s ]
SQL: SELECT * FROM `node_info` WHERE `depth` > 1 AND LEFT(id,2) = '04' AND `status` = 0  [ RunTime:0.0003s ]

[ 2015-12-17T18:13:42+08:00 ] ::1 /microweb/index.php/Admin/Reception/index
INFO: [ app_init ] --START--
INFO: Run Behavior\BuildLiteBehavior [ RunTime:0.000027s ]
INFO: [ app_init ] --END-- [ RunTime:0.000500s ]
INFO: [ app_begin ] --START--
INFO: Run Behavior\ReadHtmlCacheBehavior [ RunTime:0.001417s ]
INFO: [ app_begin ] --END-- [ RunTime:0.001857s ]
NOTIC: [2048] Declaration of Admin\Controller\ReceptionController::theme() should be compatible with Think\Controller::theme($theme) D:\wamp\www\microweb\Application\Admin\Controller\ReceptionController.class.php 第 8 行.
SQL: SHOW COLUMNS FROM `node_info` [ RunTime:0.0066s ]
SQL: SHOW COLUMNS FROM `node_info` [ RunTime:0.0037s ]
SQL: SELECT * FROM `node_info` WHERE `status` = 0 AND `depth` = 1 ORDER BY sort  [ RunTime:0.0004s ]
SQL: SHOW COLUMNS FROM `node_info` [ RunTime:0.0060s ]
SQL: SELECT * FROM `node_info` WHERE `depth` > 1 AND LEFT(id,2) = '04' AND `status` = 0  [ RunTime:0.0004s ]
SQL: SHOW COLUMNS FROM `node_info` [ RunTime:0.0033s ]
SQL: SHOW COLUMNS FROM `background` [ RunTime:0.0032s ]
SQL: SELECT b.id,b.name,p.savename,p.savepath,p.update_time FROM background b left join picture p on b.pic_id=p.id WHERE ( b.status=0 )  [ RunTime:0.0003s ]
INFO: [ view_parse ] --START--
INFO: [ template_filter ] --START--
INFO: Run Behavior\ContentReplaceBehavior [ RunTime:0.000218s ]
INFO: [ template_filter ] --END-- [ RunTime:0.000343s ]
NOTIC: [8] Use of undefined constant ONETHINK_VERSION - assumed 'ONETHINK_VERSION' D:\wamp\www\microweb\Application\Runtime\Cache\Admin\2133f1cae3f1e0fab391da3306ad135d.php 第 129 行.
INFO: Run Behavior\ParseTemplateBehavior [ RunTime:0.027312s ]
INFO: [ view_parse ] --END-- [ RunTime:0.027426s ]
INFO: [ view_filter ] --START--
INFO: Run Behavior\WriteHtmlCacheBehavior [ RunTime:0.000418s ]
INFO: [ view_filter ] --END-- [ RunTime:0.000521s ]
INFO: [ app_end ] --START--
INFO: Run Behavior\ShowPageTraceBehavior [ RunTime:0.000587s ]
INFO: [ app_end ] --END-- [ RunTime:0.000694s ]

[ 2015-12-17T18:14:10+08:00 ] ::1 /microweb/index.php/Admin/Reception/index
INFO: [ app_init ] --START--
INFO: Run Behavior\BuildLiteBehavior [ RunTime:0.000029s ]
INFO: [ app_init ] --END-- [ RunTime:0.000588s ]
INFO: [ app_begin ] --START--
INFO: Run Behavior\ReadHtmlCacheBehavior [ RunTime:0.000757s ]
INFO: [ app_begin ] --END-- [ RunTime:0.000877s ]
NOTIC: [2048] Declaration of Admin\Controller\ReceptionController::theme() should be compatible with Think\Controller::theme($theme) D:\wamp\www\microweb\Application\Admin\Controller\ReceptionController.class.php 第 8 行.
SQL: SHOW COLUMNS FROM `node_info` [ RunTime:0.0051s ]
SQL: SHOW COLUMNS FROM `node_info` [ RunTime:0.0041s ]
SQL: SELECT * FROM `node_info` WHERE `status` = 0 AND `depth` = 1 ORDER BY sort  [ RunTime:0.0004s ]
SQL: SHOW COLUMNS FROM `node_info` [ RunTime:0.0031s ]
SQL: SELECT * FROM `node_info` WHERE `depth` > 1 AND LEFT(id,2) = '04' AND `status` = 0  [ RunTime:0.0003s ]
SQL: SHOW COLUMNS FROM `node_info` [ RunTime:0.0036s ]
SQL: SHOW COLUMNS FROM `background` [ RunTime:0.0034s ]
SQL: SELECT b.id,b.name,p.savename,p.savepath,p.update_time FROM background b left join picture p on b.pic_id=p.id WHERE ( b.status=0 )  [ RunTime:0.0003s ]
INFO: [ view_parse ] --START--
INFO: [ template_filter ] --START--
INFO: Run Behavior\ContentReplaceBehavior [ RunTime:0.000390s ]
INFO: [ template_filter ] --END-- [ RunTime:0.000591s ]
NOTIC: [8] Use of undefined constant ONETHINK_VERSION - assumed 'ONETHINK_VERSION' D:\wamp\www\microweb\Application\Runtime\Cache\Admin\2133f1cae3f1e0fab391da3306ad135d.php 第 129 行.
INFO: Run Behavior\ParseTemplateBehavior [ RunTime:0.025838s ]
INFO: [ view_parse ] --END-- [ RunTime:0.025997s ]
INFO: [ view_filter ] --START--
INFO: Run Behavior\WriteHtmlCacheBehavior [ RunTime:0.001385s ]
INFO: [ view_filter ] --END-- [ RunTime:0.001576s ]
INFO: [ app_end ] --START--
INFO: Run Behavior\ShowPageTraceBehavior [ RunTime:0.000837s ]
INFO: [ app_end ] --END-- [ RunTime:0.000980s ]

[ 2015-12-17T18:14:17+08:00 ] ::1 /microweb/index.php/Admin/Reception/uploadPictures
INFO: [ app_init ] --START--
INFO: Run Behavior\BuildLiteBehavior [ RunTime:0.000030s ]
INFO: [ app_init ] --END-- [ RunTime:0.000524s ]
INFO: [ app_begin ] --START--
INFO: Run Behavior\ReadHtmlCacheBehavior [ RunTime:0.000702s ]
INFO: [ app_begin ] --END-- [ RunTime:0.000834s ]
NOTIC: [2048] Declaration of Admin\Controller\ReceptionController::theme() should be compatible with Think\Controller::theme($theme) D:\wamp\www\microweb\Application\Admin\Controller\ReceptionController.class.php 第 8 行.
SQL: SHOW COLUMNS FROM `node_info` [ RunTime:0.0060s ]
SQL: SHOW COLUMNS FROM `node_info` [ RunTime:0.0034s ]
SQL: SELECT * FROM `node_info` WHERE `status` = 0 AND `depth` = 1 ORDER BY sort  [ RunTime:0.0004s ]
SQL: SHOW COLUMNS FROM `node_info` [ RunTime:0.0035s ]
SQL: SELECT * FROM `node_info` WHERE `depth` > 1 AND LEFT(id,2) = '04' AND `status` = 0  [ RunTime:0.0003s ]

[ 2015-12-17T18:16:01+08:00 ] ::1 /microweb/index.php/Admin/Reception/index
INFO: [ app_init ] --START--
INFO: Run Behavior\BuildLiteBehavior [ RunTime:0.000043s ]
INFO: [ app_init ] --END-- [ RunTime:0.000622s ]
INFO: [ app_begin ] --START--
INFO: Run Behavior\ReadHtmlCacheBehavior [ RunTime:0.000538s ]
INFO: [ app_begin ] --END-- [ RunTime:0.000657s ]
NOTIC: [2048] Declaration of Admin\Controller\ReceptionController::theme() should be compatible with Think\Controller::theme($theme) D:\wamp\www\microweb\Application\Admin\Controller\ReceptionController.class.php 第 8 行.
SQL: SHOW COLUMNS FROM `node_info` [ RunTime:0.0047s ]
SQL: SHOW COLUMNS FROM `node_info` [ RunTime:0.0032s ]
SQL: SELECT * FROM `node_info` WHERE `status` = 0 AND `depth` = 1 ORDER BY sort  [ RunTime:0.0005s ]
SQL: SHOW COLUMNS FROM `node_info` [ RunTime:0.0038s ]
SQL: SELECT * FROM `node_info` WHERE `depth` > 1 AND LEFT(id,2) = '04' AND `status` = 0  [ RunTime:0.0004s ]
SQL: SHOW COLUMNS FROM `node_info` [ RunTime:0.0045s ]
SQL: SHOW COLUMNS FROM `background` [ RunTime:0.0035s ]
SQL: SELECT b.id,b.name,p.savename,p.savepath,p.update_time FROM background b left join picture p on b.pic_id=p.id WHERE ( b.status=0 )  [ RunTime:0.0009s ]
INFO: [ view_parse ] --START--
INFO: [ template_filter ] --START--
INFO: Run Behavior\ContentReplaceBehavior [ RunTime:0.000326s ]
INFO: [ template_filter ] --END-- [ RunTime:0.000536s ]
NOTIC: [8] Use of undefined constant ONETHINK_VERSION - assumed 'ONETHINK_VERSION' D:\wamp\www\microweb\Application\Runtime\Cache\Admin\2133f1cae3f1e0fab391da3306ad135d.php 第 129 行.
INFO: Run Behavior\ParseTemplateBehavior [ RunTime:0.026565s ]
INFO: [ view_parse ] --END-- [ RunTime:0.026679s ]
INFO: [ view_filter ] --START--
INFO: Run Behavior\WriteHtmlCacheBehavior [ RunTime:0.000607s ]
INFO: [ view_filter ] --END-- [ RunTime:0.000765s ]
INFO: [ app_end ] --START--
INFO: Run Behavior\ShowPageTraceBehavior [ RunTime:0.000880s ]
INFO: [ app_end ] --END-- [ RunTime:0.001009s ]

[ 2015-12-17T18:18:23+08:00 ] ::1 /microweb/index.php/Admin/Reception/uploadPictures
INFO: [ app_init ] --START--
INFO: Run Behavior\BuildLiteBehavior [ RunTime:0.000029s ]
INFO: [ app_init ] --END-- [ RunTime:0.000497s ]
INFO: [ app_begin ] --START--
INFO: Run Behavior\ReadHtmlCacheBehavior [ RunTime:0.000655s ]
INFO: [ app_begin ] --END-- [ RunTime:0.000776s ]
NOTIC: [2048] Declaration of Admin\Controller\ReceptionController::theme() should be compatible with Think\Controller::theme($theme) D:\wamp\www\microweb\Application\Admin\Controller\ReceptionController.class.php 第 8 行.
SQL: SHOW COLUMNS FROM `node_info` [ RunTime:0.0036s ]
SQL: SHOW COLUMNS FROM `node_info` [ RunTime:0.0040s ]
SQL: SELECT * FROM `node_info` WHERE `status` = 0 AND `depth` = 1 ORDER BY sort  [ RunTime:0.0004s ]
SQL: SHOW COLUMNS FROM `node_info` [ RunTime:0.0032s ]
SQL: SELECT * FROM `node_info` WHERE `depth` > 1 AND LEFT(id,2) = '04' AND `status` = 0  [ RunTime:0.0003s ]
NOTIC: [2] md5_file() expects parameter 1 to be a valid path, array given D:\wamp\www\microweb\Application\Admin\Controller\ReceptionController.class.php 第 428 行.

[ 2015-12-17T18:19:14+08:00 ] ::1 /microweb/index.php/Admin/Reception/uploadPictures
INFO: [ app_init ] --START--
INFO: Run Behavior\BuildLiteBehavior [ RunTime:0.000045s ]
INFO: [ app_init ] --END-- [ RunTime:0.000853s ]
INFO: [ app_begin ] --START--
INFO: Run Behavior\ReadHtmlCacheBehavior [ RunTime:0.000565s ]
INFO: [ app_begin ] --END-- [ RunTime:0.000687s ]
NOTIC: [2048] Declaration of Admin\Controller\ReceptionController::theme() should be compatible with Think\Controller::theme($theme) D:\wamp\www\microweb\Application\Admin\Controller\ReceptionController.class.php 第 8 行.
SQL: SHOW COLUMNS FROM `node_info` [ RunTime:0.0064s ]
SQL: SHOW COLUMNS FROM `node_info` [ RunTime:0.0034s ]
SQL: SELECT * FROM `node_info` WHERE `status` = 0 AND `depth` = 1 ORDER BY sort  [ RunTime:0.0005s ]
SQL: SHOW COLUMNS FROM `node_info` [ RunTime:0.0038s ]
SQL: SELECT * FROM `node_info` WHERE `depth` > 1 AND LEFT(id,2) = '04' AND `status` = 0  [ RunTime:0.0003s ]
NOTIC: [8] Undefined index: filedata D:\wamp\www\microweb\Application\Admin\Controller\ReceptionController.class.php 第 428 行.
NOTIC: [2] md5_file(): Filename cannot be empty D:\wamp\www\microweb\Application\Admin\Controller\ReceptionController.class.php 第 428 行.

[ 2015-12-17T18:19:32+08:00 ] ::1 /microweb/index.php/Admin/Reception/uploadPictures
INFO: [ app_init ] --START--
INFO: Run Behavior\BuildLiteBehavior [ RunTime:0.000031s ]
INFO: [ app_init ] --END-- [ RunTime:0.000592s ]
INFO: [ app_begin ] --START--
INFO: Run Behavior\ReadHtmlCacheBehavior [ RunTime:0.000680s ]
INFO: [ app_begin ] --END-- [ RunTime:0.000803s ]
NOTIC: [2048] Declaration of Admin\Controller\ReceptionController::theme() should be compatible with Think\Controller::theme($theme) D:\wamp\www\microweb\Application\Admin\Controller\ReceptionController.class.php 第 8 行.
SQL: SHOW COLUMNS FROM `node_info` [ RunTime:0.0067s ]
SQL: SHOW COLUMNS FROM `node_info` [ RunTime:0.0059s ]
SQL: SELECT * FROM `node_info` WHERE `status` = 0 AND `depth` = 1 ORDER BY sort  [ RunTime:0.0007s ]
SQL: SHOW COLUMNS FROM `node_info` [ RunTime:0.0065s ]
SQL: SELECT * FROM `node_info` WHERE `depth` > 1 AND LEFT(id,2) = '04' AND `status` = 0  [ RunTime:0.0005s ]
NOTIC: [8] Undefined index: filedata D:\wamp\www\microweb\Application\Admin\Controller\ReceptionController.class.php 第 428 行.
NOTIC: [2] md5_file(): Filename cannot be empty D:\wamp\www\microweb\Application\Admin\Controller\ReceptionController.class.php 第 428 行.

[ 2015-12-17T18:20:23+08:00 ] ::1 /microweb/index.php/Admin/Reception/uploadPictures
INFO: [ app_init ] --START--
INFO: Run Behavior\BuildLiteBehavior [ RunTime:0.000040s ]
INFO: [ app_init ] --END-- [ RunTime:0.001894s ]
INFO: [ app_begin ] --START--
INFO: Run Behavior\ReadHtmlCacheBehavior [ RunTime:0.000711s ]
INFO: [ app_begin ] --END-- [ RunTime:0.000863s ]
NOTIC: [2048] Declaration of Admin\Controller\ReceptionController::theme() should be compatible with Think\Controller::theme($theme) D:\wamp\www\microweb\Application\Admin\Controller\ReceptionController.class.php 第 8 行.
SQL: SHOW COLUMNS FROM `node_info` [ RunTime:0.0067s ]
SQL: SHOW COLUMNS FROM `node_info` [ RunTime:0.0034s ]
SQL: SELECT * FROM `node_info` WHERE `status` = 0 AND `depth` = 1 ORDER BY sort  [ RunTime:0.0004s ]
SQL: SHOW COLUMNS FROM `node_info` [ RunTime:0.0033s ]
SQL: SELECT * FROM `node_info` WHERE `depth` > 1 AND LEFT(id,2) = '04' AND `status` = 0  [ RunTime:0.0003s ]
NOTIC: [2] md5_file() expects parameter 1 to be a valid path, array given D:\wamp\www\microweb\Application\Admin\Controller\ReceptionController.class.php 第 428 行.

[ 2015-12-17T18:20:36+08:00 ] ::1 /microweb/index.php/Admin/Reception/uploadPictures
INFO: [ app_init ] --START--
INFO: Run Behavior\BuildLiteBehavior [ RunTime:0.000026s ]
INFO: [ app_init ] --END-- [ RunTime:0.000544s ]
INFO: [ app_begin ] --START--
INFO: Run Behavior\ReadHtmlCacheBehavior [ RunTime:0.000585s ]
INFO: [ app_begin ] --END-- [ RunTime:0.000701s ]
NOTIC: [2048] Declaration of Admin\Controller\ReceptionController::theme() should be compatible with Think\Controller::theme($theme) D:\wamp\www\microweb\Application\Admin\Controller\ReceptionController.class.php 第 8 行.
SQL: SHOW COLUMNS FROM `node_info` [ RunTime:0.0062s ]
SQL: SHOW COLUMNS FROM `node_info` [ RunTime:0.0039s ]
SQL: SELECT * FROM `node_info` WHERE `status` = 0 AND `depth` = 1 ORDER BY sort  [ RunTime:0.0003s ]
SQL: SHOW COLUMNS FROM `node_info` [ RunTime:0.0033s ]
SQL: SELECT * FROM `node_info` WHERE `depth` > 1 AND LEFT(id,2) = '04' AND `status` = 0  [ RunTime:0.0003s ]
NOTIC: [2] md5_file() expects parameter 1 to be a valid path, array given D:\wamp\www\microweb\Application\Admin\Controller\ReceptionController.class.php 第 428 行.

[ 2015-12-17T18:24:11+08:00 ] ::1 /microweb/index.php/Admin/Reception/uploadPictures
INFO: [ app_init ] --START--
INFO: Run Behavior\BuildLiteBehavior [ RunTime:0.000028s ]
INFO: [ app_init ] --END-- [ RunTime:0.000594s ]
INFO: [ app_begin ] --START--
INFO: Run Behavior\ReadHtmlCacheBehavior [ RunTime:0.003884s ]
INFO: [ app_begin ] --END-- [ RunTime:0.005308s ]
NOTIC: [2048] Declaration of Admin\Controller\ReceptionController::theme() should be compatible with Think\Controller::theme($theme) D:\wamp\www\microweb\Application\Admin\Controller\ReceptionController.class.php 第 8 行.
SQL: SHOW COLUMNS FROM `node_info` [ RunTime:0.0070s ]
SQL: SHOW COLUMNS FROM `node_info` [ RunTime:0.0036s ]
SQL: SELECT * FROM `node_info` WHERE `status` = 0 AND `depth` = 1 ORDER BY sort  [ RunTime:0.0004s ]
SQL: SHOW COLUMNS FROM `node_info` [ RunTime:0.0033s ]
SQL: SELECT * FROM `node_info` WHERE `depth` > 1 AND LEFT(id,2) = '04' AND `status` = 0  [ RunTime:0.0003s ]
NOTIC: [2] md5_file() expects parameter 1 to be a valid path, array given D:\wamp\www\microweb\Application\Admin\Controller\ReceptionController.class.php 第 428 行.

[ 2015-12-17T18:24:55+08:00 ] ::1 /microweb/index.php/Admin/Reception/uploadPictures
INFO: [ app_init ] --START--
INFO: Run Behavior\BuildLiteBehavior [ RunTime:0.000027s ]
INFO: [ app_init ] --END-- [ RunTime:0.000457s ]
INFO: [ app_begin ] --START--
INFO: Run Behavior\ReadHtmlCacheBehavior [ RunTime:0.000636s ]
INFO: [ app_begin ] --END-- [ RunTime:0.000793s ]
NOTIC: [2048] Declaration of Admin\Controller\ReceptionController::theme() should be compatible with Think\Controller::theme($theme) D:\wamp\www\microweb\Application\Admin\Controller\ReceptionController.class.php 第 8 行.
SQL: SHOW COLUMNS FROM `node_info` [ RunTime:0.0076s ]
SQL: SHOW COLUMNS FROM `node_info` [ RunTime:0.0032s ]
SQL: SELECT * FROM `node_info` WHERE `status` = 0 AND `depth` = 1 ORDER BY sort  [ RunTime:0.0004s ]
SQL: SHOW COLUMNS FROM `node_info` [ RunTime:0.0032s ]
SQL: SELECT * FROM `node_info` WHERE `depth` > 1 AND LEFT(id,2) = '04' AND `status` = 0  [ RunTime:0.0003s ]
NOTIC: [2] md5_file(甘道夫.jpg): failed to open stream: Invalid argument D:\wamp\www\microweb\Application\Admin\Controller\ReceptionController.class.php 第 428 行.

[ 2015-12-17T18:25:32+08:00 ] ::1 /microweb/index.php/Admin/Reception/uploadPictures
INFO: [ app_init ] --START--
INFO: Run Behavior\BuildLiteBehavior [ RunTime:0.000042s ]
INFO: [ app_init ] --END-- [ RunTime:0.001172s ]
INFO: [ app_begin ] --START--
INFO: Run Behavior\ReadHtmlCacheBehavior [ RunTime:0.000641s ]
INFO: [ app_begin ] --END-- [ RunTime:0.000762s ]
NOTIC: [2048] Declaration of Admin\Controller\ReceptionController::theme() should be compatible with Think\Controller::theme($theme) D:\wamp\www\microweb\Application\Admin\Controller\ReceptionController.class.php 第 8 行.
SQL: SHOW COLUMNS FROM `node_info` [ RunTime:0.0081s ]
SQL: SHOW COLUMNS FROM `node_info` [ RunTime:0.0041s ]
SQL: SELECT * FROM `node_info` WHERE `status` = 0 AND `depth` = 1 ORDER BY sort  [ RunTime:0.0005s ]
SQL: SHOW COLUMNS FROM `node_info` [ RunTime:0.0051s ]
SQL: SELECT * FROM `node_info` WHERE `depth` > 1 AND LEFT(id,2) = '04' AND `status` = 0  [ RunTime:0.0006s ]
NOTIC: [2] md5_file(甘道夫.jpg): failed to open stream: Invalid argument D:\wamp\www\microweb\Application\Admin\Controller\ReceptionController.class.php 第 428 行.

[ 2015-12-17T18:26:05+08:00 ] ::1 /microweb/index.php/Admin/Reception/uploadPictures
INFO: [ app_init ] --START--
INFO: Run Behavior\BuildLiteBehavior [ RunTime:0.000029s ]
INFO: [ app_init ] --END-- [ RunTime:0.000541s ]
INFO: [ app_begin ] --START--
INFO: Run Behavior\ReadHtmlCacheBehavior [ RunTime:0.000646s ]
INFO: [ app_begin ] --END-- [ RunTime:0.000783s ]
NOTIC: [2048] Declaration of Admin\Controller\ReceptionController::theme() should be compatible with Think\Controller::theme($theme) D:\wamp\www\microweb\Application\Admin\Controller\ReceptionController.class.php 第 8 行.
SQL: SHOW COLUMNS FROM `node_info` [ RunTime:0.0078s ]
SQL: SHOW COLUMNS FROM `node_info` [ RunTime:0.0049s ]
SQL: SELECT * FROM `node_info` WHERE `status` = 0 AND `depth` = 1 ORDER BY sort  [ RunTime:0.0004s ]
SQL: SHOW COLUMNS FROM `node_info` [ RunTime:0.0040s ]
SQL: SELECT * FROM `node_info` WHERE `depth` > 1 AND LEFT(id,2) = '04' AND `status` = 0  [ RunTime:0.0005s ]
NOTIC: [2] md5_file(甘道夫.jpg): failed to open stream: Invalid argument D:\wamp\www\microweb\Application\Admin\Controller\ReceptionController.class.php 第 428 行.

[ 2015-12-17T18:38:56+08:00 ] ::1 /microweb/index.php/Admin/Reception/uploadPictures
INFO: [ app_init ] --START--
INFO: Run Behavior\BuildLiteBehavior [ RunTime:0.000037s ]
INFO: [ app_init ] --END-- [ RunTime:0.000911s ]
INFO: [ app_begin ] --START--
INFO: Run Behavior\ReadHtmlCacheBehavior [ RunTime:0.000896s ]
INFO: [ app_begin ] --END-- [ RunTime:0.001089s ]
NOTIC: [2048] Declaration of Admin\Controller\ReceptionController::theme() should be compatible with Think\Controller::theme($theme) D:\wamp\www\microweb\Application\Admin\Controller\ReceptionController.class.php 第 8 行.
SQL: SHOW COLUMNS FROM `node_info` [ RunTime:0.0068s ]
SQL: SHOW COLUMNS FROM `node_info` [ RunTime:0.0043s ]
SQL: SELECT * FROM `node_info` WHERE `status` = 0 AND `depth` = 1 ORDER BY sort  [ RunTime:0.0007s ]
SQL: SHOW COLUMNS FROM `node_info` [ RunTime:0.0044s ]
SQL: SELECT * FROM `node_info` WHERE `depth` > 1 AND LEFT(id,2) = '04' AND `status` = 0  [ RunTime:0.0003s ]
NOTIC: [2] call_user_func() expects parameter 1 to be a valid callback, no array or string given D:\wamp\www\microweb\ThinkPHP\Library\Think\Upload.class.php 第 170 行.

[ 2015-12-17T18:39:09+08:00 ] ::1 /microweb/index.php/Admin/Reception/uploadPictures
INFO: [ app_init ] --START--
INFO: Run Behavior\BuildLiteBehavior [ RunTime:0.000033s ]
INFO: [ app_init ] --END-- [ RunTime:0.000617s ]
INFO: [ app_begin ] --START--
INFO: Run Behavior\ReadHtmlCacheBehavior [ RunTime:0.000657s ]
INFO: [ app_begin ] --END-- [ RunTime:0.000785s ]
NOTIC: [2048] Declaration of Admin\Controller\ReceptionController::theme() should be compatible with Think\Controller::theme($theme) D:\wamp\www\microweb\Application\Admin\Controller\ReceptionController.class.php 第 8 行.
SQL: SHOW COLUMNS FROM `node_info` [ RunTime:0.0034s ]
SQL: SHOW COLUMNS FROM `node_info` [ RunTime:0.0036s ]
SQL: SELECT * FROM `node_info` WHERE `status` = 0 AND `depth` = 1 ORDER BY sort  [ RunTime:0.0004s ]
SQL: SHOW COLUMNS FROM `node_info` [ RunTime:0.0041s ]
SQL: SELECT * FROM `node_info` WHERE `depth` > 1 AND LEFT(id,2) = '04' AND `status` = 0  [ RunTime:0.0003s ]
NOTIC: [2] call_user_func() expects parameter 1 to be a valid callback, no array or string given D:\wamp\www\microweb\ThinkPHP\Library\Think\Upload.class.php 第 170 行.

[ 2015-12-17T18:48:23+08:00 ] ::1 /microweb/index.php/Admin/Reception/uploadPictures
INFO: [ app_init ] --START--
INFO: Run Behavior\BuildLiteBehavior [ RunTime:0.000048s ]
INFO: [ app_init ] --END-- [ RunTime:0.000696s ]
INFO: [ app_begin ] --START--
INFO: Run Behavior\ReadHtmlCacheBehavior [ RunTime:0.001653s ]
INFO: [ app_begin ] --END-- [ RunTime:0.002113s ]
NOTIC: [2048] Declaration of Admin\Controller\ReceptionController::theme() should be compatible with Think\Controller::theme($theme) D:\wamp\www\microweb\Application\Admin\Controller\ReceptionController.class.php 第 8 行.
SQL: SHOW COLUMNS FROM `node_info` [ RunTime:0.0080s ]
SQL: SHOW COLUMNS FROM `node_info` [ RunTime:0.0039s ]
SQL: SELECT * FROM `node_info` WHERE `status` = 0 AND `depth` = 1 ORDER BY sort  [ RunTime:0.0008s ]
SQL: SHOW COLUMNS FROM `node_info` [ RunTime:0.0036s ]
SQL: SELECT * FROM `node_info` WHERE `depth` > 1 AND LEFT(id,2) = '04' AND `status` = 0  [ RunTime:0.0004s ]
NOTIC: [2] md5_file(test.txt): failed to open stream: No such file or directory D:\wamp\www\microweb\Application\Admin\Controller\ReceptionController.class.php 第 428 行.

[ 2015-12-17T18:49:00+08:00 ] ::1 /microweb/index.php/Admin/Reception/uploadPictures
INFO: [ app_init ] --START--
INFO: Run Behavior\BuildLiteBehavior [ RunTime:0.000028s ]
INFO: [ app_init ] --END-- [ RunTime:0.000559s ]
INFO: [ app_begin ] --START--
INFO: Run Behavior\ReadHtmlCacheBehavior [ RunTime:0.000769s ]
INFO: [ app_begin ] --END-- [ RunTime:0.000889s ]
NOTIC: [2048] Declaration of Admin\Controller\ReceptionController::theme() should be compatible with Think\Controller::theme($theme) D:\wamp\www\microweb\Application\Admin\Controller\ReceptionController.class.php 第 8 行.
SQL: SHOW COLUMNS FROM `node_info` [ RunTime:0.0048s ]
SQL: SHOW COLUMNS FROM `node_info` [ RunTime:0.0044s ]
SQL: SELECT * FROM `node_info` WHERE `status` = 0 AND `depth` = 1 ORDER BY sort  [ RunTime:0.0004s ]
SQL: SHOW COLUMNS FROM `node_info` [ RunTime:0.0033s ]
SQL: SELECT * FROM `node_info` WHERE `depth` > 1 AND LEFT(id,2) = '04' AND `status` = 0  [ RunTime:0.0003s ]
NOTIC: [8] Use of undefined constant Filedata - assumed 'Filedata' D:\wamp\www\microweb\Application\Admin\Controller\ReceptionController.class.php 第 428 行.
NOTIC: [8] Use of undefined constant name - assumed 'name' D:\wamp\www\microweb\Application\Admin\Controller\ReceptionController.class.php 第 428 行.
NOTIC: [2] md5_file(甘道夫.jpg): failed to open stream: Invalid argument D:\wamp\www\microweb\Application\Admin\Controller\ReceptionController.class.php 第 428 行.

[ 2015-12-17T18:49:23+08:00 ] ::1 /microweb/index.php/Admin/Reception/uploadPictures
INFO: [ app_init ] --START--
INFO: Run Behavior\BuildLiteBehavior [ RunTime:0.000030s ]
INFO: [ app_init ] --END-- [ RunTime:0.000870s ]
INFO: [ app_begin ] --START--
INFO: Run Behavior\ReadHtmlCacheBehavior [ RunTime:0.000742s ]
INFO: [ app_begin ] --END-- [ RunTime:0.000881s ]
NOTIC: [2048] Declaration of Admin\Controller\ReceptionController::theme() should be compatible with Think\Controller::theme($theme) D:\wamp\www\microweb\Application\Admin\Controller\ReceptionController.class.php 第 8 行.
SQL: SHOW COLUMNS FROM `node_info` [ RunTime:0.0077s ]
SQL: SHOW COLUMNS FROM `node_info` [ RunTime:0.0061s ]
SQL: SELECT * FROM `node_info` WHERE `status` = 0 AND `depth` = 1 ORDER BY sort  [ RunTime:0.0004s ]
SQL: SHOW COLUMNS FROM `node_info` [ RunTime:0.0037s ]
SQL: SELECT * FROM `node_info` WHERE `depth` > 1 AND LEFT(id,2) = '04' AND `status` = 0  [ RunTime:0.0003s ]
NOTIC: [8] Use of undefined constant Filedata - assumed 'Filedata' D:\wamp\www\microweb\Application\Admin\Controller\ReceptionController.class.php 第 428 行.
NOTIC: [8] Use of undefined constant name - assumed 'name' D:\wamp\www\microweb\Application\Admin\Controller\ReceptionController.class.php 第 428 行.

[ 2015-12-17T19:03:09+08:00 ] ::1 /microweb/index.php/Admin/Reception/uploadPictures
INFO: [ app_init ] --START--
INFO: Run Behavior\BuildLiteBehavior [ RunTime:0.000029s ]
INFO: [ app_init ] --END-- [ RunTime:0.000548s ]
INFO: [ app_begin ] --START--
INFO: Run Behavior\ReadHtmlCacheBehavior [ RunTime:0.001669s ]
INFO: [ app_begin ] --END-- [ RunTime:0.001871s ]
NOTIC: [2048] Declaration of Admin\Controller\ReceptionController::theme() should be compatible with Think\Controller::theme($theme) D:\wamp\www\microweb\Application\Admin\Controller\ReceptionController.class.php 第 8 行.
SQL: SHOW COLUMNS FROM `node_info` [ RunTime:0.0063s ]
SQL: SHOW COLUMNS FROM `node_info` [ RunTime:0.0045s ]
SQL: SELECT * FROM `node_info` WHERE `status` = 0 AND `depth` = 1 ORDER BY sort  [ RunTime:0.0005s ]
SQL: SHOW COLUMNS FROM `node_info` [ RunTime:0.0046s ]
SQL: SELECT * FROM `node_info` WHERE `depth` > 1 AND LEFT(id,2) = '04' AND `status` = 0  [ RunTime:0.0003s ]
NOTIC: [2] call_user_func() expects parameter 1 to be a valid callback, no array or string given D:\wamp\www\microweb\ThinkPHP\Library\Think\Upload.class.php 第 170 行.

[ 2015-12-17T19:03:20+08:00 ] ::1 /microweb/index.php/Admin/Reception/index
INFO: [ app_init ] --START--
INFO: Run Behavior\BuildLiteBehavior [ RunTime:0.000028s ]
INFO: [ app_init ] --END-- [ RunTime:0.000503s ]
INFO: [ app_begin ] --START--
INFO: Run Behavior\ReadHtmlCacheBehavior [ RunTime:0.002174s ]
INFO: [ app_begin ] --END-- [ RunTime:0.002648s ]
NOTIC: [2048] Declaration of Admin\Controller\ReceptionController::theme() should be compatible with Think\Controller::theme($theme) D:\wamp\www\microweb\Application\Admin\Controller\ReceptionController.class.php 第 8 行.
SQL: SHOW COLUMNS FROM `node_info` [ RunTime:0.0065s ]
SQL: SHOW COLUMNS FROM `node_info` [ RunTime:0.0031s ]
SQL: SELECT * FROM `node_info` WHERE `status` = 0 AND `depth` = 1 ORDER BY sort  [ RunTime:0.0004s ]
SQL: SHOW COLUMNS FROM `node_info` [ RunTime:0.0041s ]
SQL: SELECT * FROM `node_info` WHERE `depth` > 1 AND LEFT(id,2) = '04' AND `status` = 0  [ RunTime:0.0004s ]
SQL: SHOW COLUMNS FROM `node_info` [ RunTime:0.0032s ]
SQL: SHOW COLUMNS FROM `background` [ RunTime:0.0034s ]
SQL: SELECT b.id,b.name,p.savename,p.savepath,p.update_time FROM background b left join picture p on b.pic_id=p.id WHERE ( b.status=0 )  [ RunTime:0.0007s ]
INFO: [ view_parse ] --START--
INFO: [ template_filter ] --START--
INFO: Run Behavior\ContentReplaceBehavior [ RunTime:0.000218s ]
INFO: [ template_filter ] --END-- [ RunTime:0.000350s ]
NOTIC: [8] Use of undefined constant ONETHINK_VERSION - assumed 'ONETHINK_VERSION' D:\wamp\www\microweb\Application\Runtime\Cache\Admin\2133f1cae3f1e0fab391da3306ad135d.php 第 129 行.
INFO: Run Behavior\ParseTemplateBehavior [ RunTime:0.022349s ]
INFO: [ view_parse ] --END-- [ RunTime:0.022472s ]
INFO: [ view_filter ] --START--
INFO: Run Behavior\WriteHtmlCacheBehavior [ RunTime:0.000639s ]
INFO: [ view_filter ] --END-- [ RunTime:0.000746s ]
INFO: [ app_end ] --START--
INFO: Run Behavior\ShowPageTraceBehavior [ RunTime:0.000664s ]
INFO: [ app_end ] --END-- [ RunTime:0.000770s ]

[ 2015-12-17T20:51:14+08:00 ] ::1 /microweb/index.php/Admin/Reception/index
INFO: [ app_init ] --START--
INFO: Run Behavior\BuildLiteBehavior [ RunTime:0.000031s ]
INFO: [ app_init ] --END-- [ RunTime:0.001124s ]
INFO: [ app_begin ] --START--
INFO: Run Behavior\ReadHtmlCacheBehavior [ RunTime:0.000637s ]
INFO: [ app_begin ] --END-- [ RunTime:0.000767s ]
NOTIC: [2048] Declaration of Admin\Controller\ReceptionController::theme() should be compatible with Think\Controller::theme($theme) D:\wamp\www\microweb\Application\Admin\Controller\ReceptionController.class.php 第 8 行.
SQL: SHOW COLUMNS FROM `node_info` [ RunTime:0.0046s ]
SQL: SHOW COLUMNS FROM `node_info` [ RunTime:0.0037s ]
SQL: SELECT * FROM `node_info` WHERE `status` = 0 AND `depth` = 1 ORDER BY sort  [ RunTime:0.0005s ]
SQL: SHOW COLUMNS FROM `node_info` [ RunTime:0.0044s ]
SQL: SELECT * FROM `node_info` WHERE `depth` > 1 AND LEFT(id,2) = '04' AND `status` = 0  [ RunTime:0.0004s ]
SQL: SHOW COLUMNS FROM `node_info` [ RunTime:0.0035s ]
SQL: SHOW COLUMNS FROM `background` [ RunTime:0.0036s ]
SQL: SELECT b.id,b.name,p.savename,p.savepath,p.update_time FROM background b left join picture p on b.pic_id=p.id WHERE ( b.status=0 )  [ RunTime:0.0004s ]
INFO: [ view_parse ] --START--
INFO: [ template_filter ] --START--
INFO: Run Behavior\ContentReplaceBehavior [ RunTime:0.000221s ]
INFO: [ template_filter ] --END-- [ RunTime:0.000354s ]
NOTIC: [8] Use of undefined constant ONETHINK_VERSION - assumed 'ONETHINK_VERSION' D:\wamp\www\microweb\Application\Runtime\Cache\Admin\2133f1cae3f1e0fab391da3306ad135d.php 第 129 行.
INFO: Run Behavior\ParseTemplateBehavior [ RunTime:0.023080s ]
INFO: [ view_parse ] --END-- [ RunTime:0.023390s ]
INFO: [ view_filter ] --START--
INFO: Run Behavior\WriteHtmlCacheBehavior [ RunTime:0.000704s ]
INFO: [ view_filter ] --END-- [ RunTime:0.000854s ]
INFO: [ app_end ] --START--
INFO: Run Behavior\ShowPageTraceBehavior [ RunTime:0.000713s ]
INFO: [ app_end ] --END-- [ RunTime:0.000826s ]

[ 2015-12-17T20:51:23+08:00 ] ::1 /microweb/index.php/Admin/Reception/uploadPictures
INFO: [ app_init ] --START--
INFO: Run Behavior\BuildLiteBehavior [ RunTime:0.000030s ]
INFO: [ app_init ] --END-- [ RunTime:0.000641s ]
INFO: [ app_begin ] --START--
INFO: Run Behavior\ReadHtmlCacheBehavior [ RunTime:0.002106s ]
INFO: [ app_begin ] --END-- [ RunTime:0.002360s ]
NOTIC: [2048] Declaration of Admin\Controller\ReceptionController::theme() should be compatible with Think\Controller::theme($theme) D:\wamp\www\microweb\Application\Admin\Controller\ReceptionController.class.php 第 8 行.
SQL: SHOW COLUMNS FROM `node_info` [ RunTime:0.0073s ]
SQL: SHOW COLUMNS FROM `node_info` [ RunTime:0.0033s ]
SQL: SELECT * FROM `node_info` WHERE `status` = 0 AND `depth` = 1 ORDER BY sort  [ RunTime:0.0004s ]
SQL: SHOW COLUMNS FROM `node_info` [ RunTime:0.0034s ]
SQL: SELECT * FROM `node_info` WHERE `depth` > 1 AND LEFT(id,2) = '04' AND `status` = 0  [ RunTime:0.0003s ]
NOTIC: [2] call_user_func() expects parameter 1 to be a valid callback, no array or string given D:\wamp\www\microweb\ThinkPHP\Library\Think\Upload.class.php 第 170 行.
SQL: SHOW COLUMNS FROM `picture` [ RunTime:0.0035s ]
SQL: SELECT * FROM `picture` WHERE `md5` = '15e4ea6badf1d33860afe6fb86bfcae3'  [ RunTime:0.0003s ]
SQL: SHOW COLUMNS FROM `background` [ RunTime:0.0033s ]
SQL: SELECT * FROM `background` WHERE `pic_id` = 22 LIMIT 1   [ RunTime:0.0003s ]

