[ 2015-11-06T21:32:32+08:00 ] ::1 /microweb/index.php/Admin/User/index
INFO: [ app_init ] --START--
INFO: Run Behavior\BuildLiteBehavior [ RunTime:0.000014s ]
INFO: [ app_init ] --END-- [ RunTime:0.000478s ]
INFO: [ app_begin ] --START--
INFO: Run Behavior\ReadHtmlCacheBehavior [ RunTime:0.000816s ]
INFO: [ app_begin ] --END-- [ RunTime:0.000886s ]
SQL: SHOW COLUMNS FROM `node_info` [ RunTime:0.0033s ]
SQL: SHOW COLUMNS FROM `node_info` [ RunTime:0.0039s ]
SQL: SELECT * FROM `node_info` WHERE `status` = 0 AND `depth` = 1 ORDER BY sort  [ RunTime:0.0004s ]
SQL: SHOW COLUMNS FROM `node_info` [ RunTime:0.0032s ]
SQL: SELECT * FROM `node_info` WHERE `depth` > 1 AND LEFT(id,2) = '02' AND `status` = 0  [ RunTime:0.0003s ]
NOTIC: [8] Undefined index: nickname E:\www\microweb\Application\Admin\Controller\UserController.class.php 第 14 行.
NOTIC: [8] Undefined index: nickname E:\www\microweb\Application\Admin\Controller\UserController.class.php 第 14 行.
NOTIC: [8] Undefined index: nickname E:\www\microweb\Application\Admin\Controller\UserController.class.php 第 14 行.
SQL: SHOW COLUMNS FROM `user_info` [ RunTime:0.0032s ]
SQL: SELECT * FROM `user_info` WHERE ( status=0 and id like '%%' or status=0 and nickname like '%%' or status=0 and account like '%%' ) LIMIT 0,10   [ RunTime:0.0004s ]
SQL: SELECT COUNT(*) AS tp_count FROM `user_info` WHERE ( status=0 and id like '%%' or status=0 and nickname like '%%' or status=0 and account like '%%' ) LIMIT 1   [ RunTime:0.0002s ]
INFO: [ view_parse ] --START--
INFO: [ template_filter ] --START--
INFO: Run Behavior\ContentReplaceBehavior [ RunTime:0.000171s ]
INFO: [ template_filter ] --END-- [ RunTime:0.000216s ]
NOTIC: [8] Undefined index: uid E:\www\microweb\Application\Runtime\Cache\Admin\65e605872ed5d34210f5b33beb13f5a3.php 第 143 行.
NOTIC: [8] Undefined index: uid E:\www\microweb\Application\Runtime\Cache\Admin\65e605872ed5d34210f5b33beb13f5a3.php 第 153 行.
NOTIC: [8] Use of undefined constant ONETHINK_VERSION - assumed 'ONETHINK_VERSION' E:\www\microweb\Application\Runtime\Cache\Admin\65e605872ed5d34210f5b33beb13f5a3.php 第 170 行.
INFO: Run Behavior\ParseTemplateBehavior [ RunTime:0.076402s ]
INFO: [ view_parse ] --END-- [ RunTime:0.076454s ]
INFO: [ view_filter ] --START--
INFO: Run Behavior\WriteHtmlCacheBehavior [ RunTime:0.000581s ]
INFO: [ view_filter ] --END-- [ RunTime:0.000613s ]
INFO: [ app_end ] --START--
INFO: Run Behavior\ShowPageTraceBehavior [ RunTime:0.000786s ]
INFO: [ app_end ] --END-- [ RunTime:0.000849s ]

[ 2015-11-06T21:32:36+08:00 ] ::1 /microweb/index.php/Admin/Station/index
INFO: [ app_init ] --START--
INFO: Run Behavior\BuildLiteBehavior [ RunTime:0.000011s ]
INFO: [ app_init ] --END-- [ RunTime:0.000492s ]
INFO: [ app_begin ] --START--
INFO: Run Behavior\ReadHtmlCacheBehavior [ RunTime:0.000747s ]
INFO: [ app_begin ] --END-- [ RunTime:0.000796s ]
SQL: SHOW COLUMNS FROM `node_info` [ RunTime:0.0037s ]
SQL: SHOW COLUMNS FROM `node_info` [ RunTime:0.0040s ]
SQL: SELECT * FROM `node_info` WHERE `status` = 0 AND `depth` = 1 ORDER BY sort  [ RunTime:0.0004s ]
SQL: SHOW COLUMNS FROM `node_info` [ RunTime:0.0037s ]
SQL: SELECT * FROM `node_info` WHERE `depth` > 1 AND LEFT(id,2) = '03' AND `status` = 0  [ RunTime:0.0004s ]
NOTIC: [8] Undefined index: nickname E:\www\microweb\Application\Admin\Controller\StationController.class.php 第 12 行.
NOTIC: [8] Undefined index: nickname E:\www\microweb\Application\Admin\Controller\StationController.class.php 第 12 行.
NOTIC: [8] Undefined index: nickname E:\www\microweb\Application\Admin\Controller\StationController.class.php 第 12 行.
SQL: SHOW COLUMNS FROM `site_info` [ RunTime:0.0042s ]
SQL: SELECT s.*, u.nickname AS NAME, u.account AS ac FROM site_info AS s JOIN user_info AS u ON s.user_id=u.id WHERE u.status=0 and s.site_name like '%%' or u.status=0 and s.id like '%%' or u.status=0 and u.nickname like '%%' [ RunTime:0.0005s ]
SQL: SELECT s.*, u.nickname AS NAME, u.account AS ac FROM site_info AS s JOIN user_info AS u ON s.user_id=u.id WHERE u.status=0 and s.site_name like '%%' or u.status=0 and s.id like '%%' or u.status=0 and u.nickname like '%%' limit 0,10 [ RunTime:0.0004s ]
INFO: [ view_parse ] --START--
INFO: [ template_filter ] --START--
INFO: Run Behavior\ContentReplaceBehavior [ RunTime:0.000213s ]
INFO: [ template_filter ] --END-- [ RunTime:0.000293s ]
NOTIC: [8] Undefined index: uid E:\www\microweb\Application\Runtime\Cache\Admin\3dcedcfd8d8cfcad60788cf1b16d86dd.php 第 131 行.
NOTIC: [8] Use of undefined constant ONETHINK_VERSION - assumed 'ONETHINK_VERSION' E:\www\microweb\Application\Runtime\Cache\Admin\3dcedcfd8d8cfcad60788cf1b16d86dd.php 第 153 行.
INFO: Run Behavior\ParseTemplateBehavior [ RunTime:0.018542s ]
INFO: [ view_parse ] --END-- [ RunTime:0.018591s ]
INFO: [ view_filter ] --START--
INFO: Run Behavior\WriteHtmlCacheBehavior [ RunTime:0.000619s ]
INFO: [ view_filter ] --END-- [ RunTime:0.000659s ]
INFO: [ app_end ] --START--
INFO: Run Behavior\ShowPageTraceBehavior [ RunTime:0.000923s ]
INFO: [ app_end ] --END-- [ RunTime:0.000987s ]

[ 2015-11-06T21:32:37+08:00 ] ::1 /microweb/index.php/Admin/Reception/index
INFO: [ app_init ] --START--
INFO: Run Behavior\BuildLiteBehavior [ RunTime:0.000011s ]
INFO: [ app_init ] --END-- [ RunTime:0.000426s ]
INFO: [ app_begin ] --START--
INFO: Run Behavior\ReadHtmlCacheBehavior [ RunTime:0.000633s ]
INFO: [ app_begin ] --END-- [ RunTime:0.000675s ]
NOTIC: [2048] Declaration of Admin\Controller\ReceptionController::theme() should be compatible with Think\Controller::theme($theme) E:\www\microweb\Application\Admin\Controller\ReceptionController.class.php 第 8 行.
SQL: SHOW COLUMNS FROM `node_info` [ RunTime:0.0039s ]
SQL: SHOW COLUMNS FROM `node_info` [ RunTime:0.0034s ]
SQL: SELECT * FROM `node_info` WHERE `status` = 0 AND `depth` = 1 ORDER BY sort  [ RunTime:0.0004s ]
SQL: SHOW COLUMNS FROM `node_info` [ RunTime:0.0034s ]
SQL: SELECT * FROM `node_info` WHERE `depth` > 1 AND LEFT(id,2) = '04' AND `status` = 0  [ RunTime:0.0004s ]
SQL: SHOW COLUMNS FROM `node_info` [ RunTime:0.0041s ]
SQL: SHOW COLUMNS FROM `background` [ RunTime:0.0033s ]
SQL: SELECT b.id,b.name,p.savename,p.savepath,p.update_time FROM background b left join picture p on b.pic_id=p.id WHERE ( b.status=0 )  [ RunTime:0.0003s ]
INFO: [ view_parse ] --START--
INFO: [ template_filter ] --START--
INFO: Run Behavior\ContentReplaceBehavior [ RunTime:0.000198s ]
INFO: [ template_filter ] --END-- [ RunTime:0.000248s ]
NOTIC: [8] Use of undefined constant ONETHINK_VERSION - assumed 'ONETHINK_VERSION' E:\www\microweb\Application\Runtime\Cache\Admin\2133f1cae3f1e0fab391da3306ad135d.php 第 129 行.
INFO: Run Behavior\ParseTemplateBehavior [ RunTime:0.013321s ]
INFO: [ view_parse ] --END-- [ RunTime:0.013364s ]
INFO: [ view_filter ] --START--
INFO: Run Behavior\WriteHtmlCacheBehavior [ RunTime:0.000638s ]
INFO: [ view_filter ] --END-- [ RunTime:0.000688s ]
INFO: [ app_end ] --START--
INFO: Run Behavior\ShowPageTraceBehavior [ RunTime:0.001270s ]
INFO: [ app_end ] --END-- [ RunTime:0.001336s ]

[ 2015-11-06T21:32:38+08:00 ] ::1 /microweb/index.php/Admin/Website/index
INFO: [ app_init ] --START--
INFO: Run Behavior\BuildLiteBehavior [ RunTime:0.000011s ]
INFO: [ app_init ] --END-- [ RunTime:0.000463s ]
INFO: [ app_begin ] --START--
INFO: Run Behavior\ReadHtmlCacheBehavior [ RunTime:0.000576s ]
INFO: [ app_begin ] --END-- [ RunTime:0.000615s ]
SQL: SHOW COLUMNS FROM `node_info` [ RunTime:0.0032s ]
SQL: SHOW COLUMNS FROM `node_info` [ RunTime:0.0030s ]
SQL: SELECT * FROM `node_info` WHERE `status` = 0 AND `depth` = 1 ORDER BY sort  [ RunTime:0.0004s ]
SQL: SHOW COLUMNS FROM `node_info` [ RunTime:0.0031s ]
SQL: SELECT * FROM `node_info` WHERE `depth` > 1 AND LEFT(id,2) = '05' AND `status` = 0  [ RunTime:0.0004s ]
SQL: SHOW COLUMNS FROM `admin_info` [ RunTime:0.0043s ]
SQL: SELECT * FROM `admin_info` WHERE `status` = 0 ORDER BY id desc LIMIT 0,10   [ RunTime:0.0004s ]
SQL: SELECT COUNT(*) AS tp_count FROM `admin_info` WHERE ( status=0 ) LIMIT 1   [ RunTime:0.0002s ]
INFO: [ view_parse ] --START--
INFO: [ template_filter ] --START--
INFO: Run Behavior\ContentReplaceBehavior [ RunTime:0.000175s ]
INFO: [ template_filter ] --END-- [ RunTime:0.000233s ]
NOTIC: [8] Use of undefined constant ONETHINK_VERSION - assumed 'ONETHINK_VERSION' E:\www\microweb\Application\Runtime\Cache\Admin\c9b1f7ff8b78d0ae2864f56f0b257abe.php 第 159 行.
INFO: Run Behavior\ParseTemplateBehavior [ RunTime:0.018395s ]
INFO: [ view_parse ] --END-- [ RunTime:0.018437s ]
INFO: [ view_filter ] --START--
INFO: Run Behavior\WriteHtmlCacheBehavior [ RunTime:0.000464s ]
INFO: [ view_filter ] --END-- [ RunTime:0.000492s ]
INFO: [ app_end ] --START--
INFO: Run Behavior\ShowPageTraceBehavior [ RunTime:0.000725s ]
INFO: [ app_end ] --END-- [ RunTime:0.000778s ]

[ 2015-11-06T21:32:41+08:00 ] ::1 /microweb/index.php/Admin/Reception/index
INFO: [ app_init ] --START--
INFO: Run Behavior\BuildLiteBehavior [ RunTime:0.000014s ]
INFO: [ app_init ] --END-- [ RunTime:0.000655s ]
INFO: [ app_begin ] --START--
INFO: Run Behavior\ReadHtmlCacheBehavior [ RunTime:0.000717s ]
INFO: [ app_begin ] --END-- [ RunTime:0.000769s ]
NOTIC: [2048] Declaration of Admin\Controller\ReceptionController::theme() should be compatible with Think\Controller::theme($theme) E:\www\microweb\Application\Admin\Controller\ReceptionController.class.php 第 8 行.
SQL: SHOW COLUMNS FROM `node_info` [ RunTime:0.0044s ]
SQL: SHOW COLUMNS FROM `node_info` [ RunTime:0.0032s ]
SQL: SELECT * FROM `node_info` WHERE `status` = 0 AND `depth` = 1 ORDER BY sort  [ RunTime:0.0004s ]
SQL: SHOW COLUMNS FROM `node_info` [ RunTime:0.0038s ]
SQL: SELECT * FROM `node_info` WHERE `depth` > 1 AND LEFT(id,2) = '04' AND `status` = 0  [ RunTime:0.0004s ]
SQL: SHOW COLUMNS FROM `node_info` [ RunTime:0.0031s ]
SQL: SHOW COLUMNS FROM `background` [ RunTime:0.0040s ]
SQL: SELECT b.id,b.name,p.savename,p.savepath,p.update_time FROM background b left join picture p on b.pic_id=p.id WHERE ( b.status=0 )  [ RunTime:0.0003s ]
INFO: [ view_parse ] --START--
INFO: [ template_filter ] --START--
INFO: Run Behavior\ContentReplaceBehavior [ RunTime:0.000205s ]
INFO: [ template_filter ] --END-- [ RunTime:0.000262s ]
NOTIC: [8] Use of undefined constant ONETHINK_VERSION - assumed 'ONETHINK_VERSION' E:\www\microweb\Application\Runtime\Cache\Admin\2133f1cae3f1e0fab391da3306ad135d.php 第 129 行.
INFO: Run Behavior\ParseTemplateBehavior [ RunTime:0.014129s ]
INFO: [ view_parse ] --END-- [ RunTime:0.014183s ]
INFO: [ view_filter ] --START--
INFO: Run Behavior\WriteHtmlCacheBehavior [ RunTime:0.000497s ]
INFO: [ view_filter ] --END-- [ RunTime:0.000530s ]
INFO: [ app_end ] --START--
INFO: Run Behavior\ShowPageTraceBehavior [ RunTime:0.000833s ]
INFO: [ app_end ] --END-- [ RunTime:0.000881s ]

[ 2015-11-06T21:32:43+08:00 ] ::1 /microweb/index.php/Admin/Reception/theme
INFO: [ app_init ] --START--
INFO: Run Behavior\BuildLiteBehavior [ RunTime:0.000022s ]
INFO: [ app_init ] --END-- [ RunTime:0.000504s ]
INFO: [ app_begin ] --START--
INFO: Run Behavior\ReadHtmlCacheBehavior [ RunTime:0.000801s ]
INFO: [ app_begin ] --END-- [ RunTime:0.000863s ]
NOTIC: [2048] Declaration of Admin\Controller\ReceptionController::theme() should be compatible with Think\Controller::theme($theme) E:\www\microweb\Application\Admin\Controller\ReceptionController.class.php 第 8 行.
SQL: SHOW COLUMNS FROM `node_info` [ RunTime:0.0037s ]
SQL: SHOW COLUMNS FROM `node_info` [ RunTime:0.0033s ]
SQL: SELECT * FROM `node_info` WHERE `status` = 0 AND `depth` = 1 ORDER BY sort  [ RunTime:0.0004s ]
SQL: SHOW COLUMNS FROM `node_info` [ RunTime:0.0032s ]
SQL: SELECT * FROM `node_info` WHERE `depth` > 1 AND LEFT(id,2) = '04' AND `status` = 0  [ RunTime:0.0004s ]
SQL: SHOW COLUMNS FROM `node_info` [ RunTime:0.0038s ]
SQL: SHOW COLUMNS FROM `theme` [ RunTime:0.0036s ]
SQL: SELECT t.update_time,t.addr,t.id,p.savepath,p.savename FROM theme as t left join picture as p on t.pic_id=p.id WHERE ( t.status=0 )  [ RunTime:0.0004s ]
INFO: [ view_parse ] --START--
INFO: [ template_filter ] --START--
INFO: Run Behavior\ContentReplaceBehavior [ RunTime:0.000175s ]
INFO: [ template_filter ] --END-- [ RunTime:0.000217s ]
NOTIC: [8] Use of undefined constant ONETHINK_VERSION - assumed 'ONETHINK_VERSION' E:\www\microweb\Application\Runtime\Cache\Admin\e8fafcab13855e479492bfa646659dc6.php 第 132 行.
INFO: Run Behavior\ParseTemplateBehavior [ RunTime:0.013753s ]
INFO: [ view_parse ] --END-- [ RunTime:0.013831s ]
INFO: [ view_filter ] --START--
INFO: Run Behavior\WriteHtmlCacheBehavior [ RunTime:0.000728s ]
INFO: [ view_filter ] --END-- [ RunTime:0.000770s ]
INFO: [ app_end ] --START--
INFO: Run Behavior\ShowPageTraceBehavior [ RunTime:0.000848s ]
INFO: [ app_end ] --END-- [ RunTime:0.000908s ]

