[ 2015-12-18T17:39:05+08:00 ] ::1 /microweb/index.php/admin
INFO: [ app_init ] --START--
INFO: Run Behavior\BuildLiteBehavior [ RunTime:0.000032s ]
INFO: [ app_init ] --END-- [ RunTime:0.000643s ]
INFO: [ app_begin ] --START--
INFO: Run Behavior\ReadHtmlCacheBehavior [ RunTime:0.001162s ]
INFO: [ app_begin ] --END-- [ RunTime:0.001392s ]

[ 2015-12-18T17:39:05+08:00 ] ::1 /microweb/index.php/Admin/Public/login
INFO: [ app_init ] --START--
INFO: Run Behavior\BuildLiteBehavior [ RunTime:0.000026s ]
INFO: [ app_init ] --END-- [ RunTime:0.000456s ]
INFO: [ app_begin ] --START--
INFO: Run Behavior\ReadHtmlCacheBehavior [ RunTime:0.000573s ]
INFO: [ app_begin ] --END-- [ RunTime:0.000686s ]
INFO: [ view_parse ] --START--
INFO: [ template_filter ] --START--
INFO: Run Behavior\ContentReplaceBehavior [ RunTime:0.000147s ]
INFO: [ template_filter ] --END-- [ RunTime:0.000322s ]
INFO: Run Behavior\ParseTemplateBehavior [ RunTime:0.008809s ]
INFO: [ view_parse ] --END-- [ RunTime:0.008949s ]
INFO: [ view_filter ] --START--
INFO: Run Behavior\WriteHtmlCacheBehavior [ RunTime:0.000561s ]
INFO: [ view_filter ] --END-- [ RunTime:0.000666s ]
INFO: [ app_end ] --START--
INFO: Run Behavior\ShowPageTraceBehavior [ RunTime:0.000650s ]
INFO: [ app_end ] --END-- [ RunTime:0.000755s ]

[ 2015-12-18T17:39:05+08:00 ] ::1 /microweb/index.php/Admin/Public/verify
INFO: [ app_init ] --START--
INFO: Run Behavior\BuildLiteBehavior [ RunTime:0.000030s ]
INFO: [ app_init ] --END-- [ RunTime:0.000538s ]
INFO: [ app_begin ] --START--
INFO: Run Behavior\ReadHtmlCacheBehavior [ RunTime:0.000579s ]
INFO: [ app_begin ] --END-- [ RunTime:0.000709s ]
INFO: [ app_end ] --START--
INFO: Run Behavior\ShowPageTraceBehavior [ RunTime:0.000680s ]
INFO: [ app_end ] --END-- [ RunTime:0.000818s ]

[ 2015-12-18T17:39:16+08:00 ] ::1 /microweb/index.php/Admin/Public/verify?0.5345128532499075
INFO: [ app_init ] --START--
INFO: Run Behavior\BuildLiteBehavior [ RunTime:0.000027s ]
INFO: [ app_init ] --END-- [ RunTime:0.000494s ]
INFO: [ app_begin ] --START--
INFO: Run Behavior\ReadHtmlCacheBehavior [ RunTime:0.000590s ]
INFO: [ app_begin ] --END-- [ RunTime:0.000716s ]
INFO: [ app_end ] --START--
INFO: Run Behavior\ShowPageTraceBehavior [ RunTime:0.000727s ]
INFO: [ app_end ] --END-- [ RunTime:0.000866s ]

[ 2015-12-18T17:39:17+08:00 ] ::1 /microweb/index.php/Admin/Public/verify?0.19399515632539988
INFO: [ app_init ] --START--
INFO: Run Behavior\BuildLiteBehavior [ RunTime:0.000030s ]
INFO: [ app_init ] --END-- [ RunTime:0.000614s ]
INFO: [ app_begin ] --START--
INFO: Run Behavior\ReadHtmlCacheBehavior [ RunTime:0.001069s ]
INFO: [ app_begin ] --END-- [ RunTime:0.001382s ]
INFO: [ app_end ] --START--
INFO: Run Behavior\ShowPageTraceBehavior [ RunTime:0.000687s ]
INFO: [ app_end ] --END-- [ RunTime:0.000809s ]

[ 2015-12-18T17:39:23+08:00 ] ::1 /microweb/index.php/Admin/Public/do_login
INFO: [ app_init ] --START--
INFO: Run Behavior\BuildLiteBehavior [ RunTime:0.000030s ]
INFO: [ app_init ] --END-- [ RunTime:0.000601s ]
INFO: [ app_begin ] --START--
INFO: Run Behavior\ReadHtmlCacheBehavior [ RunTime:0.000680s ]
INFO: [ app_begin ] --END-- [ RunTime:0.000794s ]
SQL: SHOW COLUMNS FROM `admin_info` [ RunTime:0.0142s ]
SQL: SELECT * FROM `admin_info` WHERE `account` = 'admin' LIMIT 1   [ RunTime:0.0018s ]
INFO: [ app_end ] --START--
INFO: Run Behavior\ShowPageTraceBehavior [ RunTime:0.000714s ]
INFO: [ app_end ] --END-- [ RunTime:0.000825s ]

[ 2015-12-18T17:39:23+08:00 ] ::1 /microweb/index.php/Admin/Index/index.html
INFO: [ app_init ] --START--
INFO: Run Behavior\BuildLiteBehavior [ RunTime:0.000027s ]
INFO: [ app_init ] --END-- [ RunTime:0.000546s ]
INFO: [ app_begin ] --START--
INFO: Run Behavior\ReadHtmlCacheBehavior [ RunTime:0.000609s ]
INFO: [ app_begin ] --END-- [ RunTime:0.000724s ]
SQL: SHOW COLUMNS FROM `node_info` [ RunTime:0.0043s ]
SQL: SHOW COLUMNS FROM `node_info` [ RunTime:0.0032s ]
SQL: SELECT * FROM `node_info` WHERE `status` = 0 AND `depth` = 1 ORDER BY sort  [ RunTime:0.0024s ]
SQL: SHOW COLUMNS FROM `node_info` [ RunTime:0.0026s ]
SQL: SELECT * FROM `node_info` WHERE `depth` > 1 AND LEFT(id,2) = '01' AND `status` = 0  [ RunTime:0.0008s ]
NOTIC: [8] Undefined variable: arr D:\wamp\www\microweb\Application\Admin\Controller\BaseController.class.php 第 64 行.
SQL: SHOW COLUMNS FROM `admin_info` [ RunTime:0.0027s ]
SQL: SELECT COUNT(*) AS tp_count FROM `admin_info` WHERE ( status=0 ) LIMIT 1   [ RunTime:0.0011s ]
SQL: SHOW COLUMNS FROM `user_info` [ RunTime:0.0054s ]
SQL: SELECT COUNT(*) AS tp_count FROM `user_info` WHERE ( status=0 ) LIMIT 1   [ RunTime:0.0003s ]
SQL: SHOW COLUMNS FROM `site_info` [ RunTime:0.0063s ]
SQL: SELECT COUNT(*) AS tp_count FROM `site_info` WHERE ( status=0 ) LIMIT 1   [ RunTime:0.0004s ]
SQL: SHOW COLUMNS FROM `article` [ RunTime:0.0051s ]
SQL: SELECT COUNT(*) AS tp_count FROM `article` WHERE ( status=0 ) LIMIT 1   [ RunTime:0.0003s ]
SQL: SHOW COLUMNS FROM `controller` [ RunTime:0.0052s ]
SQL: SELECT COUNT(*) AS tp_count FROM `controller` WHERE ( status=0 ) LIMIT 1   [ RunTime:0.0003s ]
INFO: [ view_parse ] --START--
INFO: [ template_filter ] --START--
INFO: Run Behavior\ContentReplaceBehavior [ RunTime:0.000229s ]
INFO: [ template_filter ] --END-- [ RunTime:0.000356s ]
NOTIC: [8] Use of undefined constant ONETHINK_VERSION - assumed 'ONETHINK_VERSION' D:\wamp\www\microweb\Application\Runtime\Cache\Admin\b595b808c2ebeeeb0478ffc30bb4e87a.php 第 234 行.
INFO: Run Behavior\ParseTemplateBehavior [ RunTime:0.021783s ]
INFO: [ view_parse ] --END-- [ RunTime:0.021901s ]
INFO: [ view_filter ] --START--
INFO: Run Behavior\WriteHtmlCacheBehavior [ RunTime:0.000345s ]
INFO: [ view_filter ] --END-- [ RunTime:0.000458s ]
INFO: [ app_end ] --START--
INFO: Run Behavior\ShowPageTraceBehavior [ RunTime:0.000529s ]
INFO: [ app_end ] --END-- [ RunTime:0.000638s ]

[ 2015-12-18T17:39:24+08:00 ] ::1 /microweb/index.php/Admin/Reception/index
INFO: [ app_init ] --START--
INFO: Run Behavior\BuildLiteBehavior [ RunTime:0.000034s ]
INFO: [ app_init ] --END-- [ RunTime:0.000631s ]
INFO: [ app_begin ] --START--
INFO: Run Behavior\ReadHtmlCacheBehavior [ RunTime:0.000640s ]
INFO: [ app_begin ] --END-- [ RunTime:0.000763s ]
NOTIC: [2048] Declaration of Admin\Controller\ReceptionController::theme() should be compatible with Think\Controller::theme($theme) D:\wamp\www\microweb\Application\Admin\Controller\ReceptionController.class.php 第 8 行.
SQL: SHOW COLUMNS FROM `node_info` [ RunTime:0.0034s ]
SQL: SHOW COLUMNS FROM `node_info` [ RunTime:0.0032s ]
SQL: SELECT * FROM `node_info` WHERE `status` = 0 AND `depth` = 1 ORDER BY sort  [ RunTime:0.0004s ]
SQL: SHOW COLUMNS FROM `node_info` [ RunTime:0.0033s ]
SQL: SELECT * FROM `node_info` WHERE `depth` > 1 AND LEFT(id,2) = '04' AND `status` = 0  [ RunTime:0.0004s ]
SQL: SHOW COLUMNS FROM `node_info` [ RunTime:0.0031s ]
SQL: SHOW COLUMNS FROM `background` [ RunTime:0.0060s ]
SQL: SELECT b.id,b.name,p.savename,p.savepath,p.update_time FROM background b left join picture p on b.pic_id=p.id WHERE ( b.status=0 )  [ RunTime:0.0031s ]
INFO: [ view_parse ] --START--
INFO: [ template_filter ] --START--
INFO: Run Behavior\ContentReplaceBehavior [ RunTime:0.000232s ]
INFO: [ template_filter ] --END-- [ RunTime:0.000349s ]
NOTIC: [8] Use of undefined constant ONETHINK_VERSION - assumed 'ONETHINK_VERSION' D:\wamp\www\microweb\Application\Runtime\Cache\Admin\2133f1cae3f1e0fab391da3306ad135d.php 第 129 行.
INFO: Run Behavior\ParseTemplateBehavior [ RunTime:0.019192s ]
INFO: [ view_parse ] --END-- [ RunTime:0.019326s ]
INFO: [ view_filter ] --START--
INFO: Run Behavior\WriteHtmlCacheBehavior [ RunTime:0.000329s ]
INFO: [ view_filter ] --END-- [ RunTime:0.000429s ]
INFO: [ app_end ] --START--
INFO: Run Behavior\ShowPageTraceBehavior [ RunTime:0.000587s ]
INFO: [ app_end ] --END-- [ RunTime:0.000694s ]

[ 2015-12-18T17:39:27+08:00 ] ::1 /microweb/index.php/Admin/Reception/editimg
INFO: [ app_init ] --START--
INFO: Run Behavior\BuildLiteBehavior [ RunTime:0.000047s ]
INFO: [ app_init ] --END-- [ RunTime:0.000932s ]
INFO: [ app_begin ] --START--
INFO: Run Behavior\ReadHtmlCacheBehavior [ RunTime:0.001191s ]
INFO: [ app_begin ] --END-- [ RunTime:0.001381s ]
NOTIC: [2048] Declaration of Admin\Controller\ReceptionController::theme() should be compatible with Think\Controller::theme($theme) D:\wamp\www\microweb\Application\Admin\Controller\ReceptionController.class.php 第 8 行.
SQL: SHOW COLUMNS FROM `node_info` [ RunTime:0.0059s ]
SQL: SHOW COLUMNS FROM `node_info` [ RunTime:0.0029s ]
SQL: SELECT * FROM `node_info` WHERE `status` = 0 AND `depth` = 1 ORDER BY sort  [ RunTime:0.0003s ]
SQL: SHOW COLUMNS FROM `node_info` [ RunTime:0.0026s ]
SQL: SELECT * FROM `node_info` WHERE `depth` > 1 AND LEFT(id,2) = '04' AND `status` = 0  [ RunTime:0.0003s ]
SQL: SHOW COLUMNS FROM `background` [ RunTime:0.0028s ]
SQL: UPDATE `background` SET `name`='甘道夫.jpg' WHERE ( id=5 ) [ RunTime:0.0034s ]

[ 2015-12-18T17:39:29+08:00 ] ::1 /microweb/index.php/Admin/Reception/column
INFO: [ app_init ] --START--
INFO: Run Behavior\BuildLiteBehavior [ RunTime:0.000032s ]
INFO: [ app_init ] --END-- [ RunTime:0.000629s ]
INFO: [ app_begin ] --START--
INFO: Run Behavior\ReadHtmlCacheBehavior [ RunTime:0.000701s ]
INFO: [ app_begin ] --END-- [ RunTime:0.000841s ]
NOTIC: [2048] Declaration of Admin\Controller\ReceptionController::theme() should be compatible with Think\Controller::theme($theme) D:\wamp\www\microweb\Application\Admin\Controller\ReceptionController.class.php 第 8 行.
SQL: SHOW COLUMNS FROM `node_info` [ RunTime:0.0060s ]
SQL: SHOW COLUMNS FROM `node_info` [ RunTime:0.0028s ]
SQL: SELECT * FROM `node_info` WHERE `status` = 0 AND `depth` = 1 ORDER BY sort  [ RunTime:0.0004s ]
SQL: SHOW COLUMNS FROM `node_info` [ RunTime:0.0034s ]
SQL: SELECT * FROM `node_info` WHERE `depth` > 1 AND LEFT(id,2) = '04' AND `status` = 0  [ RunTime:0.0003s ]
NOTIC: [8] Undefined index: nickname D:\wamp\www\microweb\Application\Admin\Controller\ReceptionController.class.php 第 51 行.
NOTIC: [8] Undefined index: nickname D:\wamp\www\microweb\Application\Admin\Controller\ReceptionController.class.php 第 51 行.
SQL: SHOW COLUMNS FROM `topic` [ RunTime:0.0062s ]
SQL: SELECT t.*,p.savename,p.savepath FROM topic t  left join picture as p on p.id=t.icon  WHERE ( t.status=0 and t.id like '%%' or t.status=0 and t.name like '%%' ) ORDER BY t.sort asc LIMIT 0,10   [ RunTime:0.0005s ]
SQL: SHOW COLUMNS FROM `topic` [ RunTime:0.0035s ]
SQL: SELECT COUNT(*) AS tp_count FROM `topic` WHERE ( status=0 ) LIMIT 1   [ RunTime:0.0002s ]
INFO: [ view_parse ] --START--
INFO: [ template_filter ] --START--
INFO: Run Behavior\ContentReplaceBehavior [ RunTime:0.000227s ]
INFO: [ template_filter ] --END-- [ RunTime:0.000343s ]
NOTIC: [8] Undefined index: uid D:\wamp\www\microweb\Application\Runtime\Cache\Admin\b6b141ee9760dca5d9460b940634fb08.php 第 145 行.
NOTIC: [8] Undefined index: uid D:\wamp\www\microweb\Application\Runtime\Cache\Admin\b6b141ee9760dca5d9460b940634fb08.php 第 145 行.
NOTIC: [8] Undefined index: uid D:\wamp\www\microweb\Application\Runtime\Cache\Admin\b6b141ee9760dca5d9460b940634fb08.php 第 145 行.
NOTIC: [8] Use of undefined constant ONETHINK_VERSION - assumed 'ONETHINK_VERSION' D:\wamp\www\microweb\Application\Runtime\Cache\Admin\b6b141ee9760dca5d9460b940634fb08.php 第 176 行.
INFO: Run Behavior\ParseTemplateBehavior [ RunTime:0.023258s ]
INFO: [ view_parse ] --END-- [ RunTime:0.023386s ]
INFO: [ view_filter ] --START--
INFO: Run Behavior\WriteHtmlCacheBehavior [ RunTime:0.000391s ]
INFO: [ view_filter ] --END-- [ RunTime:0.000519s ]
INFO: [ app_end ] --START--
INFO: Run Behavior\ShowPageTraceBehavior [ RunTime:0.000637s ]
INFO: [ app_end ] --END-- [ RunTime:0.000746s ]

[ 2015-12-18T17:39:30+08:00 ] ::1 /microweb/index.php/Admin/Reception/widget
INFO: [ app_init ] --START--
INFO: Run Behavior\BuildLiteBehavior [ RunTime:0.000033s ]
INFO: [ app_init ] --END-- [ RunTime:0.000621s ]
INFO: [ app_begin ] --START--
INFO: Run Behavior\ReadHtmlCacheBehavior [ RunTime:0.000707s ]
INFO: [ app_begin ] --END-- [ RunTime:0.000849s ]
NOTIC: [2048] Declaration of Admin\Controller\ReceptionController::theme() should be compatible with Think\Controller::theme($theme) D:\wamp\www\microweb\Application\Admin\Controller\ReceptionController.class.php 第 8 行.
SQL: SHOW COLUMNS FROM `node_info` [ RunTime:0.0033s ]
SQL: SHOW COLUMNS FROM `node_info` [ RunTime:0.0030s ]
SQL: SELECT * FROM `node_info` WHERE `status` = 0 AND `depth` = 1 ORDER BY sort  [ RunTime:0.0003s ]
SQL: SHOW COLUMNS FROM `node_info` [ RunTime:0.0027s ]
SQL: SELECT * FROM `node_info` WHERE `depth` > 1 AND LEFT(id,2) = '04' AND `status` = 0  [ RunTime:0.0003s ]
SQL: SHOW COLUMNS FROM `controller` [ RunTime:0.0029s ]
NOTIC: [8] Undefined index: nickname D:\wamp\www\microweb\Application\Admin\Controller\ReceptionController.class.php 第 213 行.
NOTIC: [8] Undefined index: nickname D:\wamp\www\microweb\Application\Admin\Controller\ReceptionController.class.php 第 213 行.
SQL: SELECT * FROM `controller` WHERE ( status=0 and id like '%%' or status=0 and name like '%%' ) ORDER BY sort asc LIMIT 0,10   [ RunTime:0.0004s ]
SQL: SELECT COUNT(*) AS tp_count FROM `controller` WHERE ( status=0 ) LIMIT 1   [ RunTime:0.0002s ]
INFO: [ view_parse ] --START--
INFO: [ template_filter ] --START--
INFO: Run Behavior\ContentReplaceBehavior [ RunTime:0.000212s ]
INFO: [ template_filter ] --END-- [ RunTime:0.000337s ]
NOTIC: [8] Undefined index: uid D:\wamp\www\microweb\Application\Runtime\Cache\Admin\b4591528eeed5d85edf516be29d5135d.php 第 134 行.
NOTIC: [8] Undefined index: uid D:\wamp\www\microweb\Application\Runtime\Cache\Admin\b4591528eeed5d85edf516be29d5135d.php 第 134 行.
NOTIC: [8] Undefined index: uid D:\wamp\www\microweb\Application\Runtime\Cache\Admin\b4591528eeed5d85edf516be29d5135d.php 第 134 行.
NOTIC: [8] Undefined index: uid D:\wamp\www\microweb\Application\Runtime\Cache\Admin\b4591528eeed5d85edf516be29d5135d.php 第 134 行.
NOTIC: [8] Undefined index: uid D:\wamp\www\microweb\Application\Runtime\Cache\Admin\b4591528eeed5d85edf516be29d5135d.php 第 134 行.
NOTIC: [8] Undefined index: uid D:\wamp\www\microweb\Application\Runtime\Cache\Admin\b4591528eeed5d85edf516be29d5135d.php 第 134 行.
NOTIC: [8] Undefined index: uid D:\wamp\www\microweb\Application\Runtime\Cache\Admin\b4591528eeed5d85edf516be29d5135d.php 第 134 行.
NOTIC: [8] Undefined index: uid D:\wamp\www\microweb\Application\Runtime\Cache\Admin\b4591528eeed5d85edf516be29d5135d.php 第 134 行.
NOTIC: [8] Use of undefined constant ONETHINK_VERSION - assumed 'ONETHINK_VERSION' D:\wamp\www\microweb\Application\Runtime\Cache\Admin\b4591528eeed5d85edf516be29d5135d.php 第 167 行.
INFO: Run Behavior\ParseTemplateBehavior [ RunTime:0.026567s ]
INFO: [ view_parse ] --END-- [ RunTime:0.026691s ]
INFO: [ view_filter ] --START--
INFO: Run Behavior\WriteHtmlCacheBehavior [ RunTime:0.000388s ]
INFO: [ view_filter ] --END-- [ RunTime:0.000497s ]
INFO: [ app_end ] --START--
INFO: Run Behavior\ShowPageTraceBehavior [ RunTime:0.000668s ]
INFO: [ app_end ] --END-- [ RunTime:0.000789s ]

[ 2015-12-18T17:39:31+08:00 ] ::1 /microweb/index.php/Admin/Reception/theme
INFO: [ app_init ] --START--
INFO: Run Behavior\BuildLiteBehavior [ RunTime:0.000030s ]
INFO: [ app_init ] --END-- [ RunTime:0.000619s ]
INFO: [ app_begin ] --START--
INFO: Run Behavior\ReadHtmlCacheBehavior [ RunTime:0.000806s ]
INFO: [ app_begin ] --END-- [ RunTime:0.000948s ]
NOTIC: [2048] Declaration of Admin\Controller\ReceptionController::theme() should be compatible with Think\Controller::theme($theme) D:\wamp\www\microweb\Application\Admin\Controller\ReceptionController.class.php 第 8 行.
SQL: SHOW COLUMNS FROM `node_info` [ RunTime:0.0040s ]
SQL: SHOW COLUMNS FROM `node_info` [ RunTime:0.0030s ]
SQL: SELECT * FROM `node_info` WHERE `status` = 0 AND `depth` = 1 ORDER BY sort  [ RunTime:0.0003s ]
SQL: SHOW COLUMNS FROM `node_info` [ RunTime:0.0026s ]
SQL: SELECT * FROM `node_info` WHERE `depth` > 1 AND LEFT(id,2) = '04' AND `status` = 0  [ RunTime:0.0003s ]
SQL: SHOW COLUMNS FROM `node_info` [ RunTime:0.0028s ]
SQL: SHOW COLUMNS FROM `theme` [ RunTime:0.0053s ]
SQL: SELECT t.update_time,t.addr,t.id,p.savepath,p.savename FROM theme as t left join picture as p on t.pic_id=p.id WHERE ( t.status=0 )  [ RunTime:0.0003s ]
INFO: [ view_parse ] --START--
INFO: [ template_filter ] --START--
INFO: Run Behavior\ContentReplaceBehavior [ RunTime:0.000215s ]
INFO: [ template_filter ] --END-- [ RunTime:0.000383s ]
NOTIC: [8] Use of undefined constant ONETHINK_VERSION - assumed 'ONETHINK_VERSION' D:\wamp\www\microweb\Application\Runtime\Cache\Admin\e8fafcab13855e479492bfa646659dc6.php 第 132 行.
INFO: Run Behavior\ParseTemplateBehavior [ RunTime:0.020546s ]
INFO: [ view_parse ] --END-- [ RunTime:0.020667s ]
INFO: [ view_filter ] --START--
INFO: Run Behavior\WriteHtmlCacheBehavior [ RunTime:0.000376s ]
INFO: [ view_filter ] --END-- [ RunTime:0.000482s ]
INFO: [ app_end ] --START--
INFO: Run Behavior\ShowPageTraceBehavior [ RunTime:0.000765s ]
INFO: [ app_end ] --END-- [ RunTime:0.000900s ]

[ 2015-12-18T17:39:31+08:00 ] ::1 /microweb/index.php/Admin/Reception/column
INFO: [ app_init ] --START--
INFO: Run Behavior\BuildLiteBehavior [ RunTime:0.000031s ]
INFO: [ app_init ] --END-- [ RunTime:0.000608s ]
INFO: [ app_begin ] --START--
INFO: Run Behavior\ReadHtmlCacheBehavior [ RunTime:0.000725s ]
INFO: [ app_begin ] --END-- [ RunTime:0.000863s ]
NOTIC: [2048] Declaration of Admin\Controller\ReceptionController::theme() should be compatible with Think\Controller::theme($theme) D:\wamp\www\microweb\Application\Admin\Controller\ReceptionController.class.php 第 8 行.
SQL: SHOW COLUMNS FROM `node_info` [ RunTime:0.0066s ]
SQL: SHOW COLUMNS FROM `node_info` [ RunTime:0.0030s ]
SQL: SELECT * FROM `node_info` WHERE `status` = 0 AND `depth` = 1 ORDER BY sort  [ RunTime:0.0003s ]
SQL: SHOW COLUMNS FROM `node_info` [ RunTime:0.0028s ]
SQL: SELECT * FROM `node_info` WHERE `depth` > 1 AND LEFT(id,2) = '04' AND `status` = 0  [ RunTime:0.0003s ]
NOTIC: [8] Undefined index: nickname D:\wamp\www\microweb\Application\Admin\Controller\ReceptionController.class.php 第 51 行.
NOTIC: [8] Undefined index: nickname D:\wamp\www\microweb\Application\Admin\Controller\ReceptionController.class.php 第 51 行.
SQL: SHOW COLUMNS FROM `topic` [ RunTime:0.0030s ]
SQL: SELECT t.*,p.savename,p.savepath FROM topic t  left join picture as p on p.id=t.icon  WHERE ( t.status=0 and t.id like '%%' or t.status=0 and t.name like '%%' ) ORDER BY t.sort asc LIMIT 0,10   [ RunTime:0.0004s ]
SQL: SHOW COLUMNS FROM `topic` [ RunTime:0.0032s ]
SQL: SELECT COUNT(*) AS tp_count FROM `topic` WHERE ( status=0 ) LIMIT 1   [ RunTime:0.0003s ]
INFO: [ view_parse ] --START--
INFO: [ template_filter ] --START--
INFO: Run Behavior\ContentReplaceBehavior [ RunTime:0.000221s ]
INFO: [ template_filter ] --END-- [ RunTime:0.000351s ]
NOTIC: [8] Undefined index: uid D:\wamp\www\microweb\Application\Runtime\Cache\Admin\b6b141ee9760dca5d9460b940634fb08.php 第 145 行.
NOTIC: [8] Undefined index: uid D:\wamp\www\microweb\Application\Runtime\Cache\Admin\b6b141ee9760dca5d9460b940634fb08.php 第 145 行.
NOTIC: [8] Undefined index: uid D:\wamp\www\microweb\Application\Runtime\Cache\Admin\b6b141ee9760dca5d9460b940634fb08.php 第 145 行.
NOTIC: [8] Use of undefined constant ONETHINK_VERSION - assumed 'ONETHINK_VERSION' D:\wamp\www\microweb\Application\Runtime\Cache\Admin\b6b141ee9760dca5d9460b940634fb08.php 第 176 行.
INFO: Run Behavior\ParseTemplateBehavior [ RunTime:0.023101s ]
INFO: [ view_parse ] --END-- [ RunTime:0.023223s ]
INFO: [ view_filter ] --START--
INFO: Run Behavior\WriteHtmlCacheBehavior [ RunTime:0.000411s ]
INFO: [ view_filter ] --END-- [ RunTime:0.000517s ]
INFO: [ app_end ] --START--
INFO: Run Behavior\ShowPageTraceBehavior [ RunTime:0.000587s ]
INFO: [ app_end ] --END-- [ RunTime:0.000698s ]

[ 2015-12-18T17:39:34+08:00 ] ::1 /microweb/index.php/Admin/Reception/addColumn/seat/1
INFO: [ app_init ] --START--
INFO: Run Behavior\BuildLiteBehavior [ RunTime:0.000026s ]
INFO: [ app_init ] --END-- [ RunTime:0.000450s ]
INFO: [ app_begin ] --START--
INFO: Run Behavior\ReadHtmlCacheBehavior [ RunTime:0.000534s ]
INFO: [ app_begin ] --END-- [ RunTime:0.000650s ]
NOTIC: [2048] Declaration of Admin\Controller\ReceptionController::theme() should be compatible with Think\Controller::theme($theme) D:\wamp\www\microweb\Application\Admin\Controller\ReceptionController.class.php 第 8 行.
SQL: SHOW COLUMNS FROM `node_info` [ RunTime:0.0031s ]
SQL: SHOW COLUMNS FROM `node_info` [ RunTime:0.0026s ]
SQL: SELECT * FROM `node_info` WHERE `status` = 0 AND `depth` = 1 ORDER BY sort  [ RunTime:0.0003s ]
SQL: SHOW COLUMNS FROM `node_info` [ RunTime:0.0026s ]
SQL: SELECT * FROM `node_info` WHERE `depth` > 1 AND LEFT(id,2) = '04' AND `status` = 0  [ RunTime:0.0008s ]
SQL: SHOW COLUMNS FROM `topic` [ RunTime:0.0030s ]
SQL: SELECT t.*,p.savename,p.savepath FROM topic t  left join picture as p on p.id=t.icon  WHERE ( t.id=1 ) LIMIT 1   [ RunTime:0.0003s ]
INFO: [ view_parse ] --START--
INFO: [ template_filter ] --START--
INFO: Run Behavior\ContentReplaceBehavior [ RunTime:0.000200s ]
INFO: [ template_filter ] --END-- [ RunTime:0.000321s ]
NOTIC: [8] Use of undefined constant ONETHINK_VERSION - assumed 'ONETHINK_VERSION' D:\wamp\www\microweb\Application\Runtime\Cache\Admin\3c873f5fb9c5737269b100f28384d1bf.php 第 157 行.
INFO: Run Behavior\ParseTemplateBehavior [ RunTime:0.022503s ]
INFO: [ view_parse ] --END-- [ RunTime:0.022617s ]
INFO: [ view_filter ] --START--
INFO: Run Behavior\WriteHtmlCacheBehavior [ RunTime:0.000323s ]
INFO: [ view_filter ] --END-- [ RunTime:0.000428s ]
INFO: [ app_end ] --START--
INFO: Run Behavior\ShowPageTraceBehavior [ RunTime:0.000530s ]
INFO: [ app_end ] --END-- [ RunTime:0.000642s ]

[ 2015-12-18T17:39:35+08:00 ] ::1 /microweb/index.php/Admin/Reception/column
INFO: [ app_init ] --START--
INFO: Run Behavior\BuildLiteBehavior [ RunTime:0.000032s ]
INFO: [ app_init ] --END-- [ RunTime:0.000615s ]
INFO: [ app_begin ] --START--
INFO: Run Behavior\ReadHtmlCacheBehavior [ RunTime:0.000744s ]
INFO: [ app_begin ] --END-- [ RunTime:0.000891s ]
NOTIC: [2048] Declaration of Admin\Controller\ReceptionController::theme() should be compatible with Think\Controller::theme($theme) D:\wamp\www\microweb\Application\Admin\Controller\ReceptionController.class.php 第 8 行.
SQL: SHOW COLUMNS FROM `node_info` [ RunTime:0.0061s ]
SQL: SHOW COLUMNS FROM `node_info` [ RunTime:0.0031s ]
SQL: SELECT * FROM `node_info` WHERE `status` = 0 AND `depth` = 1 ORDER BY sort  [ RunTime:0.0004s ]
SQL: SHOW COLUMNS FROM `node_info` [ RunTime:0.0030s ]
SQL: SELECT * FROM `node_info` WHERE `depth` > 1 AND LEFT(id,2) = '04' AND `status` = 0  [ RunTime:0.0003s ]
NOTIC: [8] Undefined index: nickname D:\wamp\www\microweb\Application\Admin\Controller\ReceptionController.class.php 第 51 行.
NOTIC: [8] Undefined index: nickname D:\wamp\www\microweb\Application\Admin\Controller\ReceptionController.class.php 第 51 行.
SQL: SHOW COLUMNS FROM `topic` [ RunTime:0.0032s ]
SQL: SELECT t.*,p.savename,p.savepath FROM topic t  left join picture as p on p.id=t.icon  WHERE ( t.status=0 and t.id like '%%' or t.status=0 and t.name like '%%' ) ORDER BY t.sort asc LIMIT 0,10   [ RunTime:0.0005s ]
SQL: SHOW COLUMNS FROM `topic` [ RunTime:0.0031s ]
SQL: SELECT COUNT(*) AS tp_count FROM `topic` WHERE ( status=0 ) LIMIT 1   [ RunTime:0.0003s ]
INFO: [ view_parse ] --START--
INFO: [ template_filter ] --START--
INFO: Run Behavior\ContentReplaceBehavior [ RunTime:0.000210s ]
INFO: [ template_filter ] --END-- [ RunTime:0.000326s ]
NOTIC: [8] Undefined index: uid D:\wamp\www\microweb\Application\Runtime\Cache\Admin\b6b141ee9760dca5d9460b940634fb08.php 第 145 行.
NOTIC: [8] Undefined index: uid D:\wamp\www\microweb\Application\Runtime\Cache\Admin\b6b141ee9760dca5d9460b940634fb08.php 第 145 行.
NOTIC: [8] Undefined index: uid D:\wamp\www\microweb\Application\Runtime\Cache\Admin\b6b141ee9760dca5d9460b940634fb08.php 第 145 行.
NOTIC: [8] Use of undefined constant ONETHINK_VERSION - assumed 'ONETHINK_VERSION' D:\wamp\www\microweb\Application\Runtime\Cache\Admin\b6b141ee9760dca5d9460b940634fb08.php 第 176 行.
INFO: Run Behavior\ParseTemplateBehavior [ RunTime:0.022919s ]
INFO: [ view_parse ] --END-- [ RunTime:0.023055s ]
INFO: [ view_filter ] --START--
INFO: Run Behavior\WriteHtmlCacheBehavior [ RunTime:0.000536s ]
INFO: [ view_filter ] --END-- [ RunTime:0.000638s ]
INFO: [ app_end ] --START--
INFO: Run Behavior\ShowPageTraceBehavior [ RunTime:0.000605s ]
INFO: [ app_end ] --END-- [ RunTime:0.000711s ]

[ 2015-12-18T17:39:37+08:00 ] ::1 /microweb/index.php/Admin/Reception/widget
INFO: [ app_init ] --START--
INFO: Run Behavior\BuildLiteBehavior [ RunTime:0.000032s ]
INFO: [ app_init ] --END-- [ RunTime:0.000609s ]
INFO: [ app_begin ] --START--
INFO: Run Behavior\ReadHtmlCacheBehavior [ RunTime:0.000930s ]
INFO: [ app_begin ] --END-- [ RunTime:0.001132s ]
NOTIC: [2048] Declaration of Admin\Controller\ReceptionController::theme() should be compatible with Think\Controller::theme($theme) D:\wamp\www\microweb\Application\Admin\Controller\ReceptionController.class.php 第 8 行.
SQL: SHOW COLUMNS FROM `node_info` [ RunTime:0.0058s ]
SQL: SHOW COLUMNS FROM `node_info` [ RunTime:0.0028s ]
SQL: SELECT * FROM `node_info` WHERE `status` = 0 AND `depth` = 1 ORDER BY sort  [ RunTime:0.0004s ]
SQL: SHOW COLUMNS FROM `node_info` [ RunTime:0.0027s ]
SQL: SELECT * FROM `node_info` WHERE `depth` > 1 AND LEFT(id,2) = '04' AND `status` = 0  [ RunTime:0.0003s ]
SQL: SHOW COLUMNS FROM `controller` [ RunTime:0.0030s ]
NOTIC: [8] Undefined index: nickname D:\wamp\www\microweb\Application\Admin\Controller\ReceptionController.class.php 第 213 行.
NOTIC: [8] Undefined index: nickname D:\wamp\www\microweb\Application\Admin\Controller\ReceptionController.class.php 第 213 行.
SQL: SELECT * FROM `controller` WHERE ( status=0 and id like '%%' or status=0 and name like '%%' ) ORDER BY sort asc LIMIT 0,10   [ RunTime:0.0004s ]
SQL: SELECT COUNT(*) AS tp_count FROM `controller` WHERE ( status=0 ) LIMIT 1   [ RunTime:0.0002s ]
INFO: [ view_parse ] --START--
INFO: [ template_filter ] --START--
INFO: Run Behavior\ContentReplaceBehavior [ RunTime:0.000211s ]
INFO: [ template_filter ] --END-- [ RunTime:0.000332s ]
NOTIC: [8] Undefined index: uid D:\wamp\www\microweb\Application\Runtime\Cache\Admin\b4591528eeed5d85edf516be29d5135d.php 第 134 行.
NOTIC: [8] Undefined index: uid D:\wamp\www\microweb\Application\Runtime\Cache\Admin\b4591528eeed5d85edf516be29d5135d.php 第 134 行.
NOTIC: [8] Undefined index: uid D:\wamp\www\microweb\Application\Runtime\Cache\Admin\b4591528eeed5d85edf516be29d5135d.php 第 134 行.
NOTIC: [8] Undefined index: uid D:\wamp\www\microweb\Application\Runtime\Cache\Admin\b4591528eeed5d85edf516be29d5135d.php 第 134 行.
NOTIC: [8] Undefined index: uid D:\wamp\www\microweb\Application\Runtime\Cache\Admin\b4591528eeed5d85edf516be29d5135d.php 第 134 行.
NOTIC: [8] Undefined index: uid D:\wamp\www\microweb\Application\Runtime\Cache\Admin\b4591528eeed5d85edf516be29d5135d.php 第 134 行.
NOTIC: [8] Undefined index: uid D:\wamp\www\microweb\Application\Runtime\Cache\Admin\b4591528eeed5d85edf516be29d5135d.php 第 134 行.
NOTIC: [8] Undefined index: uid D:\wamp\www\microweb\Application\Runtime\Cache\Admin\b4591528eeed5d85edf516be29d5135d.php 第 134 行.
NOTIC: [8] Use of undefined constant ONETHINK_VERSION - assumed 'ONETHINK_VERSION' D:\wamp\www\microweb\Application\Runtime\Cache\Admin\b4591528eeed5d85edf516be29d5135d.php 第 167 行.
INFO: Run Behavior\ParseTemplateBehavior [ RunTime:0.025573s ]
INFO: [ view_parse ] --END-- [ RunTime:0.025691s ]
INFO: [ view_filter ] --START--
INFO: Run Behavior\WriteHtmlCacheBehavior [ RunTime:0.000439s ]
INFO: [ view_filter ] --END-- [ RunTime:0.000543s ]
INFO: [ app_end ] --START--
INFO: Run Behavior\ShowPageTraceBehavior [ RunTime:0.000612s ]
INFO: [ app_end ] --END-- [ RunTime:0.000731s ]

[ 2015-12-18T17:39:41+08:00 ] ::1 /microweb/index.php/Admin/Reception/column
INFO: [ app_init ] --START--
INFO: Run Behavior\BuildLiteBehavior [ RunTime:0.000032s ]
INFO: [ app_init ] --END-- [ RunTime:0.000624s ]
INFO: [ app_begin ] --START--
INFO: Run Behavior\ReadHtmlCacheBehavior [ RunTime:0.000635s ]
INFO: [ app_begin ] --END-- [ RunTime:0.000782s ]
NOTIC: [2048] Declaration of Admin\Controller\ReceptionController::theme() should be compatible with Think\Controller::theme($theme) D:\wamp\www\microweb\Application\Admin\Controller\ReceptionController.class.php 第 8 行.
SQL: SHOW COLUMNS FROM `node_info` [ RunTime:0.0063s ]
SQL: SHOW COLUMNS FROM `node_info` [ RunTime:0.0036s ]
SQL: SELECT * FROM `node_info` WHERE `status` = 0 AND `depth` = 1 ORDER BY sort  [ RunTime:0.0004s ]
SQL: SHOW COLUMNS FROM `node_info` [ RunTime:0.0032s ]
SQL: SELECT * FROM `node_info` WHERE `depth` > 1 AND LEFT(id,2) = '04' AND `status` = 0  [ RunTime:0.0003s ]
NOTIC: [8] Undefined index: nickname D:\wamp\www\microweb\Application\Admin\Controller\ReceptionController.class.php 第 51 行.
NOTIC: [8] Undefined index: nickname D:\wamp\www\microweb\Application\Admin\Controller\ReceptionController.class.php 第 51 行.
SQL: SHOW COLUMNS FROM `topic` [ RunTime:0.0029s ]
SQL: SELECT t.*,p.savename,p.savepath FROM topic t  left join picture as p on p.id=t.icon  WHERE ( t.status=0 and t.id like '%%' or t.status=0 and t.name like '%%' ) ORDER BY t.sort asc LIMIT 0,10   [ RunTime:0.0004s ]
SQL: SHOW COLUMNS FROM `topic` [ RunTime:0.0031s ]
SQL: SELECT COUNT(*) AS tp_count FROM `topic` WHERE ( status=0 ) LIMIT 1   [ RunTime:0.0003s ]
INFO: [ view_parse ] --START--
INFO: [ template_filter ] --START--
INFO: Run Behavior\ContentReplaceBehavior [ RunTime:0.000291s ]
INFO: [ template_filter ] --END-- [ RunTime:0.000483s ]
NOTIC: [8] Undefined index: uid D:\wamp\www\microweb\Application\Runtime\Cache\Admin\b6b141ee9760dca5d9460b940634fb08.php 第 145 行.
NOTIC: [8] Undefined index: uid D:\wamp\www\microweb\Application\Runtime\Cache\Admin\b6b141ee9760dca5d9460b940634fb08.php 第 145 行.
NOTIC: [8] Undefined index: uid D:\wamp\www\microweb\Application\Runtime\Cache\Admin\b6b141ee9760dca5d9460b940634fb08.php 第 145 行.
NOTIC: [8] Use of undefined constant ONETHINK_VERSION - assumed 'ONETHINK_VERSION' D:\wamp\www\microweb\Application\Runtime\Cache\Admin\b6b141ee9760dca5d9460b940634fb08.php 第 176 行.
INFO: Run Behavior\ParseTemplateBehavior [ RunTime:0.025744s ]
INFO: [ view_parse ] --END-- [ RunTime:0.025918s ]
INFO: [ view_filter ] --START--
INFO: Run Behavior\WriteHtmlCacheBehavior [ RunTime:0.000502s ]
INFO: [ view_filter ] --END-- [ RunTime:0.000607s ]
INFO: [ app_end ] --START--
INFO: Run Behavior\ShowPageTraceBehavior [ RunTime:0.000669s ]
INFO: [ app_end ] --END-- [ RunTime:0.000778s ]

[ 2015-12-18T17:39:43+08:00 ] ::1 /microweb/index.php/Admin/Reception/addColumn
INFO: [ app_init ] --START--
INFO: Run Behavior\BuildLiteBehavior [ RunTime:0.000028s ]
INFO: [ app_init ] --END-- [ RunTime:0.000532s ]
INFO: [ app_begin ] --START--
INFO: Run Behavior\ReadHtmlCacheBehavior [ RunTime:0.000608s ]
INFO: [ app_begin ] --END-- [ RunTime:0.000720s ]
NOTIC: [2048] Declaration of Admin\Controller\ReceptionController::theme() should be compatible with Think\Controller::theme($theme) D:\wamp\www\microweb\Application\Admin\Controller\ReceptionController.class.php 第 8 行.
SQL: SHOW COLUMNS FROM `node_info` [ RunTime:0.0059s ]
SQL: SHOW COLUMNS FROM `node_info` [ RunTime:0.0028s ]
SQL: SELECT * FROM `node_info` WHERE `status` = 0 AND `depth` = 1 ORDER BY sort  [ RunTime:0.0003s ]
SQL: SHOW COLUMNS FROM `node_info` [ RunTime:0.0031s ]
SQL: SELECT * FROM `node_info` WHERE `depth` > 1 AND LEFT(id,2) = '04' AND `status` = 0  [ RunTime:0.0003s ]
INFO: [ view_parse ] --START--
INFO: [ template_filter ] --START--
INFO: Run Behavior\ContentReplaceBehavior [ RunTime:0.000200s ]
INFO: [ template_filter ] --END-- [ RunTime:0.000316s ]
NOTIC: [8] Undefined variable: list D:\wamp\www\microweb\Application\Runtime\Cache\Admin\3c873f5fb9c5737269b100f28384d1bf.php 第 126 行.
NOTIC: [8] Undefined variable: list D:\wamp\www\microweb\Application\Runtime\Cache\Admin\3c873f5fb9c5737269b100f28384d1bf.php 第 129 行.
NOTIC: [8] Undefined variable: list D:\wamp\www\microweb\Application\Runtime\Cache\Admin\3c873f5fb9c5737269b100f28384d1bf.php 第 134 行.
NOTIC: [8] Undefined variable: list D:\wamp\www\microweb\Application\Runtime\Cache\Admin\3c873f5fb9c5737269b100f28384d1bf.php 第 141 行.
NOTIC: [8] Use of undefined constant ONETHINK_VERSION - assumed 'ONETHINK_VERSION' D:\wamp\www\microweb\Application\Runtime\Cache\Admin\3c873f5fb9c5737269b100f28384d1bf.php 第 157 行.
INFO: Run Behavior\ParseTemplateBehavior [ RunTime:0.018680s ]
INFO: [ view_parse ] --END-- [ RunTime:0.018797s ]
INFO: [ view_filter ] --START--
INFO: Run Behavior\WriteHtmlCacheBehavior [ RunTime:0.000463s ]
INFO: [ view_filter ] --END-- [ RunTime:0.000564s ]
INFO: [ app_end ] --START--
INFO: Run Behavior\ShowPageTraceBehavior [ RunTime:0.000551s ]
INFO: [ app_end ] --END-- [ RunTime:0.000656s ]

[ 2015-12-18T17:39:46+08:00 ] ::1 /microweb/index.php/Admin/Reception/column
INFO: [ app_init ] --START--
INFO: Run Behavior\BuildLiteBehavior [ RunTime:0.000033s ]
INFO: [ app_init ] --END-- [ RunTime:0.000566s ]
INFO: [ app_begin ] --START--
INFO: Run Behavior\ReadHtmlCacheBehavior [ RunTime:0.001219s ]
INFO: [ app_begin ] --END-- [ RunTime:0.001539s ]
NOTIC: [2048] Declaration of Admin\Controller\ReceptionController::theme() should be compatible with Think\Controller::theme($theme) D:\wamp\www\microweb\Application\Admin\Controller\ReceptionController.class.php 第 8 行.
SQL: SHOW COLUMNS FROM `node_info` [ RunTime:0.0062s ]
SQL: SHOW COLUMNS FROM `node_info` [ RunTime:0.0029s ]
SQL: SELECT * FROM `node_info` WHERE `status` = 0 AND `depth` = 1 ORDER BY sort  [ RunTime:0.0005s ]
SQL: SHOW COLUMNS FROM `node_info` [ RunTime:0.0030s ]
SQL: SELECT * FROM `node_info` WHERE `depth` > 1 AND LEFT(id,2) = '04' AND `status` = 0  [ RunTime:0.0004s ]
NOTIC: [8] Undefined index: nickname D:\wamp\www\microweb\Application\Admin\Controller\ReceptionController.class.php 第 51 行.
NOTIC: [8] Undefined index: nickname D:\wamp\www\microweb\Application\Admin\Controller\ReceptionController.class.php 第 51 行.
SQL: SHOW COLUMNS FROM `topic` [ RunTime:0.0074s ]
SQL: SELECT t.*,p.savename,p.savepath FROM topic t  left join picture as p on p.id=t.icon  WHERE ( t.status=0 and t.id like '%%' or t.status=0 and t.name like '%%' ) ORDER BY t.sort asc LIMIT 0,10   [ RunTime:0.0005s ]
SQL: SHOW COLUMNS FROM `topic` [ RunTime:0.0032s ]
SQL: SELECT COUNT(*) AS tp_count FROM `topic` WHERE ( status=0 ) LIMIT 1   [ RunTime:0.0003s ]
INFO: [ view_parse ] --START--
INFO: [ template_filter ] --START--
INFO: Run Behavior\ContentReplaceBehavior [ RunTime:0.000230s ]
INFO: [ template_filter ] --END-- [ RunTime:0.000348s ]
NOTIC: [8] Undefined index: uid D:\wamp\www\microweb\Application\Runtime\Cache\Admin\b6b141ee9760dca5d9460b940634fb08.php 第 145 行.
NOTIC: [8] Undefined index: uid D:\wamp\www\microweb\Application\Runtime\Cache\Admin\b6b141ee9760dca5d9460b940634fb08.php 第 145 行.
NOTIC: [8] Undefined index: uid D:\wamp\www\microweb\Application\Runtime\Cache\Admin\b6b141ee9760dca5d9460b940634fb08.php 第 145 行.
NOTIC: [8] Use of undefined constant ONETHINK_VERSION - assumed 'ONETHINK_VERSION' D:\wamp\www\microweb\Application\Runtime\Cache\Admin\b6b141ee9760dca5d9460b940634fb08.php 第 176 行.
INFO: Run Behavior\ParseTemplateBehavior [ RunTime:0.028420s ]
INFO: [ view_parse ] --END-- [ RunTime:0.028536s ]
INFO: [ view_filter ] --START--
INFO: Run Behavior\WriteHtmlCacheBehavior [ RunTime:0.000413s ]
INFO: [ view_filter ] --END-- [ RunTime:0.000517s ]
INFO: [ app_end ] --START--
INFO: Run Behavior\ShowPageTraceBehavior [ RunTime:0.000544s ]
INFO: [ app_end ] --END-- [ RunTime:0.000652s ]

[ 2015-12-18T17:40:03+08:00 ] ::1 /microweb/index.php/Admin/Reception/addColumn
INFO: [ app_init ] --START--
INFO: Run Behavior\BuildLiteBehavior [ RunTime:0.000033s ]
INFO: [ app_init ] --END-- [ RunTime:0.000663s ]
INFO: [ app_begin ] --START--
INFO: Run Behavior\ReadHtmlCacheBehavior [ RunTime:0.000946s ]
INFO: [ app_begin ] --END-- [ RunTime:0.001171s ]
NOTIC: [2048] Declaration of Admin\Controller\ReceptionController::theme() should be compatible with Think\Controller::theme($theme) D:\wamp\www\microweb\Application\Admin\Controller\ReceptionController.class.php 第 8 行.
SQL: SHOW COLUMNS FROM `node_info` [ RunTime:0.0061s ]
SQL: SHOW COLUMNS FROM `node_info` [ RunTime:0.0029s ]
SQL: SELECT * FROM `node_info` WHERE `status` = 0 AND `depth` = 1 ORDER BY sort  [ RunTime:0.0004s ]
SQL: SHOW COLUMNS FROM `node_info` [ RunTime:0.0031s ]
SQL: SELECT * FROM `node_info` WHERE `depth` > 1 AND LEFT(id,2) = '04' AND `status` = 0  [ RunTime:0.0003s ]
INFO: [ view_parse ] --START--
INFO: [ template_filter ] --START--
INFO: Run Behavior\ContentReplaceBehavior [ RunTime:0.000190s ]
INFO: [ template_filter ] --END-- [ RunTime:0.000306s ]
NOTIC: [8] Undefined variable: list D:\wamp\www\microweb\Application\Runtime\Cache\Admin\3c873f5fb9c5737269b100f28384d1bf.php 第 126 行.
NOTIC: [8] Undefined variable: list D:\wamp\www\microweb\Application\Runtime\Cache\Admin\3c873f5fb9c5737269b100f28384d1bf.php 第 129 行.
NOTIC: [8] Undefined variable: list D:\wamp\www\microweb\Application\Runtime\Cache\Admin\3c873f5fb9c5737269b100f28384d1bf.php 第 134 行.
NOTIC: [8] Undefined variable: list D:\wamp\www\microweb\Application\Runtime\Cache\Admin\3c873f5fb9c5737269b100f28384d1bf.php 第 141 行.
NOTIC: [8] Use of undefined constant ONETHINK_VERSION - assumed 'ONETHINK_VERSION' D:\wamp\www\microweb\Application\Runtime\Cache\Admin\3c873f5fb9c5737269b100f28384d1bf.php 第 157 行.
INFO: Run Behavior\ParseTemplateBehavior [ RunTime:0.018912s ]
INFO: [ view_parse ] --END-- [ RunTime:0.019024s ]
INFO: [ view_filter ] --START--
INFO: Run Behavior\WriteHtmlCacheBehavior [ RunTime:0.000392s ]
INFO: [ view_filter ] --END-- [ RunTime:0.000494s ]
INFO: [ app_end ] --START--
INFO: Run Behavior\ShowPageTraceBehavior [ RunTime:0.000574s ]
INFO: [ app_end ] --END-- [ RunTime:0.000679s ]

[ 2015-12-18T17:41:18+08:00 ] ::1 /microweb/index.php/Admin/Reception/addColumn
INFO: [ app_init ] --START--
INFO: Run Behavior\BuildLiteBehavior [ RunTime:0.000033s ]
INFO: [ app_init ] --END-- [ RunTime:0.000990s ]
INFO: [ app_begin ] --START--
INFO: Run Behavior\ReadHtmlCacheBehavior [ RunTime:0.000674s ]
INFO: [ app_begin ] --END-- [ RunTime:0.000792s ]
NOTIC: [2048] Declaration of Admin\Controller\ReceptionController::theme() should be compatible with Think\Controller::theme($theme) D:\wamp\www\microweb\Application\Admin\Controller\ReceptionController.class.php 第 8 行.
SQL: SHOW COLUMNS FROM `node_info` [ RunTime:0.0037s ]
SQL: SHOW COLUMNS FROM `node_info` [ RunTime:0.0028s ]
SQL: SELECT * FROM `node_info` WHERE `status` = 0 AND `depth` = 1 ORDER BY sort  [ RunTime:0.0003s ]
SQL: SHOW COLUMNS FROM `node_info` [ RunTime:0.0027s ]
SQL: SELECT * FROM `node_info` WHERE `depth` > 1 AND LEFT(id,2) = '04' AND `status` = 0  [ RunTime:0.0003s ]
NOTIC: [2] call_user_func() expects parameter 1 to be a valid callback, no array or string given D:\wamp\www\microweb\ThinkPHP\Library\Think\Upload.class.php 第 170 行.
SQL: SHOW COLUMNS FROM `picture` [ RunTime:0.0041s ]
SQL: SELECT `id`,`used` FROM `picture` WHERE `md5` = '265bb5b3d1aa6fa493eac57cf6c82b6b'  [ RunTime:0.0003s ]
SQL: UPDATE `picture` SET `used`='2' WHERE `md5` = '265bb5b3d1aa6fa493eac57cf6c82b6b' [ RunTime:0.0009s ]
SQL: SHOW COLUMNS FROM `topic` [ RunTime:0.0031s ]
SQL: SELECT * FROM `topic` WHERE `icon` = 20 AND `name` = '公告'  [ RunTime:0.0003s ]
SQL: SELECT MAX(sort) AS tp_max FROM `topic` LIMIT 1   [ RunTime:0.0005s ]
SQL: INSERT INTO `topic` (`icon`,`name`,`url`,`update_time`,`sort`,`create_time`) VALUES ('20','公告','banner','1450431678','4','1450431678') [ RunTime:0.0016s ]

[ 2015-12-18T17:41:19+08:00 ] ::1 /microweb/index.php/Admin/Reception/column
INFO: [ app_init ] --START--
INFO: Run Behavior\BuildLiteBehavior [ RunTime:0.000028s ]
INFO: [ app_init ] --END-- [ RunTime:0.000681s ]
INFO: [ app_begin ] --START--
INFO: Run Behavior\ReadHtmlCacheBehavior [ RunTime:0.000800s ]
INFO: [ app_begin ] --END-- [ RunTime:0.000923s ]
NOTIC: [2048] Declaration of Admin\Controller\ReceptionController::theme() should be compatible with Think\Controller::theme($theme) D:\wamp\www\microweb\Application\Admin\Controller\ReceptionController.class.php 第 8 行.
SQL: SHOW COLUMNS FROM `node_info` [ RunTime:0.0030s ]
SQL: SHOW COLUMNS FROM `node_info` [ RunTime:0.0028s ]
SQL: SELECT * FROM `node_info` WHERE `status` = 0 AND `depth` = 1 ORDER BY sort  [ RunTime:0.0004s ]
SQL: SHOW COLUMNS FROM `node_info` [ RunTime:0.0036s ]
SQL: SELECT * FROM `node_info` WHERE `depth` > 1 AND LEFT(id,2) = '04' AND `status` = 0  [ RunTime:0.0004s ]
NOTIC: [8] Undefined index: nickname D:\wamp\www\microweb\Application\Admin\Controller\ReceptionController.class.php 第 51 行.
NOTIC: [8] Undefined index: nickname D:\wamp\www\microweb\Application\Admin\Controller\ReceptionController.class.php 第 51 行.
SQL: SHOW COLUMNS FROM `topic` [ RunTime:0.0032s ]
SQL: SELECT t.*,p.savename,p.savepath FROM topic t  left join picture as p on p.id=t.icon  WHERE ( t.status=0 and t.id like '%%' or t.status=0 and t.name like '%%' ) ORDER BY t.sort asc LIMIT 0,10   [ RunTime:0.0004s ]
SQL: SHOW COLUMNS FROM `topic` [ RunTime:0.0029s ]
SQL: SELECT COUNT(*) AS tp_count FROM `topic` WHERE ( status=0 ) LIMIT 1   [ RunTime:0.0002s ]
INFO: [ view_parse ] --START--
INFO: [ template_filter ] --START--
INFO: Run Behavior\ContentReplaceBehavior [ RunTime:0.000206s ]
INFO: [ template_filter ] --END-- [ RunTime:0.000323s ]
NOTIC: [8] Undefined index: uid D:\wamp\www\microweb\Application\Runtime\Cache\Admin\b6b141ee9760dca5d9460b940634fb08.php 第 145 行.
NOTIC: [8] Undefined index: uid D:\wamp\www\microweb\Application\Runtime\Cache\Admin\b6b141ee9760dca5d9460b940634fb08.php 第 145 行.
NOTIC: [8] Undefined index: uid D:\wamp\www\microweb\Application\Runtime\Cache\Admin\b6b141ee9760dca5d9460b940634fb08.php 第 145 行.
NOTIC: [8] Undefined index: uid D:\wamp\www\microweb\Application\Runtime\Cache\Admin\b6b141ee9760dca5d9460b940634fb08.php 第 145 行.
NOTIC: [8] Use of undefined constant ONETHINK_VERSION - assumed 'ONETHINK_VERSION' D:\wamp\www\microweb\Application\Runtime\Cache\Admin\b6b141ee9760dca5d9460b940634fb08.php 第 176 行.
INFO: Run Behavior\ParseTemplateBehavior [ RunTime:0.024128s ]
INFO: [ view_parse ] --END-- [ RunTime:0.024240s ]
INFO: [ view_filter ] --START--
INFO: Run Behavior\WriteHtmlCacheBehavior [ RunTime:0.000662s ]
INFO: [ view_filter ] --END-- [ RunTime:0.000784s ]
INFO: [ app_end ] --START--
INFO: Run Behavior\ShowPageTraceBehavior [ RunTime:0.000775s ]
INFO: [ app_end ] --END-- [ RunTime:0.000882s ]

[ 2015-12-18T17:41:23+08:00 ] ::1 /microweb/index.php/Admin/Reception/column
INFO: [ app_init ] --START--
INFO: Run Behavior\BuildLiteBehavior [ RunTime:0.000035s ]
INFO: [ app_init ] --END-- [ RunTime:0.000757s ]
INFO: [ app_begin ] --START--
INFO: Run Behavior\ReadHtmlCacheBehavior [ RunTime:0.000958s ]
INFO: [ app_begin ] --END-- [ RunTime:0.001120s ]
NOTIC: [2048] Declaration of Admin\Controller\ReceptionController::theme() should be compatible with Think\Controller::theme($theme) D:\wamp\www\microweb\Application\Admin\Controller\ReceptionController.class.php 第 8 行.
SQL: SHOW COLUMNS FROM `node_info` [ RunTime:0.0057s ]
SQL: SHOW COLUMNS FROM `node_info` [ RunTime:0.0026s ]
SQL: SELECT * FROM `node_info` WHERE `status` = 0 AND `depth` = 1 ORDER BY sort  [ RunTime:0.0003s ]
SQL: SHOW COLUMNS FROM `node_info` [ RunTime:0.0028s ]
SQL: SELECT * FROM `node_info` WHERE `depth` > 1 AND LEFT(id,2) = '04' AND `status` = 0  [ RunTime:0.0006s ]
NOTIC: [8] Undefined index: nickname D:\wamp\www\microweb\Application\Admin\Controller\ReceptionController.class.php 第 51 行.
NOTIC: [8] Undefined index: nickname D:\wamp\www\microweb\Application\Admin\Controller\ReceptionController.class.php 第 51 行.
SQL: SHOW COLUMNS FROM `topic` [ RunTime:0.0027s ]
SQL: SELECT t.*,p.savename,p.savepath FROM topic t  left join picture as p on p.id=t.icon  WHERE ( t.status=0 and t.id like '%%' or t.status=0 and t.name like '%%' ) ORDER BY t.sort asc LIMIT 0,10   [ RunTime:0.0004s ]
SQL: SHOW COLUMNS FROM `topic` [ RunTime:0.0030s ]
SQL: SELECT COUNT(*) AS tp_count FROM `topic` WHERE ( status=0 ) LIMIT 1   [ RunTime:0.0002s ]
INFO: [ view_parse ] --START--
INFO: [ template_filter ] --START--
INFO: Run Behavior\ContentReplaceBehavior [ RunTime:0.000203s ]
INFO: [ template_filter ] --END-- [ RunTime:0.000330s ]
NOTIC: [8] Undefined index: uid D:\wamp\www\microweb\Application\Runtime\Cache\Admin\b6b141ee9760dca5d9460b940634fb08.php 第 145 行.
NOTIC: [8] Undefined index: uid D:\wamp\www\microweb\Application\Runtime\Cache\Admin\b6b141ee9760dca5d9460b940634fb08.php 第 145 行.
NOTIC: [8] Undefined index: uid D:\wamp\www\microweb\Application\Runtime\Cache\Admin\b6b141ee9760dca5d9460b940634fb08.php 第 145 行.
NOTIC: [8] Undefined index: uid D:\wamp\www\microweb\Application\Runtime\Cache\Admin\b6b141ee9760dca5d9460b940634fb08.php 第 145 行.
NOTIC: [8] Use of undefined constant ONETHINK_VERSION - assumed 'ONETHINK_VERSION' D:\wamp\www\microweb\Application\Runtime\Cache\Admin\b6b141ee9760dca5d9460b940634fb08.php 第 176 行.
INFO: Run Behavior\ParseTemplateBehavior [ RunTime:0.024750s ]
INFO: [ view_parse ] --END-- [ RunTime:0.024874s ]
INFO: [ view_filter ] --START--
INFO: Run Behavior\WriteHtmlCacheBehavior [ RunTime:0.000587s ]
INFO: [ view_filter ] --END-- [ RunTime:0.000692s ]
INFO: [ app_end ] --START--
INFO: Run Behavior\ShowPageTraceBehavior [ RunTime:0.000714s ]
INFO: [ app_end ] --END-- [ RunTime:0.000827s ]

[ 2015-12-18T17:53:21+08:00 ] ::1 /microweb/index.php/Admin/Reception/column
INFO: [ app_init ] --START--
INFO: Run Behavior\BuildLiteBehavior [ RunTime:0.000055s ]
INFO: [ app_init ] --END-- [ RunTime:0.000769s ]
INFO: [ app_begin ] --START--
INFO: Run Behavior\ReadHtmlCacheBehavior [ RunTime:0.000819s ]
INFO: [ app_begin ] --END-- [ RunTime:0.000992s ]
NOTIC: [2048] Declaration of Admin\Controller\ReceptionController::theme() should be compatible with Think\Controller::theme($theme) D:\wamp\www\microweb\Application\Admin\Controller\ReceptionController.class.php 第 8 行.
SQL: SHOW COLUMNS FROM `node_info` [ RunTime:0.0067s ]
SQL: SHOW COLUMNS FROM `node_info` [ RunTime:0.0033s ]
SQL: SELECT * FROM `node_info` WHERE `status` = 0 AND `depth` = 1 ORDER BY sort  [ RunTime:0.0007s ]
SQL: SHOW COLUMNS FROM `node_info` [ RunTime:0.0028s ]
SQL: SELECT * FROM `node_info` WHERE `depth` > 1 AND LEFT(id,2) = '04' AND `status` = 0  [ RunTime:0.0003s ]
NOTIC: [8] Undefined index: nickname D:\wamp\www\microweb\Application\Admin\Controller\ReceptionController.class.php 第 51 行.
NOTIC: [8] Undefined index: nickname D:\wamp\www\microweb\Application\Admin\Controller\ReceptionController.class.php 第 51 行.
SQL: SHOW COLUMNS FROM `topic` [ RunTime:0.0031s ]
SQL: SELECT t.*,p.savename,p.savepath FROM topic t  left join picture as p on p.id=t.icon  WHERE ( t.status=0 and t.id like '%%' or t.status=0 and t.name like '%%' ) ORDER BY t.sort asc LIMIT 0,10   [ RunTime:0.0006s ]
SQL: SHOW COLUMNS FROM `topic` [ RunTime:0.0033s ]
SQL: SELECT COUNT(*) AS tp_count FROM `topic` WHERE ( status=0 ) LIMIT 1   [ RunTime:0.0002s ]
INFO: [ view_parse ] --START--
INFO: [ template_filter ] --START--
INFO: Run Behavior\ContentReplaceBehavior [ RunTime:0.000214s ]
INFO: [ template_filter ] --END-- [ RunTime:0.000338s ]
NOTIC: [8] Undefined index: uid D:\wamp\www\microweb\Application\Runtime\Cache\Admin\b6b141ee9760dca5d9460b940634fb08.php 第 145 行.
NOTIC: [8] Undefined index: uid D:\wamp\www\microweb\Application\Runtime\Cache\Admin\b6b141ee9760dca5d9460b940634fb08.php 第 145 行.
NOTIC: [8] Undefined index: uid D:\wamp\www\microweb\Application\Runtime\Cache\Admin\b6b141ee9760dca5d9460b940634fb08.php 第 145 行.
NOTIC: [8] Undefined index: uid D:\wamp\www\microweb\Application\Runtime\Cache\Admin\b6b141ee9760dca5d9460b940634fb08.php 第 145 行.
NOTIC: [8] Use of undefined constant ONETHINK_VERSION - assumed 'ONETHINK_VERSION' D:\wamp\www\microweb\Application\Runtime\Cache\Admin\b6b141ee9760dca5d9460b940634fb08.php 第 176 行.
INFO: Run Behavior\ParseTemplateBehavior [ RunTime:0.023471s ]
INFO: [ view_parse ] --END-- [ RunTime:0.023592s ]
INFO: [ view_filter ] --START--
INFO: Run Behavior\WriteHtmlCacheBehavior [ RunTime:0.000384s ]
INFO: [ view_filter ] --END-- [ RunTime:0.000488s ]
INFO: [ app_end ] --START--
INFO: Run Behavior\ShowPageTraceBehavior [ RunTime:0.000564s ]
INFO: [ app_end ] --END-- [ RunTime:0.000671s ]

