[ 2015-12-13T14:34:29+08:00 ] ::1 /microweb/index.php/admin
INFO: [ app_init ] --START--
INFO: Run Behavior\BuildLiteBehavior [ RunTime:0.000039s ]
INFO: [ app_init ] --END-- [ RunTime:0.000916s ]
INFO: [ app_begin ] --START--
INFO: Run Behavior\ReadHtmlCacheBehavior [ RunTime:0.000946s ]
INFO: [ app_begin ] --END-- [ RunTime:0.001091s ]

[ 2015-12-13T14:34:29+08:00 ] ::1 /microweb/index.php/Admin/Public/login
INFO: [ app_init ] --START--
INFO: Run Behavior\BuildLiteBehavior [ RunTime:0.000032s ]
INFO: [ app_init ] --END-- [ RunTime:0.000487s ]
INFO: [ app_begin ] --START--
INFO: Run Behavior\ReadHtmlCacheBehavior [ RunTime:0.000583s ]
INFO: [ app_begin ] --END-- [ RunTime:0.000712s ]
INFO: [ view_parse ] --START--
INFO: [ template_filter ] --START--
INFO: Run Behavior\ContentReplaceBehavior [ RunTime:0.000103s ]
INFO: [ template_filter ] --END-- [ RunTime:0.000252s ]
INFO: Run Behavior\ParseTemplateBehavior [ RunTime:0.008562s ]
INFO: [ view_parse ] --END-- [ RunTime:0.008707s ]
INFO: [ view_filter ] --START--
INFO: Run Behavior\WriteHtmlCacheBehavior [ RunTime:0.000635s ]
INFO: [ view_filter ] --END-- [ RunTime:0.000740s ]
INFO: [ app_end ] --START--
INFO: Run Behavior\ShowPageTraceBehavior [ RunTime:0.000800s ]
INFO: [ app_end ] --END-- [ RunTime:0.000947s ]

[ 2015-12-13T14:34:29+08:00 ] ::1 /microweb/index.php/Admin/Public/verify
INFO: [ app_init ] --START--
INFO: Run Behavior\BuildLiteBehavior [ RunTime:0.000034s ]
INFO: [ app_init ] --END-- [ RunTime:0.001057s ]
INFO: [ app_begin ] --START--
INFO: Run Behavior\ReadHtmlCacheBehavior [ RunTime:0.000884s ]
INFO: [ app_begin ] --END-- [ RunTime:0.001114s ]
INFO: [ app_end ] --START--
INFO: Run Behavior\ShowPageTraceBehavior [ RunTime:0.001375s ]
INFO: [ app_end ] --END-- [ RunTime:0.001613s ]

[ 2015-12-13T14:34:46+08:00 ] ::1 /microweb/index.php/Admin/Public/do_login
INFO: [ app_init ] --START--
INFO: Run Behavior\BuildLiteBehavior [ RunTime:0.000032s ]
INFO: [ app_init ] --END-- [ RunTime:0.000651s ]
INFO: [ app_begin ] --START--
INFO: Run Behavior\ReadHtmlCacheBehavior [ RunTime:0.000703s ]
INFO: [ app_begin ] --END-- [ RunTime:0.000828s ]
SQL: SHOW COLUMNS FROM `admin_info` [ RunTime:0.0217s ]
SQL: SELECT * FROM `admin_info` WHERE `account` = 'admin' LIMIT 1   [ RunTime:0.0004s ]
INFO: [ app_end ] --START--
INFO: Run Behavior\ShowPageTraceBehavior [ RunTime:0.000802s ]
INFO: [ app_end ] --END-- [ RunTime:0.000915s ]

[ 2015-12-13T14:34:46+08:00 ] ::1 /microweb/index.php/Admin/Index/index.html
INFO: [ app_init ] --START--
INFO: Run Behavior\BuildLiteBehavior [ RunTime:0.000033s ]
INFO: [ app_init ] --END-- [ RunTime:0.000629s ]
INFO: [ app_begin ] --START--
INFO: Run Behavior\ReadHtmlCacheBehavior [ RunTime:0.000713s ]
INFO: [ app_begin ] --END-- [ RunTime:0.000863s ]
SQL: SHOW COLUMNS FROM `node_info` [ RunTime:0.0057s ]
SQL: SHOW COLUMNS FROM `node_info` [ RunTime:0.0032s ]
SQL: SELECT * FROM `node_info` WHERE `status` = 0 AND `depth` = 1 ORDER BY sort  [ RunTime:0.0024s ]
SQL: SHOW COLUMNS FROM `node_info` [ RunTime:0.0029s ]
SQL: SELECT * FROM `node_info` WHERE `depth` > 1 AND LEFT(id,2) = '01' AND `status` = 0  [ RunTime:0.0019s ]
NOTIC: [8] Undefined variable: arr D:\wamp\www\microweb\Application\Admin\Controller\BaseController.class.php 第 64 行.
SQL: SHOW COLUMNS FROM `admin_info` [ RunTime:0.0031s ]
SQL: SELECT COUNT(*) AS tp_count FROM `admin_info` WHERE ( status=0 ) LIMIT 1   [ RunTime:0.0024s ]
SQL: SHOW COLUMNS FROM `user_info` [ RunTime:0.0030s ]
SQL: SELECT COUNT(*) AS tp_count FROM `user_info` WHERE ( status=0 ) LIMIT 1   [ RunTime:0.0003s ]
SQL: SHOW COLUMNS FROM `site_info` [ RunTime:0.0028s ]
SQL: SELECT COUNT(*) AS tp_count FROM `site_info` WHERE ( status=0 ) LIMIT 1   [ RunTime:0.0003s ]
SQL: SHOW COLUMNS FROM `article` [ RunTime:0.0058s ]
SQL: SELECT COUNT(*) AS tp_count FROM `article` WHERE ( status=0 ) LIMIT 1   [ RunTime:0.0003s ]
SQL: SHOW COLUMNS FROM `controller` [ RunTime:0.0030s ]
SQL: SELECT COUNT(*) AS tp_count FROM `controller` WHERE ( status=0 ) LIMIT 1   [ RunTime:0.0004s ]
INFO: [ view_parse ] --START--
INFO: [ template_filter ] --START--
INFO: Run Behavior\ContentReplaceBehavior [ RunTime:0.000239s ]
INFO: [ template_filter ] --END-- [ RunTime:0.000359s ]
NOTIC: [8] Use of undefined constant ONETHINK_VERSION - assumed 'ONETHINK_VERSION' D:\wamp\www\microweb\Application\Runtime\Cache\Admin\b595b808c2ebeeeb0478ffc30bb4e87a.php 第 234 行.
INFO: Run Behavior\ParseTemplateBehavior [ RunTime:0.020484s ]
INFO: [ view_parse ] --END-- [ RunTime:0.020612s ]
INFO: [ view_filter ] --START--
INFO: Run Behavior\WriteHtmlCacheBehavior [ RunTime:0.000478s ]
INFO: [ view_filter ] --END-- [ RunTime:0.000582s ]
INFO: [ app_end ] --START--
INFO: Run Behavior\ShowPageTraceBehavior [ RunTime:0.000606s ]
INFO: [ app_end ] --END-- [ RunTime:0.000711s ]

[ 2015-12-13T14:34:48+08:00 ] ::1 /microweb/index.php/Admin/Reception/index
INFO: [ app_init ] --START--
INFO: Run Behavior\BuildLiteBehavior [ RunTime:0.000034s ]
INFO: [ app_init ] --END-- [ RunTime:0.000655s ]
INFO: [ app_begin ] --START--
INFO: Run Behavior\ReadHtmlCacheBehavior [ RunTime:0.000803s ]
INFO: [ app_begin ] --END-- [ RunTime:0.001035s ]
NOTIC: [2048] Declaration of Admin\Controller\ReceptionController::theme() should be compatible with Think\Controller::theme($theme) D:\wamp\www\microweb\Application\Admin\Controller\ReceptionController.class.php 第 8 行.
SQL: SHOW COLUMNS FROM `node_info` [ RunTime:0.0034s ]
SQL: SHOW COLUMNS FROM `node_info` [ RunTime:0.0026s ]
SQL: SELECT * FROM `node_info` WHERE `status` = 0 AND `depth` = 1 ORDER BY sort  [ RunTime:0.0004s ]
SQL: SHOW COLUMNS FROM `node_info` [ RunTime:0.0026s ]
SQL: SELECT * FROM `node_info` WHERE `depth` > 1 AND LEFT(id,2) = '04' AND `status` = 0  [ RunTime:0.0003s ]
SQL: SHOW COLUMNS FROM `node_info` [ RunTime:0.0029s ]
SQL: SHOW COLUMNS FROM `background` [ RunTime:0.0028s ]
SQL: SELECT b.id,b.name,p.savename,p.savepath,p.update_time FROM background b left join picture p on b.pic_id=p.id WHERE ( b.status=0 )  [ RunTime:0.0004s ]
INFO: [ view_parse ] --START--
INFO: [ template_filter ] --START--
INFO: Run Behavior\ContentReplaceBehavior [ RunTime:0.000208s ]
INFO: [ template_filter ] --END-- [ RunTime:0.000324s ]
NOTIC: [8] Use of undefined constant ONETHINK_VERSION - assumed 'ONETHINK_VERSION' D:\wamp\www\microweb\Application\Runtime\Cache\Admin\2133f1cae3f1e0fab391da3306ad135d.php 第 129 行.
INFO: Run Behavior\ParseTemplateBehavior [ RunTime:0.020498s ]
INFO: [ view_parse ] --END-- [ RunTime:0.020624s ]
INFO: [ view_filter ] --START--
INFO: Run Behavior\WriteHtmlCacheBehavior [ RunTime:0.000483s ]
INFO: [ view_filter ] --END-- [ RunTime:0.000584s ]
INFO: [ app_end ] --START--
INFO: Run Behavior\ShowPageTraceBehavior [ RunTime:0.000601s ]
INFO: [ app_end ] --END-- [ RunTime:0.000703s ]

[ 2015-12-13T14:34:49+08:00 ] ::1 /microweb/index.php/Admin/Reception/widget
INFO: [ app_init ] --START--
INFO: Run Behavior\BuildLiteBehavior [ RunTime:0.000030s ]
INFO: [ app_init ] --END-- [ RunTime:0.000484s ]
INFO: [ app_begin ] --START--
INFO: Run Behavior\ReadHtmlCacheBehavior [ RunTime:0.000673s ]
INFO: [ app_begin ] --END-- [ RunTime:0.000798s ]
NOTIC: [2048] Declaration of Admin\Controller\ReceptionController::theme() should be compatible with Think\Controller::theme($theme) D:\wamp\www\microweb\Application\Admin\Controller\ReceptionController.class.php 第 8 行.
SQL: SHOW COLUMNS FROM `node_info` [ RunTime:0.0058s ]
SQL: SHOW COLUMNS FROM `node_info` [ RunTime:0.0038s ]
SQL: SELECT * FROM `node_info` WHERE `status` = 0 AND `depth` = 1 ORDER BY sort  [ RunTime:0.0004s ]
SQL: SHOW COLUMNS FROM `node_info` [ RunTime:0.0028s ]
SQL: SELECT * FROM `node_info` WHERE `depth` > 1 AND LEFT(id,2) = '04' AND `status` = 0  [ RunTime:0.0003s ]
SQL: SHOW COLUMNS FROM `controller` [ RunTime:0.0029s ]
NOTIC: [8] Undefined index: nickname D:\wamp\www\microweb\Application\Admin\Controller\ReceptionController.class.php 第 211 行.
NOTIC: [8] Undefined index: nickname D:\wamp\www\microweb\Application\Admin\Controller\ReceptionController.class.php 第 211 行.
SQL: SELECT * FROM `controller` WHERE ( status=0 and id like '%%' or status=0 and name like '%%' ) ORDER BY sort asc LIMIT 0,10   [ RunTime:0.0014s ]
SQL: SELECT COUNT(*) AS tp_count FROM `controller` WHERE ( status=0 ) LIMIT 1   [ RunTime:0.0002s ]
INFO: [ view_parse ] --START--
INFO: [ template_filter ] --START--
INFO: Run Behavior\ContentReplaceBehavior [ RunTime:0.000234s ]
INFO: [ template_filter ] --END-- [ RunTime:0.000355s ]
NOTIC: [8] Undefined index: uid D:\wamp\www\microweb\Application\Runtime\Cache\Admin\b4591528eeed5d85edf516be29d5135d.php 第 134 行.
NOTIC: [8] Undefined index: uid D:\wamp\www\microweb\Application\Runtime\Cache\Admin\b4591528eeed5d85edf516be29d5135d.php 第 134 行.
NOTIC: [8] Undefined index: uid D:\wamp\www\microweb\Application\Runtime\Cache\Admin\b4591528eeed5d85edf516be29d5135d.php 第 134 行.
NOTIC: [8] Undefined index: uid D:\wamp\www\microweb\Application\Runtime\Cache\Admin\b4591528eeed5d85edf516be29d5135d.php 第 134 行.
NOTIC: [8] Undefined index: uid D:\wamp\www\microweb\Application\Runtime\Cache\Admin\b4591528eeed5d85edf516be29d5135d.php 第 134 行.
NOTIC: [8] Undefined index: uid D:\wamp\www\microweb\Application\Runtime\Cache\Admin\b4591528eeed5d85edf516be29d5135d.php 第 134 行.
NOTIC: [8] Undefined index: uid D:\wamp\www\microweb\Application\Runtime\Cache\Admin\b4591528eeed5d85edf516be29d5135d.php 第 134 行.
NOTIC: [8] Undefined index: uid D:\wamp\www\microweb\Application\Runtime\Cache\Admin\b4591528eeed5d85edf516be29d5135d.php 第 134 行.
NOTIC: [8] Use of undefined constant ONETHINK_VERSION - assumed 'ONETHINK_VERSION' D:\wamp\www\microweb\Application\Runtime\Cache\Admin\b4591528eeed5d85edf516be29d5135d.php 第 167 行.
INFO: Run Behavior\ParseTemplateBehavior [ RunTime:0.028213s ]
INFO: [ view_parse ] --END-- [ RunTime:0.028438s ]
INFO: [ view_filter ] --START--
INFO: Run Behavior\WriteHtmlCacheBehavior [ RunTime:0.000573s ]
INFO: [ view_filter ] --END-- [ RunTime:0.000704s ]
INFO: [ app_end ] --START--
INFO: Run Behavior\ShowPageTraceBehavior [ RunTime:0.000971s ]
INFO: [ app_end ] --END-- [ RunTime:0.001132s ]

[ 2015-12-13T14:34:51+08:00 ] ::1 /microweb/index.php/Admin/Reception/addController/seat/17
INFO: [ app_init ] --START--
INFO: Run Behavior\BuildLiteBehavior [ RunTime:0.000034s ]
INFO: [ app_init ] --END-- [ RunTime:0.000612s ]
INFO: [ app_begin ] --START--
INFO: Run Behavior\ReadHtmlCacheBehavior [ RunTime:0.000802s ]
INFO: [ app_begin ] --END-- [ RunTime:0.000961s ]
NOTIC: [2048] Declaration of Admin\Controller\ReceptionController::theme() should be compatible with Think\Controller::theme($theme) D:\wamp\www\microweb\Application\Admin\Controller\ReceptionController.class.php 第 8 行.
SQL: SHOW COLUMNS FROM `node_info` [ RunTime:0.0036s ]
SQL: SHOW COLUMNS FROM `node_info` [ RunTime:0.0031s ]
SQL: SELECT * FROM `node_info` WHERE `status` = 0 AND `depth` = 1 ORDER BY sort  [ RunTime:0.0004s ]
SQL: SHOW COLUMNS FROM `node_info` [ RunTime:0.0031s ]
SQL: SELECT * FROM `node_info` WHERE `depth` > 1 AND LEFT(id,2) = '04' AND `status` = 0  [ RunTime:0.0004s ]
SQL: SHOW COLUMNS FROM `controller` [ RunTime:0.0032s ]
SQL: SELECT `id`,`name`,`intro`,`url`,`icon` FROM `controller` WHERE ( id=17 ) LIMIT 1   [ RunTime:0.0006s ]
SQL: SHOW COLUMNS FROM `theme` [ RunTime:0.0037s ]
SQL: SELECT theme.id,picture.savename,picture.savepath FROM `theme` INNER JOIN picture ON theme.pic_id = picture.id  WHERE ( theme.status=0 and theme.controller_id=17 ) ORDER BY theme.update_time desc  [ RunTime:0.0006s ]
INFO: [ view_parse ] --START--
INFO: [ template_filter ] --START--
INFO: Run Behavior\ContentReplaceBehavior [ RunTime:0.000312s ]
INFO: [ template_filter ] --END-- [ RunTime:0.000450s ]
NOTIC: [8] Undefined variable: meta_title D:\wamp\www\microweb\Application\Runtime\Cache\Admin\8cc188f425be83c014b4bcd4e3954ea0.php 第 5 行.
NOTIC: [8] Undefined variable: er D:\wamp\www\microweb\Application\Runtime\Cache\Admin\8cc188f425be83c014b4bcd4e3954ea0.php 第 148 行.
NOTIC: [8] Use of undefined constant ONETHINK_VERSION - assumed 'ONETHINK_VERSION' D:\wamp\www\microweb\Application\Runtime\Cache\Admin\8cc188f425be83c014b4bcd4e3954ea0.php 第 210 行.
INFO: Run Behavior\ParseTemplateBehavior [ RunTime:0.027055s ]
INFO: [ view_parse ] --END-- [ RunTime:0.027182s ]
INFO: [ view_filter ] --START--
INFO: Run Behavior\WriteHtmlCacheBehavior [ RunTime:0.000581s ]
INFO: [ view_filter ] --END-- [ RunTime:0.000691s ]
INFO: [ app_end ] --START--
INFO: Run Behavior\ShowPageTraceBehavior [ RunTime:0.000656s ]
INFO: [ app_end ] --END-- [ RunTime:0.000763s ]

[ 2015-12-13T14:34:53+08:00 ] ::1 /microweb/index.php/Admin/Reception/widget
INFO: [ app_init ] --START--
INFO: Run Behavior\BuildLiteBehavior [ RunTime:0.000036s ]
INFO: [ app_init ] --END-- [ RunTime:0.001052s ]
INFO: [ app_begin ] --START--
INFO: Run Behavior\ReadHtmlCacheBehavior [ RunTime:0.000640s ]
INFO: [ app_begin ] --END-- [ RunTime:0.000782s ]
NOTIC: [2048] Declaration of Admin\Controller\ReceptionController::theme() should be compatible with Think\Controller::theme($theme) D:\wamp\www\microweb\Application\Admin\Controller\ReceptionController.class.php 第 8 行.
SQL: SHOW COLUMNS FROM `node_info` [ RunTime:0.0043s ]
SQL: SHOW COLUMNS FROM `node_info` [ RunTime:0.0037s ]
SQL: SELECT * FROM `node_info` WHERE `status` = 0 AND `depth` = 1 ORDER BY sort  [ RunTime:0.0004s ]
SQL: SHOW COLUMNS FROM `node_info` [ RunTime:0.0027s ]
SQL: SELECT * FROM `node_info` WHERE `depth` > 1 AND LEFT(id,2) = '04' AND `status` = 0  [ RunTime:0.0003s ]
SQL: SHOW COLUMNS FROM `controller` [ RunTime:0.0027s ]
NOTIC: [8] Undefined index: nickname D:\wamp\www\microweb\Application\Admin\Controller\ReceptionController.class.php 第 211 行.
NOTIC: [8] Undefined index: nickname D:\wamp\www\microweb\Application\Admin\Controller\ReceptionController.class.php 第 211 行.
SQL: SELECT * FROM `controller` WHERE ( status=0 and id like '%%' or status=0 and name like '%%' ) ORDER BY sort asc LIMIT 0,10   [ RunTime:0.0004s ]
SQL: SELECT COUNT(*) AS tp_count FROM `controller` WHERE ( status=0 ) LIMIT 1   [ RunTime:0.0002s ]
INFO: [ view_parse ] --START--
INFO: [ template_filter ] --START--
INFO: Run Behavior\ContentReplaceBehavior [ RunTime:0.000207s ]
INFO: [ template_filter ] --END-- [ RunTime:0.000323s ]
NOTIC: [8] Undefined index: uid D:\wamp\www\microweb\Application\Runtime\Cache\Admin\b4591528eeed5d85edf516be29d5135d.php 第 134 行.
NOTIC: [8] Undefined index: uid D:\wamp\www\microweb\Application\Runtime\Cache\Admin\b4591528eeed5d85edf516be29d5135d.php 第 134 行.
NOTIC: [8] Undefined index: uid D:\wamp\www\microweb\Application\Runtime\Cache\Admin\b4591528eeed5d85edf516be29d5135d.php 第 134 行.
NOTIC: [8] Undefined index: uid D:\wamp\www\microweb\Application\Runtime\Cache\Admin\b4591528eeed5d85edf516be29d5135d.php 第 134 行.
NOTIC: [8] Undefined index: uid D:\wamp\www\microweb\Application\Runtime\Cache\Admin\b4591528eeed5d85edf516be29d5135d.php 第 134 行.
NOTIC: [8] Undefined index: uid D:\wamp\www\microweb\Application\Runtime\Cache\Admin\b4591528eeed5d85edf516be29d5135d.php 第 134 行.
NOTIC: [8] Undefined index: uid D:\wamp\www\microweb\Application\Runtime\Cache\Admin\b4591528eeed5d85edf516be29d5135d.php 第 134 行.
NOTIC: [8] Undefined index: uid D:\wamp\www\microweb\Application\Runtime\Cache\Admin\b4591528eeed5d85edf516be29d5135d.php 第 134 行.
NOTIC: [8] Use of undefined constant ONETHINK_VERSION - assumed 'ONETHINK_VERSION' D:\wamp\www\microweb\Application\Runtime\Cache\Admin\b4591528eeed5d85edf516be29d5135d.php 第 167 行.
INFO: Run Behavior\ParseTemplateBehavior [ RunTime:0.025509s ]
INFO: [ view_parse ] --END-- [ RunTime:0.025628s ]
INFO: [ view_filter ] --START--
INFO: Run Behavior\WriteHtmlCacheBehavior [ RunTime:0.000404s ]
INFO: [ view_filter ] --END-- [ RunTime:0.000511s ]
INFO: [ app_end ] --START--
INFO: Run Behavior\ShowPageTraceBehavior [ RunTime:0.000544s ]
INFO: [ app_end ] --END-- [ RunTime:0.000651s ]

[ 2015-12-13T14:34:54+08:00 ] ::1 /microweb/index.php/Admin/Reception/addController
INFO: [ app_init ] --START--
INFO: Run Behavior\BuildLiteBehavior [ RunTime:0.000035s ]
INFO: [ app_init ] --END-- [ RunTime:0.000717s ]
INFO: [ app_begin ] --START--
INFO: Run Behavior\ReadHtmlCacheBehavior [ RunTime:0.000758s ]
INFO: [ app_begin ] --END-- [ RunTime:0.000902s ]
NOTIC: [2048] Declaration of Admin\Controller\ReceptionController::theme() should be compatible with Think\Controller::theme($theme) D:\wamp\www\microweb\Application\Admin\Controller\ReceptionController.class.php 第 8 行.
SQL: SHOW COLUMNS FROM `node_info` [ RunTime:0.0046s ]
SQL: SHOW COLUMNS FROM `node_info` [ RunTime:0.0028s ]
SQL: SELECT * FROM `node_info` WHERE `status` = 0 AND `depth` = 1 ORDER BY sort  [ RunTime:0.0004s ]
SQL: SHOW COLUMNS FROM `node_info` [ RunTime:0.0030s ]
SQL: SELECT * FROM `node_info` WHERE `depth` > 1 AND LEFT(id,2) = '04' AND `status` = 0  [ RunTime:0.0003s ]
INFO: [ view_parse ] --START--
INFO: [ template_filter ] --START--
INFO: Run Behavior\ContentReplaceBehavior [ RunTime:0.000276s ]
INFO: [ template_filter ] --END-- [ RunTime:0.000392s ]
NOTIC: [8] Undefined variable: meta_title D:\wamp\www\microweb\Application\Runtime\Cache\Admin\8cc188f425be83c014b4bcd4e3954ea0.php 第 5 行.
NOTIC: [8] Undefined variable: list D:\wamp\www\microweb\Application\Runtime\Cache\Admin\8cc188f425be83c014b4bcd4e3954ea0.php 第 147 行.
NOTIC: [8] Undefined variable: er D:\wamp\www\microweb\Application\Runtime\Cache\Admin\8cc188f425be83c014b4bcd4e3954ea0.php 第 148 行.
NOTIC: [8] Undefined variable: list D:\wamp\www\microweb\Application\Runtime\Cache\Admin\8cc188f425be83c014b4bcd4e3954ea0.php 第 155 行.
NOTIC: [8] Undefined variable: list D:\wamp\www\microweb\Application\Runtime\Cache\Admin\8cc188f425be83c014b4bcd4e3954ea0.php 第 158 行.
NOTIC: [8] Undefined variable: list D:\wamp\www\microweb\Application\Runtime\Cache\Admin\8cc188f425be83c014b4bcd4e3954ea0.php 第 164 行.
NOTIC: [8] Undefined variable: list D:\wamp\www\microweb\Application\Runtime\Cache\Admin\8cc188f425be83c014b4bcd4e3954ea0.php 第 170 行.
NOTIC: [8] Undefined variable: list D:\wamp\www\microweb\Application\Runtime\Cache\Admin\8cc188f425be83c014b4bcd4e3954ea0.php 第 180 行.
NOTIC: [8] Undefined variable: effect_img D:\wamp\www\microweb\Application\Runtime\Cache\Admin\8cc188f425be83c014b4bcd4e3954ea0.php 第 193 行.
NOTIC: [8] Use of undefined constant ONETHINK_VERSION - assumed 'ONETHINK_VERSION' D:\wamp\www\microweb\Application\Runtime\Cache\Admin\8cc188f425be83c014b4bcd4e3954ea0.php 第 210 行.
INFO: Run Behavior\ParseTemplateBehavior [ RunTime:0.022441s ]
INFO: [ view_parse ] --END-- [ RunTime:0.022561s ]
INFO: [ view_filter ] --START--
INFO: Run Behavior\WriteHtmlCacheBehavior [ RunTime:0.000519s ]
INFO: [ view_filter ] --END-- [ RunTime:0.000623s ]
INFO: [ app_end ] --START--
INFO: Run Behavior\ShowPageTraceBehavior [ RunTime:0.000652s ]
INFO: [ app_end ] --END-- [ RunTime:0.000760s ]

[ 2015-12-13T14:34:55+08:00 ] ::1 /microweb/index.php/Admin/Reception/widget
INFO: [ app_init ] --START--
INFO: Run Behavior\BuildLiteBehavior [ RunTime:0.000034s ]
INFO: [ app_init ] --END-- [ RunTime:0.000665s ]
INFO: [ app_begin ] --START--
INFO: Run Behavior\ReadHtmlCacheBehavior [ RunTime:0.000729s ]
INFO: [ app_begin ] --END-- [ RunTime:0.000871s ]
NOTIC: [2048] Declaration of Admin\Controller\ReceptionController::theme() should be compatible with Think\Controller::theme($theme) D:\wamp\www\microweb\Application\Admin\Controller\ReceptionController.class.php 第 8 行.
SQL: SHOW COLUMNS FROM `node_info` [ RunTime:0.0031s ]
SQL: SHOW COLUMNS FROM `node_info` [ RunTime:0.0034s ]
SQL: SELECT * FROM `node_info` WHERE `status` = 0 AND `depth` = 1 ORDER BY sort  [ RunTime:0.0004s ]
SQL: SHOW COLUMNS FROM `node_info` [ RunTime:0.0034s ]
SQL: SELECT * FROM `node_info` WHERE `depth` > 1 AND LEFT(id,2) = '04' AND `status` = 0  [ RunTime:0.0004s ]
SQL: SHOW COLUMNS FROM `controller` [ RunTime:0.0030s ]
NOTIC: [8] Undefined index: nickname D:\wamp\www\microweb\Application\Admin\Controller\ReceptionController.class.php 第 211 行.
NOTIC: [8] Undefined index: nickname D:\wamp\www\microweb\Application\Admin\Controller\ReceptionController.class.php 第 211 行.
SQL: SELECT * FROM `controller` WHERE ( status=0 and id like '%%' or status=0 and name like '%%' ) ORDER BY sort asc LIMIT 0,10   [ RunTime:0.0005s ]
SQL: SELECT COUNT(*) AS tp_count FROM `controller` WHERE ( status=0 ) LIMIT 1   [ RunTime:0.0002s ]
INFO: [ view_parse ] --START--
INFO: [ template_filter ] --START--
INFO: Run Behavior\ContentReplaceBehavior [ RunTime:0.000212s ]
INFO: [ template_filter ] --END-- [ RunTime:0.000330s ]
NOTIC: [8] Undefined index: uid D:\wamp\www\microweb\Application\Runtime\Cache\Admin\b4591528eeed5d85edf516be29d5135d.php 第 134 行.
NOTIC: [8] Undefined index: uid D:\wamp\www\microweb\Application\Runtime\Cache\Admin\b4591528eeed5d85edf516be29d5135d.php 第 134 行.
NOTIC: [8] Undefined index: uid D:\wamp\www\microweb\Application\Runtime\Cache\Admin\b4591528eeed5d85edf516be29d5135d.php 第 134 行.
NOTIC: [8] Undefined index: uid D:\wamp\www\microweb\Application\Runtime\Cache\Admin\b4591528eeed5d85edf516be29d5135d.php 第 134 行.
NOTIC: [8] Undefined index: uid D:\wamp\www\microweb\Application\Runtime\Cache\Admin\b4591528eeed5d85edf516be29d5135d.php 第 134 行.
NOTIC: [8] Undefined index: uid D:\wamp\www\microweb\Application\Runtime\Cache\Admin\b4591528eeed5d85edf516be29d5135d.php 第 134 行.
NOTIC: [8] Undefined index: uid D:\wamp\www\microweb\Application\Runtime\Cache\Admin\b4591528eeed5d85edf516be29d5135d.php 第 134 行.
NOTIC: [8] Undefined index: uid D:\wamp\www\microweb\Application\Runtime\Cache\Admin\b4591528eeed5d85edf516be29d5135d.php 第 134 行.
NOTIC: [8] Use of undefined constant ONETHINK_VERSION - assumed 'ONETHINK_VERSION' D:\wamp\www\microweb\Application\Runtime\Cache\Admin\b4591528eeed5d85edf516be29d5135d.php 第 167 行.
INFO: Run Behavior\ParseTemplateBehavior [ RunTime:0.026274s ]
INFO: [ view_parse ] --END-- [ RunTime:0.026400s ]
INFO: [ view_filter ] --START--
INFO: Run Behavior\WriteHtmlCacheBehavior [ RunTime:0.000426s ]
INFO: [ view_filter ] --END-- [ RunTime:0.000530s ]
INFO: [ app_end ] --START--
INFO: Run Behavior\ShowPageTraceBehavior [ RunTime:0.000563s ]
INFO: [ app_end ] --END-- [ RunTime:0.000665s ]

[ 2015-12-13T14:34:57+08:00 ] ::1 /microweb/index.php/Admin/Reception/addController/seat/15
INFO: [ app_init ] --START--
INFO: Run Behavior\BuildLiteBehavior [ RunTime:0.000034s ]
INFO: [ app_init ] --END-- [ RunTime:0.000646s ]
INFO: [ app_begin ] --START--
INFO: Run Behavior\ReadHtmlCacheBehavior [ RunTime:0.000790s ]
INFO: [ app_begin ] --END-- [ RunTime:0.000982s ]
NOTIC: [2048] Declaration of Admin\Controller\ReceptionController::theme() should be compatible with Think\Controller::theme($theme) D:\wamp\www\microweb\Application\Admin\Controller\ReceptionController.class.php 第 8 行.
SQL: SHOW COLUMNS FROM `node_info` [ RunTime:0.0031s ]
SQL: SHOW COLUMNS FROM `node_info` [ RunTime:0.0035s ]
SQL: SELECT * FROM `node_info` WHERE `status` = 0 AND `depth` = 1 ORDER BY sort  [ RunTime:0.0004s ]
SQL: SHOW COLUMNS FROM `node_info` [ RunTime:0.0030s ]
SQL: SELECT * FROM `node_info` WHERE `depth` > 1 AND LEFT(id,2) = '04' AND `status` = 0  [ RunTime:0.0004s ]
SQL: SHOW COLUMNS FROM `controller` [ RunTime:0.0031s ]
SQL: SELECT `id`,`name`,`intro`,`url`,`icon` FROM `controller` WHERE ( id=15 ) LIMIT 1   [ RunTime:0.0003s ]
SQL: SHOW COLUMNS FROM `theme` [ RunTime:0.0030s ]
SQL: SELECT theme.id,picture.savename,picture.savepath FROM `theme` INNER JOIN picture ON theme.pic_id = picture.id  WHERE ( theme.status=0 and theme.controller_id=15 ) ORDER BY theme.update_time desc  [ RunTime:0.0003s ]
INFO: [ view_parse ] --START--
INFO: [ template_filter ] --START--
INFO: Run Behavior\ContentReplaceBehavior [ RunTime:0.000262s ]
INFO: [ template_filter ] --END-- [ RunTime:0.000391s ]
NOTIC: [8] Undefined variable: meta_title D:\wamp\www\microweb\Application\Runtime\Cache\Admin\8cc188f425be83c014b4bcd4e3954ea0.php 第 5 行.
NOTIC: [8] Undefined variable: er D:\wamp\www\microweb\Application\Runtime\Cache\Admin\8cc188f425be83c014b4bcd4e3954ea0.php 第 148 行.
NOTIC: [8] Use of undefined constant ONETHINK_VERSION - assumed 'ONETHINK_VERSION' D:\wamp\www\microweb\Application\Runtime\Cache\Admin\8cc188f425be83c014b4bcd4e3954ea0.php 第 210 行.
INFO: Run Behavior\ParseTemplateBehavior [ RunTime:0.021309s ]
INFO: [ view_parse ] --END-- [ RunTime:0.021442s ]
INFO: [ view_filter ] --START--
INFO: Run Behavior\WriteHtmlCacheBehavior [ RunTime:0.000440s ]
INFO: [ view_filter ] --END-- [ RunTime:0.000544s ]
INFO: [ app_end ] --START--
INFO: Run Behavior\ShowPageTraceBehavior [ RunTime:0.000661s ]
INFO: [ app_end ] --END-- [ RunTime:0.000766s ]

[ 2015-12-13T14:35:02+08:00 ] ::1 /microweb/index.php/Admin/Reception/widget
INFO: [ app_init ] --START--
INFO: Run Behavior\BuildLiteBehavior [ RunTime:0.000036s ]
INFO: [ app_init ] --END-- [ RunTime:0.000675s ]
INFO: [ app_begin ] --START--
INFO: Run Behavior\ReadHtmlCacheBehavior [ RunTime:0.000689s ]
INFO: [ app_begin ] --END-- [ RunTime:0.000827s ]
NOTIC: [2048] Declaration of Admin\Controller\ReceptionController::theme() should be compatible with Think\Controller::theme($theme) D:\wamp\www\microweb\Application\Admin\Controller\ReceptionController.class.php 第 8 行.
SQL: SHOW COLUMNS FROM `node_info` [ RunTime:0.0059s ]
SQL: SHOW COLUMNS FROM `node_info` [ RunTime:0.0034s ]
SQL: SELECT * FROM `node_info` WHERE `status` = 0 AND `depth` = 1 ORDER BY sort  [ RunTime:0.0004s ]
SQL: SHOW COLUMNS FROM `node_info` [ RunTime:0.0027s ]
SQL: SELECT * FROM `node_info` WHERE `depth` > 1 AND LEFT(id,2) = '04' AND `status` = 0  [ RunTime:0.0004s ]
SQL: SHOW COLUMNS FROM `controller` [ RunTime:0.0029s ]
NOTIC: [8] Undefined index: nickname D:\wamp\www\microweb\Application\Admin\Controller\ReceptionController.class.php 第 211 行.
NOTIC: [8] Undefined index: nickname D:\wamp\www\microweb\Application\Admin\Controller\ReceptionController.class.php 第 211 行.
SQL: SELECT * FROM `controller` WHERE ( status=0 and id like '%%' or status=0 and name like '%%' ) ORDER BY sort asc LIMIT 0,10   [ RunTime:0.0004s ]
SQL: SELECT COUNT(*) AS tp_count FROM `controller` WHERE ( status=0 ) LIMIT 1   [ RunTime:0.0002s ]
INFO: [ view_parse ] --START--
INFO: [ template_filter ] --START--
INFO: Run Behavior\ContentReplaceBehavior [ RunTime:0.000229s ]
INFO: [ template_filter ] --END-- [ RunTime:0.000366s ]
NOTIC: [8] Undefined index: uid D:\wamp\www\microweb\Application\Runtime\Cache\Admin\b4591528eeed5d85edf516be29d5135d.php 第 134 行.
NOTIC: [8] Undefined index: uid D:\wamp\www\microweb\Application\Runtime\Cache\Admin\b4591528eeed5d85edf516be29d5135d.php 第 134 行.
NOTIC: [8] Undefined index: uid D:\wamp\www\microweb\Application\Runtime\Cache\Admin\b4591528eeed5d85edf516be29d5135d.php 第 134 行.
NOTIC: [8] Undefined index: uid D:\wamp\www\microweb\Application\Runtime\Cache\Admin\b4591528eeed5d85edf516be29d5135d.php 第 134 行.
NOTIC: [8] Undefined index: uid D:\wamp\www\microweb\Application\Runtime\Cache\Admin\b4591528eeed5d85edf516be29d5135d.php 第 134 行.
NOTIC: [8] Undefined index: uid D:\wamp\www\microweb\Application\Runtime\Cache\Admin\b4591528eeed5d85edf516be29d5135d.php 第 134 行.
NOTIC: [8] Undefined index: uid D:\wamp\www\microweb\Application\Runtime\Cache\Admin\b4591528eeed5d85edf516be29d5135d.php 第 134 行.
NOTIC: [8] Undefined index: uid D:\wamp\www\microweb\Application\Runtime\Cache\Admin\b4591528eeed5d85edf516be29d5135d.php 第 134 行.
NOTIC: [8] Use of undefined constant ONETHINK_VERSION - assumed 'ONETHINK_VERSION' D:\wamp\www\microweb\Application\Runtime\Cache\Admin\b4591528eeed5d85edf516be29d5135d.php 第 167 行.
INFO: Run Behavior\ParseTemplateBehavior [ RunTime:0.028184s ]
INFO: [ view_parse ] --END-- [ RunTime:0.028307s ]
INFO: [ view_filter ] --START--
INFO: Run Behavior\WriteHtmlCacheBehavior [ RunTime:0.000493s ]
INFO: [ view_filter ] --END-- [ RunTime:0.000598s ]
INFO: [ app_end ] --START--
INFO: Run Behavior\ShowPageTraceBehavior [ RunTime:0.000611s ]
INFO: [ app_end ] --END-- [ RunTime:0.000714s ]

